<?xml version="1.0" encoding="UTF-8"?>
<robot generator="Robot 7.3.2 (Python 3.14.0 on win32)" generated="2026-05-09T09:39:50.769619" rpa="false" schemaversion="5">
<suite id="s1" name="Tests" source="E:\n8nRobot\QNU_Automation_Project\Tests">
<suite id="s1-s1" name="Faculty Schedule Tests" source="E:\n8nRobot\QNU_Automation_Project\Tests\Faculty_Schedule_Tests.robot">
<test id="s1-s1-t1" name="TC-015: Verify Faculty Schedule Search By Accurate Lecturer ID" line="9">
<kw name="Run Keywords" owner="BuiltIn" type="SETUP">
<kw name="Mo Trinh Duyet QNU" owner="Common">
<kw name="Open Browser" owner="SeleniumLibrary">
<msg time="2026-05-09T09:39:51.185885" level="INFO">Opening browser 'chrome' to base url 'https://daotao.qnu.edu.vn'.</msg>
<arg>${URL_QNU}</arg>
<arg>${BROWSER}</arg>
<doc>Opens a new browser instance to the optional ``url``.</doc>
<status status="PASS" start="2026-05-09T09:39:51.185663" elapsed="2.467756"/>
</kw>
<kw name="Maximize Browser Window" owner="SeleniumLibrary">
<doc>Maximizes current browser window.</doc>
<status status="PASS" start="2026-05-09T09:39:53.653692" elapsed="0.150657"/>
</kw>
<kw name="Set Screenshot Directory" owner="SeleniumLibrary">
<arg>Results/screenshots</arg>
<doc>Sets the directory for captured screenshots.</doc>
<status status="PASS" start="2026-05-09T09:39:53.804757" elapsed="0.000627"/>
</kw>
<status status="PASS" start="2026-05-09T09:39:51.185409" elapsed="2.620124"/>
</kw>
<kw name="Navigate To Faculty Schedule Page" owner="Navigate">
<kw name="Wait Until Element Is Visible" owner="SeleniumLibrary">
<arg>${BTN_SCHEDULE}</arg>
<arg>15s</arg>
<doc>Waits until the element ``locator`` is visible.</doc>
<status status="PASS" start="2026-05-09T09:39:53.808282" elapsed="0.074995"/>
</kw>
<kw name="Click Element" owner="SeleniumLibrary">
<msg time="2026-05-09T09:39:53.885845" level="INFO">Clicking element 'xpath://a[contains(text(),'THỜI KHÓA BIỂU GIẢNG VIÊN')]'.</msg>
<arg>${BTN_SCHEDULE}</arg>
<doc>Click the element identified by ``locator``.</doc>
<status status="PASS" start="2026-05-09T09:39:53.885167" elapsed="0.195833"/>
</kw>
<kw name="Wait Until Element Is Visible" owner="SeleniumLibrary">
<arg>${HEADER_SCHEDULE}</arg>
<arg>15s</arg>
<doc>Waits until the element ``locator`` is visible.</doc>
<status status="PASS" start="2026-05-09T09:39:54.081307" elapsed="0.253124"/>
</kw>
<kw name="Get Location" owner="SeleniumLibrary">
<msg time="2026-05-09T09:39:54.360891" level="INFO">${current_url} = https://daotao.qnu.edu.vn/ThoiKhoaBieuGiangVien</msg>
<var>${current_url}</var>
<doc>Returns the current browser window URL.</doc>
<status status="PASS" start="2026-05-09T09:39:54.335795" elapsed="0.025201"/>
</kw>
<kw name="Should Contain" owner="BuiltIn">
<arg>${current_url}</arg>
<arg>${URL_SCHEDULE}</arg>
<doc>Fails if ``container`` does not contain ``item`` one or more times.</doc>
<status status="PASS" start="2026-05-09T09:39:54.361333" elapsed="0.000533"/>
</kw>
<doc>Điều hướng và xác nhận đã vào đúng trang Thời khóa biểu giảng viên</doc>
<status status="PASS" start="2026-05-09T09:39:53.805925" elapsed="0.556192"/>
</kw>
<arg>Mo Trinh Duyet QNU</arg>
<arg>AND</arg>
<arg>Navigate To Faculty Schedule Page</arg>
<doc>Executes all the given keywords in a sequence.</doc>
<status status="PASS" start="2026-05-09T09:39:51.185128" elapsed="3.177156"/>
</kw>
<kw name="Search Faculty Schedule" owner="FacultySchedulePage">
<kw name="Select Mui Dropdown Item" owner="FacultySchedulePage">
<kw name="Wait Until Element Is Visible" owner="SeleniumLibrary">
<arg>${input_locator}</arg>
<arg>15s</arg>
<doc>Waits until the element ``locator`` is visible.</doc>
<status status="PASS" start="2026-05-09T09:39:54.364205" elapsed="0.249137"/>
</kw>
<kw name="Click Element" owner="SeleniumLibrary">
<msg time="2026-05-09T09:39:54.613892" level="INFO">Clicking element 'xpath://label[text()='Năm học']/following-sibling::div//input'.</msg>
<arg>${input_locator}</arg>
<doc>Click the element identified by ``locator``.</doc>
<status status="PASS" start="2026-05-09T09:39:54.613589" elapsed="0.182606"/>
</kw>
<kw name="Wait Until Element Is Visible" owner="SeleniumLibrary">
<arg>xpath://li[contains(text(),'${value}')]</arg>
<arg>10s</arg>
<doc>Waits until the element ``locator`` is visible.</doc>
<status status="PASS" start="2026-05-09T09:39:54.797674" elapsed="0.034433"/>
</kw>
<kw name="Click Element" owner="SeleniumLibrary">
<msg time="2026-05-09T09:39:54.832883" level="INFO">Clicking element 'xpath://li[contains(text(),'2025-2026')]'.</msg>
<arg>xpath://li[contains(text(),'${value}')]</arg>
<doc>Click the element identified by ``locator``.</doc>
<status status="PASS" start="2026-05-09T09:39:54.832443" elapsed="0.124375"/>
</kw>
<arg>${INPUT_YEAR}</arg>
<arg>${year}</arg>
<status status="PASS" start="2026-05-09T09:39:54.363621" elapsed="0.593509"/>
</kw>
<kw name="Select Mui Dropdown Item" owner="FacultySchedulePage">
<kw name="Wait Until Element Is Visible" owner="SeleniumLibrary">
<arg>${input_locator}</arg>
<arg>15s</arg>
<doc>Waits until the element ``locator`` is visible.</doc>
<status status="PASS" start="2026-05-09T09:39:54.958659" elapsed="0.020092"/>
</kw>
<kw name="Click Element" owner="SeleniumLibrary">
<msg time="2026-05-09T09:39:54.979203" level="INFO">Clicking element 'xpath://label[text()='Học kỳ']/following-sibling::div//input'.</msg>
<arg>${input_locator}</arg>
<doc>Click the element identified by ``locator``.</doc>
<status status="PASS" start="2026-05-09T09:39:54.978964" elapsed="0.074671"/>
</kw>
<kw name="Wait Until Element Is Visible" owner="SeleniumLibrary">
<arg>xpath://li[contains(text(),'${value}')]</arg>
<arg>10s</arg>
<doc>Waits until the element ``locator`` is visible.</doc>
<status status="PASS" start="2026-05-09T09:39:55.053887" elapsed="0.022527"/>
</kw>
<kw name="Click Element" owner="SeleniumLibrary">
<msg time="2026-05-09T09:39:55.077263" level="INFO">Clicking element 'xpath://li[contains(text(),'Học kỳ 1')]'.</msg>
<arg>xpath://li[contains(text(),'${value}')]</arg>
<doc>Click the element identified by ``locator``.</doc>
<status status="PASS" start="2026-05-09T09:39:55.076755" elapsed="0.094127"/>
</kw>
<arg>${INPUT_SEMESTER}</arg>
<arg>${semester}</arg>
<status status="PASS" start="2026-05-09T09:39:54.957539" elapsed="0.213492"/>
</kw>
<kw name="Select Mui Dropdown Item" owner="FacultySchedulePage">
<kw name="Wait Until Element Is Visible" owner="SeleniumLibrary">
<arg>${input_locator}</arg>
<arg>15s</arg>
<doc>Waits until the element ``locator`` is visible.</doc>
<status status="PASS" start="2026-05-09T09:39:55.171694" elapsed="0.018528"/>
</kw>
<kw name="Click Element" owner="SeleniumLibrary">
<msg time="2026-05-09T09:39:55.190833" level="INFO">Clicking element 'xpath://label[text()='Khoa']/following-sibling::div//input'.</msg>
<arg>${input_locator}</arg>
<doc>Click the element identified by ``locator``.</doc>
<status status="PASS" start="2026-05-09T09:39:55.190571" elapsed="0.079818"/>
</kw>
<kw name="Wait Until Element Is Visible" owner="SeleniumLibrary">
<arg>xpath://li[contains(text(),'${value}')]</arg>
<arg>10s</arg>
<doc>Waits until the element ``locator`` is visible.</doc>
<status status="PASS" start="2026-05-09T09:39:55.270613" elapsed="0.031932"/>
</kw>
<kw name="Click Element" owner="SeleniumLibrary">
<msg time="2026-05-09T09:39:55.303107" level="INFO">Clicking element 'xpath://li[contains(text(),'Khoa Công nghệ thông tin')]'.</msg>
<arg>xpath://li[contains(text(),'${value}')]</arg>
<doc>Click the element identified by ``locator``.</doc>
<status status="PASS" start="2026-05-09T09:39:55.302785" elapsed="0.098950"/>
</kw>
<arg>${INPUT_FACULTY}</arg>
<arg>${faculty}</arg>
<status status="PASS" start="2026-05-09T09:39:55.171278" elapsed="0.230563"/>
</kw>
<kw name="Input Text" owner="SeleniumLibrary">
<msg time="2026-05-09T09:39:55.402213" level="INFO">Typing text '002' into text field 'xpath://label[contains(text(),'Mã GV')]/following-sibling::div//input'.</msg>
<arg>${INPUT_LECTURER_ID}</arg>
<arg>${lecturer_id}</arg>
<doc>Types the given ``text`` into the text field identified by ``locator``.</doc>
<status status="PASS" start="2026-05-09T09:39:55.401966" elapsed="0.117293"/>
</kw>
<kw name="Click Element" owner="SeleniumLibrary">
<msg time="2026-05-09T09:39:55.519831" level="INFO">Clicking element 'xpath://button[contains(@class, 'MuiButton-containedPrimary') and contains(., 'Lọc')]'.</msg>
<arg>${BTN_FILTER}</arg>
<doc>Click the element identified by ``locator``.</doc>
<status status="PASS" start="2026-05-09T09:39:55.519545" elapsed="0.166433"/>
</kw>
<kw name="Wait Until Element Is Visible" owner="SeleniumLibrary">
<arg>${TABLE_SCHEDULE}</arg>
<arg>15s</arg>
<doc>Waits until the element ``locator`` is visible.</doc>
<status status="PASS" start="2026-05-09T09:39:55.686268" elapsed="1.614909"/>
</kw>
<arg>2025-2026</arg>
<arg>Học kỳ 1</arg>
<arg>Khoa Công nghệ thông tin</arg>
<arg>002</arg>
<status status="PASS" start="2026-05-09T09:39:54.363120" elapsed="2.938267"/>
</kw>
<kw name="Verify Schedule Found" owner="FacultySchedulePage">
<kw name="Wait Until Element Is Visible" owner="SeleniumLibrary">
<arg>${TABLE_SCHEDULE}</arg>
<arg>15s</arg>
<doc>Waits until the element ``locator`` is visible.</doc>
<status status="PASS" start="2026-05-09T09:39:57.303182" elapsed="0.049395"/>
</kw>
<kw name="Page Should Not Contain Element" owner="SeleniumLibrary">
<msg time="2026-05-09T09:39:57.370484" level="INFO">Current page does not contain element 'xpath://td[contains(text(), 'Chưa có lịch học')]'.</msg>
<arg>${CELL_NO_SCHEDULE}</arg>
<doc>Verifies that element ``locator`` is not found on the current page.</doc>
<status status="PASS" start="2026-05-09T09:39:57.352821" elapsed="0.017803"/>
</kw>
<kw name="Element Should Be Visible" owner="SeleniumLibrary">
<msg time="2026-05-09T09:39:57.398110" level="INFO">Element 'xpath://tbody/tr[1]' is displayed.</msg>
<arg>xpath://tbody/tr[1]</arg>
<doc>Verifies that the element identified by ``locator`` is visible.</doc>
<status status="PASS" start="2026-05-09T09:39:57.370859" elapsed="0.027401"/>
</kw>
<doc>Xác nhận bảng hiển thị dữ liệu lịch dạy</doc>
<status status="PASS" start="2026-05-09T09:39:57.302686" elapsed="0.095712"/>
</kw>
<kw name="Dong Trinh Duyet QNU" owner="Common" type="TEARDOWN">
<kw name="Run Keyword If Test Failed" owner="BuiltIn">
<arg>Thuc Hien Chup Anh Loi</arg>
<doc>Runs the given keyword with the given arguments, if the test failed.</doc>
<status status="PASS" start="2026-05-09T09:39:57.399527" elapsed="0.000164"/>
</kw>
<kw name="Close Browser" owner="SeleniumLibrary">
<doc>Closes the current browser.</doc>
<status status="PASS" start="2026-05-09T09:39:57.399868" elapsed="3.290243"/>
</kw>
<status status="PASS" start="2026-05-09T09:39:57.399077" elapsed="3.291468"/>
</kw>
<doc>Kiểm tra tra cứu bằng mã giảng viên chính xác</doc>
<status status="PASS" start="2026-05-09T09:39:51.184011" elapsed="9.507022"/>
</test>
<test id="s1-s1-t2" name="TC-016: Verify Faculty Schedule Search With Non-Existent Info" line="14">
<kw name="Run Keywords" owner="BuiltIn" type="SETUP">
<kw name="Mo Trinh Duyet QNU" owner="Common">
<kw name="Open Browser" owner="SeleniumLibrary">
<msg time="2026-05-09T09:40:00.694344" level="INFO">Opening browser 'chrome' to base url 'https://daotao.qnu.edu.vn'.</msg>
<arg>${URL_QNU}</arg>
<arg>${BROWSER}</arg>
<doc>Opens a new browser instance to the optional ``url``.</doc>
<status status="PASS" start="2026-05-09T09:40:00.693983" elapsed="1.947217"/>
</kw>
<kw name="Maximize Browser Window" owner="SeleniumLibrary">
<doc>Maximizes current browser window.</doc>
<status status="PASS" start="2026-05-09T09:40:02.641402" elapsed="0.078333"/>
</kw>
<kw name="Set Screenshot Directory" owner="SeleniumLibrary">
<arg>Results/screenshots</arg>
<doc>Sets the directory for captured screenshots.</doc>
<status status="PASS" start="2026-05-09T09:40:02.720021" elapsed="0.000471"/>
</kw>
<status status="PASS" start="2026-05-09T09:40:00.693571" elapsed="2.027072"/>
</kw>
<kw name="Navigate To Faculty Schedule Page" owner="Navigate">
<kw name="Wait Until Element Is Visible" owner="SeleniumLibrary">
<arg>${BTN_SCHEDULE}</arg>
<arg>15s</arg>
<doc>Waits until the element ``locator`` is visible.</doc>
<status status="PASS" start="2026-05-09T09:40:02.721399" elapsed="0.044017"/>
</kw>
<kw name="Click Element" owner="SeleniumLibrary">
<msg time="2026-05-09T09:40:02.766312" level="INFO">Clicking element 'xpath://a[contains(text(),'THỜI KHÓA BIỂU GIẢNG VIÊN')]'.</msg>
<arg>${BTN_SCHEDULE}</arg>
<doc>Click the element identified by ``locator``.</doc>
<status status="PASS" start="2026-05-09T09:40:02.765909" elapsed="0.110946"/>
</kw>
<kw name="Wait Until Element Is Visible" owner="SeleniumLibrary">
<arg>${HEADER_SCHEDULE}</arg>
<arg>15s</arg>
<doc>Waits until the element ``locator`` is visible.</doc>
<status status="PASS" start="2026-05-09T09:40:02.877141" elapsed="0.239572"/>
</kw>
<kw name="Get Location" owner="SeleniumLibrary">
<msg time="2026-05-09T09:40:03.121663" level="INFO">${current_url} = https://daotao.qnu.edu.vn/ThoiKhoaBieuGiangVien</msg>
<var>${current_url}</var>
<doc>Returns the current browser window URL.</doc>
<status status="PASS" start="2026-05-09T09:40:03.117003" elapsed="0.004743"/>
</kw>
<kw name="Should Contain" owner="BuiltIn">
<arg>${current_url}</arg>
<arg>${URL_SCHEDULE}</arg>
<doc>Fails if ``container`` does not contain ``item`` one or more times.</doc>
<status status="PASS" start="2026-05-09T09:40:03.122032" elapsed="0.000364"/>
</kw>
<doc>Điều hướng và xác nhận đã vào đúng trang Thời khóa biểu giảng viên</doc>
<status status="PASS" start="2026-05-09T09:40:02.720956" elapsed="0.401595"/>
</kw>
<arg>Mo Trinh Duyet QNU</arg>
<arg>AND</arg>
<arg>Navigate To Faculty Schedule Page</arg>
<doc>Executes all the given keywords in a sequence.</doc>
<status status="PASS" start="2026-05-09T09:40:00.693216" elapsed="2.429472"/>
</kw>
<kw name="Search Faculty Schedule" owner="FacultySchedulePage">
<kw name="Select Mui Dropdown Item" owner="FacultySchedulePage">
<kw name="Wait Until Element Is Visible" owner="SeleniumLibrary">
<arg>${input_locator}</arg>
<arg>15s</arg>
<doc>Waits until the element ``locator`` is visible.</doc>
<status status="PASS" start="2026-05-09T09:40:03.124660" elapsed="0.235938"/>
</kw>
<kw name="Click Element" owner="SeleniumLibrary">
<msg time="2026-05-09T09:40:03.361223" level="INFO">Clicking element 'xpath://label[text()='Năm học']/following-sibling::div//input'.</msg>
<arg>${input_locator}</arg>
<doc>Click the element identified by ``locator``.</doc>
<status status="PASS" start="2026-05-09T09:40:03.360869" elapsed="0.107601"/>
</kw>
<kw name="Wait Until Element Is Visible" owner="SeleniumLibrary">
<arg>xpath://li[contains(text(),'${value}')]</arg>
<arg>10s</arg>
<doc>Waits until the element ``locator`` is visible.</doc>
<status status="PASS" start="2026-05-09T09:40:03.468759" elapsed="0.016809"/>
</kw>
<kw name="Click Element" owner="SeleniumLibrary">
<msg time="2026-05-09T09:40:03.486327" level="INFO">Clicking element 'xpath://li[contains(text(),'2025-2026')]'.</msg>
<arg>xpath://li[contains(text(),'${value}')]</arg>
<doc>Click the element identified by ``locator``.</doc>
<status status="PASS" start="2026-05-09T09:40:03.485903" elapsed="0.064168"/>
</kw>
<arg>${INPUT_YEAR}</arg>
<arg>${year}</arg>
<status status="PASS" start="2026-05-09T09:40:03.124074" elapsed="0.426115"/>
</kw>
<kw name="Select Mui Dropdown Item" owner="FacultySchedulePage">
<kw name="Wait Until Element Is Visible" owner="SeleniumLibrary">
<arg>${input_locator}</arg>
<arg>15s</arg>
<doc>Waits until the element ``locator`` is visible.</doc>
<status status="PASS" start="2026-05-09T09:40:03.550700" elapsed="0.015068"/>
</kw>
<kw name="Click Element" owner="SeleniumLibrary">
<msg time="2026-05-09T09:40:03.566173" level="INFO">Clicking element 'xpath://label[text()='Học kỳ']/following-sibling::div//input'.</msg>
<arg>${input_locator}</arg>
<doc>Click the element identified by ``locator``.</doc>
<status status="PASS" start="2026-05-09T09:40:03.565942" elapsed="0.053322"/>
</kw>
<kw name="Wait Until Element Is Visible" owner="SeleniumLibrary">
<arg>xpath://li[contains(text(),'${value}')]</arg>
<arg>10s</arg>
<doc>Waits until the element ``locator`` is visible.</doc>
<status status="PASS" start="2026-05-09T09:40:03.619513" elapsed="0.014795"/>
</kw>
<kw name="Click Element" owner="SeleniumLibrary">
<msg time="2026-05-09T09:40:03.634719" level="INFO">Clicking element 'xpath://li[contains(text(),'Học kỳ 1')]'.</msg>
<arg>xpath://li[contains(text(),'${value}')]</arg>
<doc>Click the element identified by ``locator``.</doc>
<status status="PASS" start="2026-05-09T09:40:03.634485" elapsed="0.078295"/>
</kw>
<arg>${INPUT_SEMESTER}</arg>
<arg>${semester}</arg>
<status status="PASS" start="2026-05-09T09:40:03.550381" elapsed="0.162608"/>
</kw>
<kw name="Select Mui Dropdown Item" owner="FacultySchedulePage">
<kw name="Wait Until Element Is Visible" owner="SeleniumLibrary">
<arg>${input_locator}</arg>
<arg>15s</arg>
<doc>Waits until the element ``locator`` is visible.</doc>
<status status="PASS" start="2026-05-09T09:40:03.713998" elapsed="0.033950"/>
</kw>
<kw name="Click Element" owner="SeleniumLibrary">
<msg time="2026-05-09T09:40:03.748688" level="INFO">Clicking element 'xpath://label[text()='Khoa']/following-sibling::div//input'.</msg>
<arg>${input_locator}</arg>
<doc>Click the element identified by ``locator``.</doc>
<status status="PASS" start="2026-05-09T09:40:03.748280" elapsed="0.128191"/>
</kw>
<kw name="Wait Until Element Is Visible" owner="SeleniumLibrary">
<arg>xpath://li[contains(text(),'${value}')]</arg>
<arg>10s</arg>
<doc>Waits until the element ``locator`` is visible.</doc>
<status status="PASS" start="2026-05-09T09:40:03.876694" elapsed="0.019121"/>
</kw>
<kw name="Click Element" owner="SeleniumLibrary">
<msg time="2026-05-09T09:40:03.896298" level="INFO">Clicking element 'xpath://li[contains(text(),'Khoa Công nghệ thông tin')]'.</msg>
<arg>xpath://li[contains(text(),'${value}')]</arg>
<doc>Click the element identified by ``locator``.</doc>
<status status="PASS" start="2026-05-09T09:40:03.896031" elapsed="0.081319"/>
</kw>
<arg>${INPUT_FACULTY}</arg>
<arg>${faculty}</arg>
<status status="PASS" start="2026-05-09T09:40:03.713361" elapsed="0.264212"/>
</kw>
<kw name="Input Text" owner="SeleniumLibrary">
<msg time="2026-05-09T09:40:03.978404" level="INFO">Typing text '999999' into text field 'xpath://label[contains(text(),'Mã GV')]/following-sibling::div//input'.</msg>
<arg>${INPUT_LECTURER_ID}</arg>
<arg>${lecturer_id}</arg>
<doc>Types the given ``text`` into the text field identified by ``locator``.</doc>
<status status="PASS" start="2026-05-09T09:40:03.977892" elapsed="0.162472"/>
</kw>
<kw name="Click Element" owner="SeleniumLibrary">
<msg time="2026-05-09T09:40:04.140985" level="INFO">Clicking element 'xpath://button[contains(@class, 'MuiButton-containedPrimary') and contains(., 'Lọc')]'.</msg>
<arg>${BTN_FILTER}</arg>
<doc>Click the element identified by ``locator``.</doc>
<status status="PASS" start="2026-05-09T09:40:04.140675" elapsed="0.062376"/>
</kw>
<kw name="Wait Until Element Is Visible" owner="SeleniumLibrary">
<arg>${TABLE_SCHEDULE}</arg>
<arg>15s</arg>
<doc>Waits until the element ``locator`` is visible.</doc>
<status status="PASS" start="2026-05-09T09:40:04.203312" elapsed="0.873128"/>
</kw>
<arg>2025-2026</arg>
<arg>Học kỳ 1</arg>
<arg>Khoa Công nghệ thông tin</arg>
<arg>999999</arg>
<status status="PASS" start="2026-05-09T09:40:03.123385" elapsed="1.953247"/>
</kw>
<kw name="Verify No Schedule Found" owner="FacultySchedulePage">
<kw name="Wait Until Element Is Visible" owner="SeleniumLibrary">
<arg>${CELL_NO_SCHEDULE}</arg>
<arg>15s</arg>
<doc>Waits until the element ``locator`` is visible.</doc>
<status status="PASS" start="2026-05-09T09:40:05.077597" elapsed="0.026575"/>
</kw>
<kw name="Element Text Should Be" owner="SeleniumLibrary">
<msg time="2026-05-09T09:40:05.104825" level="INFO">Verifying element 'xpath://td[contains(text(), 'Chưa có lịch học')]' contains exact text 'Chưa có lịch học'.</msg>
<arg>${CELL_NO_SCHEDULE}</arg>
<arg>Chưa có lịch học</arg>
<doc>Verifies that element ``locator`` contains exact the text ``expected``.</doc>
<status status="PASS" start="2026-05-09T09:40:05.104442" elapsed="0.058392"/>
</kw>
<doc>Xác nhận hiển thị thông báo "Chưa có lịch học"</doc>
<status status="PASS" start="2026-05-09T09:40:05.077147" elapsed="0.085900"/>
</kw>
<kw name="Dong Trinh Duyet QNU" owner="Common" type="TEARDOWN">
<kw name="Run Keyword If Test Failed" owner="BuiltIn">
<arg>Thuc Hien Chup Anh Loi</arg>
<doc>Runs the given keyword with the given arguments, if the test failed.</doc>
<status status="PASS" start="2026-05-09T09:40:05.164792" elapsed="0.000181"/>
</kw>
<kw name="Close Browser" owner="SeleniumLibrary">
<doc>Closes the current browser.</doc>
<status status="PASS" start="2026-05-09T09:40:05.165179" elapsed="2.175184"/>
</kw>
<status status="PASS" start="2026-05-09T09:40:05.164263" elapsed="2.176316"/>
</kw>
<doc>Kiểm tra tra cứu bằng mã giảng viên không tồn tại</doc>
<status status="PASS" start="2026-05-09T09:40:00.692211" elapsed="6.648809"/>
</test>
<test id="s1-s1-t3" name="TC-017: Verify Faculty Schedule Search By Accurate Lecturer Name" line="19">
<kw name="Run Keywords" owner="BuiltIn" type="SETUP">
<kw name="Mo Trinh Duyet QNU" owner="Common">
<kw name="Open Browser" owner="SeleniumLibrary">
<msg time="2026-05-09T09:40:07.344309" level="INFO">Opening browser 'chrome' to base url 'https://daotao.qnu.edu.vn'.</msg>
<arg>${URL_QNU}</arg>
<arg>${BROWSER}</arg>
<doc>Opens a new browser instance to the optional ``url``.</doc>
<status status="PASS" start="2026-05-09T09:40:07.343936" elapsed="1.923887"/>
</kw>
<kw name="Maximize Browser Window" owner="SeleniumLibrary">
<doc>Maximizes current browser window.</doc>
<status status="PASS" start="2026-05-09T09:40:09.268023" elapsed="0.097592"/>
</kw>
<kw name="Set Screenshot Directory" owner="SeleniumLibrary">
<arg>Results/screenshots</arg>
<doc>Sets the directory for captured screenshots.</doc>
<status status="PASS" start="2026-05-09T09:40:09.365872" elapsed="0.000427"/>
</kw>
<status status="PASS" start="2026-05-09T09:40:07.343543" elapsed="2.022891"/>
</kw>
<kw name="Navigate To Faculty Schedule Page" owner="Navigate">
<kw name="Wait Until Element Is Visible" owner="SeleniumLibrary">
<arg>${BTN_SCHEDULE}</arg>
<arg>15s</arg>
<doc>Waits until the element ``locator`` is visible.</doc>
<status status="PASS" start="2026-05-09T09:40:09.367071" elapsed="0.056714"/>
</kw>
<kw name="Click Element" owner="SeleniumLibrary">
<msg time="2026-05-09T09:40:09.424805" level="INFO">Clicking element 'xpath://a[contains(text(),'THỜI KHÓA BIỂU GIẢNG VIÊN')]'.</msg>
<arg>${BTN_SCHEDULE}</arg>
<doc>Click the element identified by ``locator``.</doc>
<status status="PASS" start="2026-05-09T09:40:09.424298" elapsed="0.148863"/>
</kw>
<kw name="Wait Until Element Is Visible" owner="SeleniumLibrary">
<arg>${HEADER_SCHEDULE}</arg>
<arg>15s</arg>
<doc>Waits until the element ``locator`` is visible.</doc>
<status status="PASS" start="2026-05-09T09:40:09.573433" elapsed="0.238774"/>
</kw>
<kw name="Get Location" owner="SeleniumLibrary">
<msg time="2026-05-09T09:40:09.817282" level="INFO">${current_url} = https://daotao.qnu.edu.vn/ThoiKhoaBieuGiangVien</msg>
<var>${current_url}</var>
<doc>Returns the current browser window URL.</doc>
<status status="PASS" start="2026-05-09T09:40:09.812614" elapsed="0.004755"/>
</kw>
<kw name="Should Contain" owner="BuiltIn">
<arg>${current_url}</arg>
<arg>${URL_SCHEDULE}</arg>
<doc>Fails if ``container`` does not contain ``item`` one or more times.</doc>
<status status="PASS" start="2026-05-09T09:40:09.817637" elapsed="0.000413"/>
</kw>
<doc>Điều hướng và xác nhận đã vào đúng trang Thời khóa biểu giảng viên</doc>
<status status="PASS" start="2026-05-09T09:40:09.366703" elapsed="0.451522"/>
</kw>
<arg>Mo Trinh Duyet QNU</arg>
<arg>AND</arg>
<arg>Navigate To Faculty Schedule Page</arg>
<doc>Executes all the given keywords in a sequence.</doc>
<status status="PASS" start="2026-05-09T09:40:07.343169" elapsed="2.475274"/>
</kw>
<kw name="Search Faculty Schedule" owner="FacultySchedulePage">
<kw name="Select Mui Dropdown Item" owner="FacultySchedulePage">
<kw name="Wait Until Element Is Visible" owner="SeleniumLibrary">
<arg>${input_locator}</arg>
<arg>15s</arg>
<doc>Waits until the element ``locator`` is visible.</doc>
<status status="PASS" start="2026-05-09T09:40:09.821225" elapsed="0.238319"/>
</kw>
<kw name="Click Element" owner="SeleniumLibrary">
<msg time="2026-05-09T09:40:10.060412" level="INFO">Clicking element 'xpath://label[text()='Năm học']/following-sibling::div//input'.</msg>
<arg>${input_locator}</arg>
<doc>Click the element identified by ``locator``.</doc>
<status status="PASS" start="2026-05-09T09:40:10.059932" elapsed="0.099260"/>
</kw>
<kw name="Wait Until Element Is Visible" owner="SeleniumLibrary">
<arg>xpath://li[contains(text(),'${value}')]</arg>
<arg>10s</arg>
<doc>Waits until the element ``locator`` is visible.</doc>
<status status="PASS" start="2026-05-09T09:40:10.159623" elapsed="0.027150"/>
</kw>
<kw name="Click Element" owner="SeleniumLibrary">
<msg time="2026-05-09T09:40:10.187550" level="INFO">Clicking element 'xpath://li[contains(text(),'2025-2026')]'.</msg>
<arg>xpath://li[contains(text(),'${value}')]</arg>
<doc>Click the element identified by ``locator``.</doc>
<status status="PASS" start="2026-05-09T09:40:10.187116" elapsed="0.049331"/>
</kw>
<arg>${INPUT_YEAR}</arg>
<arg>${year}</arg>
<status status="PASS" start="2026-05-09T09:40:09.820563" elapsed="0.416103"/>
</kw>
<kw name="Select Mui Dropdown Item" owner="FacultySchedulePage">
<kw name="Wait Until Element Is Visible" owner="SeleniumLibrary">
<arg>${input_locator}</arg>
<arg>15s</arg>
<doc>Waits until the element ``locator`` is visible.</doc>
<status status="PASS" start="2026-05-09T09:40:10.237816" elapsed="0.016832"/>
</kw>
<kw name="Click Element" owner="SeleniumLibrary">
<msg time="2026-05-09T09:40:10.255363" level="INFO">Clicking element 'xpath://label[text()='Học kỳ']/following-sibling::div//input'.</msg>
<arg>${input_locator}</arg>
<doc>Click the element identified by ``locator``.</doc>
<status status="PASS" start="2026-05-09T09:40:10.254963" elapsed="0.056517"/>
</kw>
<kw name="Wait Until Element Is Visible" owner="SeleniumLibrary">
<arg>xpath://li[contains(text(),'${value}')]</arg>
<arg>10s</arg>
<doc>Waits until the element ``locator`` is visible.</doc>
<status status="PASS" start="2026-05-09T09:40:10.312026" elapsed="0.016547"/>
</kw>
<kw name="Click Element" owner="SeleniumLibrary">
<msg time="2026-05-09T09:40:10.328988" level="INFO">Clicking element 'xpath://li[contains(text(),'Học kỳ 1')]'.</msg>
<arg>xpath://li[contains(text(),'${value}')]</arg>
<doc>Click the element identified by ``locator``.</doc>
<status status="PASS" start="2026-05-09T09:40:10.328754" elapsed="0.054263"/>
</kw>
<arg>${INPUT_SEMESTER}</arg>
<arg>${semester}</arg>
<status status="PASS" start="2026-05-09T09:40:10.237062" elapsed="0.146065"/>
</kw>
<kw name="Select Mui Dropdown Item" owner="FacultySchedulePage">
<kw name="Wait Until Element Is Visible" owner="SeleniumLibrary">
<arg>${input_locator}</arg>
<arg>15s</arg>
<doc>Waits until the element ``locator`` is visible.</doc>
<status status="PASS" start="2026-05-09T09:40:10.383619" elapsed="0.014074"/>
</kw>
<kw name="Click Element" owner="SeleniumLibrary">
<msg time="2026-05-09T09:40:10.398097" level="INFO">Clicking element 'xpath://label[text()='Khoa']/following-sibling::div//input'.</msg>
<arg>${input_locator}</arg>
<doc>Click the element identified by ``locator``.</doc>
<status status="PASS" start="2026-05-09T09:40:10.397870" elapsed="0.061254"/>
</kw>
<kw name="Wait Until Element Is Visible" owner="SeleniumLibrary">
<arg>xpath://li[contains(text(),'${value}')]</arg>
<arg>10s</arg>
<doc>Waits until the element ``locator`` is visible.</doc>
<status status="PASS" start="2026-05-09T09:40:10.459332" elapsed="0.017569"/>
</kw>
<kw name="Click Element" owner="SeleniumLibrary">
<msg time="2026-05-09T09:40:10.477794" level="INFO">Clicking element 'xpath://li[contains(text(),'Khoa Công nghệ thông tin')]'.</msg>
<arg>xpath://li[contains(text(),'${value}')]</arg>
<doc>Click the element identified by ``locator``.</doc>
<status status="PASS" start="2026-05-09T09:40:10.477276" elapsed="0.056625"/>
</kw>
<arg>${INPUT_FACULTY}</arg>
<arg>${faculty}</arg>
<status status="PASS" start="2026-05-09T09:40:10.383307" elapsed="0.150700"/>
</kw>
<kw name="Input Text" owner="SeleniumLibrary">
<msg time="2026-05-09T09:40:10.534401" level="INFO">Typing text 'Huỳnh Ngọc Khoa' into text field 'xpath://label[contains(text(),'Mã GV')]/following-sibling::div//input'.</msg>
<arg>${INPUT_LECTURER_ID}</arg>
<arg>${lecturer_id}</arg>
<doc>Types the given ``text`` into the text field identified by ``locator``.</doc>
<status status="PASS" start="2026-05-09T09:40:10.534159" elapsed="0.209945"/>
</kw>
<kw name="Click Element" owner="SeleniumLibrary">
<msg time="2026-05-09T09:40:10.744831" level="INFO">Clicking element 'xpath://button[contains(@class, 'MuiButton-containedPrimary') and contains(., 'Lọc')]'.</msg>
<arg>${BTN_FILTER}</arg>
<doc>Click the element identified by ``locator``.</doc>
<status status="PASS" start="2026-05-09T09:40:10.744378" elapsed="0.177296"/>
</kw>
<kw name="Wait Until Element Is Visible" owner="SeleniumLibrary">
<arg>${TABLE_SCHEDULE}</arg>
<arg>15s</arg>
<doc>Waits until the element ``locator`` is visible.</doc>
<status status="PASS" start="2026-05-09T09:40:10.921982" elapsed="0.934561"/>
</kw>
<arg>2025-2026</arg>
<arg>Học kỳ 1</arg>
<arg>Khoa Công nghệ thông tin</arg>
<arg>Huỳnh Ngọc Khoa</arg>
<status status="PASS" start="2026-05-09T09:40:09.819775" elapsed="2.037567"/>
</kw>
<kw name="Verify Schedule Found For Lecturer" owner="FacultySchedulePage">
<kw name="Wait Until Element Is Visible" owner="SeleniumLibrary">
<arg>${TABLE_SCHEDULE}</arg>
<arg>15s</arg>
<doc>Waits until the element ``locator`` is visible.</doc>
<status status="PASS" start="2026-05-09T09:40:11.861459" elapsed="0.044428"/>
</kw>
<kw name="Element Should Contain" owner="SeleniumLibrary">
<msg time="2026-05-09T09:40:11.936243" level="INFO">Element 'xpath://tbody/tr[1]/td[8]' contains text 'Huỳnh Ngọc Khoa'.</msg>
<arg>xpath://tbody/tr[1]/td[8]</arg>
<arg>${expected_name}</arg>
<doc>Verifies that element ``locator`` contains text ``expected``.</doc>
<status status="PASS" start="2026-05-09T09:40:11.906318" elapsed="0.030117"/>
</kw>
<kw name="Page Should Not Contain Element" owner="SeleniumLibrary">
<msg time="2026-05-09T09:40:11.957487" level="INFO">Current page does not contain element 'xpath://td[contains(text(), 'Chưa có lịch học')]'.</msg>
<arg>${CELL_NO_SCHEDULE}</arg>
<doc>Verifies that element ``locator`` is not found on the current page.</doc>
<status status="PASS" start="2026-05-09T09:40:11.936771" elapsed="0.020920"/>
</kw>
<arg>Huỳnh Ngọc Khoa</arg>
<doc>Xác nhận bảng hiển thị lịch dạy của đúng giảng viên</doc>
<status status="PASS" start="2026-05-09T09:40:11.859954" elapsed="0.097943"/>
</kw>
<kw name="Dong Trinh Duyet QNU" owner="Common" type="TEARDOWN">
<kw name="Run Keyword If Test Failed" owner="BuiltIn">
<arg>Thuc Hien Chup Anh Loi</arg>
<doc>Runs the given keyword with the given arguments, if the test failed.</doc>
<status status="PASS" start="2026-05-09T09:40:11.958905" elapsed="0.000131"/>
</kw>
<kw name="Close Browser" owner="SeleniumLibrary">
<doc>Closes the current browser.</doc>
<status status="PASS" start="2026-05-09T09:40:11.959178" elapsed="2.159352"/>
</kw>
<status status="PASS" start="2026-05-09T09:40:11.958537" elapsed="2.160216"/>
</kw>
<doc>Kiểm tra tra cứu bằng tên giảng viên đầy đủ</doc>
<status status="PASS" start="2026-05-09T09:40:07.342174" elapsed="6.777417"/>
</test>
<test id="s1-s1-t4" name="TC-018: Verify Faculty Schedule Search By Lecturer Name Without Tones" line="24">
<kw name="Run Keywords" owner="BuiltIn" type="SETUP">
<kw name="Mo Trinh Duyet QNU" owner="Common">
<kw name="Open Browser" owner="SeleniumLibrary">
<msg time="2026-05-09T09:40:14.124334" level="INFO">Opening browser 'chrome' to base url 'https://daotao.qnu.edu.vn'.</msg>
<arg>${URL_QNU}</arg>
<arg>${BROWSER}</arg>
<doc>Opens a new browser instance to the optional ``url``.</doc>
<status status="PASS" start="2026-05-09T09:40:14.123975" elapsed="1.805190"/>
</kw>
<kw name="Maximize Browser Window" owner="SeleniumLibrary">
<doc>Maximizes current browser window.</doc>
<status status="PASS" start="2026-05-09T09:40:15.929359" elapsed="0.109052"/>
</kw>
<kw name="Set Screenshot Directory" owner="SeleniumLibrary">
<arg>Results/screenshots</arg>
<doc>Sets the directory for captured screenshots.</doc>
<status status="PASS" start="2026-05-09T09:40:16.039700" elapsed="0.002173"/>
</kw>
<status status="PASS" start="2026-05-09T09:40:14.123558" elapsed="1.919157"/>
</kw>
<kw name="Navigate To Faculty Schedule Page" owner="Navigate">
<kw name="Wait Until Element Is Visible" owner="SeleniumLibrary">
<arg>${BTN_SCHEDULE}</arg>
<arg>15s</arg>
<doc>Waits until the element ``locator`` is visible.</doc>
<status status="PASS" start="2026-05-09T09:40:16.045050" elapsed="0.062742"/>
</kw>
<kw name="Click Element" owner="SeleniumLibrary">
<msg time="2026-05-09T09:40:16.108438" level="INFO">Clicking element 'xpath://a[contains(text(),'THỜI KHÓA BIỂU GIẢNG VIÊN')]'.</msg>
<arg>${BTN_SCHEDULE}</arg>
<doc>Click the element identified by ``locator``.</doc>
<status status="PASS" start="2026-05-09T09:40:16.108078" elapsed="0.095308"/>
</kw>
<kw name="Wait Until Element Is Visible" owner="SeleniumLibrary">
<arg>${HEADER_SCHEDULE}</arg>
<arg>15s</arg>
<doc>Waits until the element ``locator`` is visible.</doc>
<status status="PASS" start="2026-05-09T09:40:16.203650" elapsed="0.229062"/>
</kw>
<kw name="Get Location" owner="SeleniumLibrary">
<msg time="2026-05-09T09:40:16.437656" level="INFO">${current_url} = https://daotao.qnu.edu.vn/ThoiKhoaBieuGiangVien</msg>
<var>${current_url}</var>
<doc>Returns the current browser window URL.</doc>
<status status="PASS" start="2026-05-09T09:40:16.433007" elapsed="0.004718"/>
</kw>
<kw name="Should Contain" owner="BuiltIn">
<arg>${current_url}</arg>
<arg>${URL_SCHEDULE}</arg>
<doc>Fails if ``container`` does not contain ``item`` one or more times.</doc>
<status status="PASS" start="2026-05-09T09:40:16.437951" elapsed="0.000324"/>
</kw>
<doc>Điều hướng và xác nhận đã vào đúng trang Thời khóa biểu giảng viên</doc>
<status status="PASS" start="2026-05-09T09:40:16.044256" elapsed="0.394155"/>
</kw>
<arg>Mo Trinh Duyet QNU</arg>
<arg>AND</arg>
<arg>Navigate To Faculty Schedule Page</arg>
<doc>Executes all the given keywords in a sequence.</doc>
<status status="PASS" start="2026-05-09T09:40:14.123169" elapsed="2.315357"/>
</kw>
<kw name="Search Faculty Schedule" owner="FacultySchedulePage">
<kw name="Select Mui Dropdown Item" owner="FacultySchedulePage">
<kw name="Wait Until Element Is Visible" owner="SeleniumLibrary">
<arg>${input_locator}</arg>
<arg>15s</arg>
<doc>Waits until the element ``locator`` is visible.</doc>
<status status="PASS" start="2026-05-09T09:40:16.441575" elapsed="0.050509"/>
</kw>
<kw name="Click Element" owner="SeleniumLibrary">
<msg time="2026-05-09T09:40:16.492904" level="INFO">Clicking element 'xpath://label[text()='Năm học']/following-sibling::div//input'.</msg>
<arg>${input_locator}</arg>
<doc>Click the element identified by ``locator``.</doc>
<status status="PASS" start="2026-05-09T09:40:16.492449" elapsed="0.085150"/>
</kw>
<kw name="Wait Until Element Is Visible" owner="SeleniumLibrary">
<arg>xpath://li[contains(text(),'${value}')]</arg>
<arg>10s</arg>
<doc>Waits until the element ``locator`` is visible.</doc>
<status status="PASS" start="2026-05-09T09:40:16.577873" elapsed="0.032876"/>
</kw>
<kw name="Click Element" owner="SeleniumLibrary">
<msg time="2026-05-09T09:40:16.611382" level="INFO">Clicking element 'xpath://li[contains(text(),'2025-2026')]'.</msg>
<arg>xpath://li[contains(text(),'${value}')]</arg>
<doc>Click the element identified by ``locator``.</doc>
<status status="PASS" start="2026-05-09T09:40:16.611049" elapsed="0.055175"/>
</kw>
<arg>${INPUT_YEAR}</arg>
<arg>${year}</arg>
<status status="PASS" start="2026-05-09T09:40:16.441119" elapsed="0.225336"/>
</kw>
<kw name="Select Mui Dropdown Item" owner="FacultySchedulePage">
<kw name="Wait Until Element Is Visible" owner="SeleniumLibrary">
<arg>${input_locator}</arg>
<arg>15s</arg>
<doc>Waits until the element ``locator`` is visible.</doc>
<status status="PASS" start="2026-05-09T09:40:16.667599" elapsed="0.016730"/>
</kw>
<kw name="Click Element" owner="SeleniumLibrary">
<msg time="2026-05-09T09:40:16.685057" level="INFO">Clicking element 'xpath://label[text()='Học kỳ']/following-sibling::div//input'.</msg>
<arg>${input_locator}</arg>
<doc>Click the element identified by ``locator``.</doc>
<status status="PASS" start="2026-05-09T09:40:16.684666" elapsed="0.077020"/>
</kw>
<kw name="Wait Until Element Is Visible" owner="SeleniumLibrary">
<arg>xpath://li[contains(text(),'${value}')]</arg>
<arg>10s</arg>
<doc>Waits until the element ``locator`` is visible.</doc>
<status status="PASS" start="2026-05-09T09:40:16.761875" elapsed="0.015079"/>
</kw>
<kw name="Click Element" owner="SeleniumLibrary">
<msg time="2026-05-09T09:40:16.777377" level="INFO">Clicking element 'xpath://li[contains(text(),'Học kỳ 1')]'.</msg>
<arg>xpath://li[contains(text(),'${value}')]</arg>
<doc>Click the element identified by ``locator``.</doc>
<status status="PASS" start="2026-05-09T09:40:16.777139" elapsed="0.047570"/>
</kw>
<arg>${INPUT_SEMESTER}</arg>
<arg>${semester}</arg>
<status status="PASS" start="2026-05-09T09:40:16.666839" elapsed="0.157983"/>
</kw>
<kw name="Select Mui Dropdown Item" owner="FacultySchedulePage">
<kw name="Wait Until Element Is Visible" owner="SeleniumLibrary">
<arg>${input_locator}</arg>
<arg>15s</arg>
<doc>Waits until the element ``locator`` is visible.</doc>
<status status="PASS" start="2026-05-09T09:40:16.825331" elapsed="0.013809"/>
</kw>
<kw name="Click Element" owner="SeleniumLibrary">
<msg time="2026-05-09T09:40:16.839912" level="INFO">Clicking element 'xpath://label[text()='Khoa']/following-sibling::div//input'.</msg>
<arg>${input_locator}</arg>
<doc>Click the element identified by ``locator``.</doc>
<status status="PASS" start="2026-05-09T09:40:16.839589" elapsed="0.094038"/>
</kw>
<kw name="Wait Until Element Is Visible" owner="SeleniumLibrary">
<arg>xpath://li[contains(text(),'${value}')]</arg>
<arg>10s</arg>
<doc>Waits until the element ``locator`` is visible.</doc>
<status status="PASS" start="2026-05-09T09:40:16.933811" elapsed="0.015654"/>
</kw>
<kw name="Click Element" owner="SeleniumLibrary">
<msg time="2026-05-09T09:40:16.949875" level="INFO">Clicking element 'xpath://li[contains(text(),'Khoa Công nghệ thông tin')]'.</msg>
<arg>xpath://li[contains(text(),'${value}')]</arg>
<doc>Click the element identified by ``locator``.</doc>
<status status="PASS" start="2026-05-09T09:40:16.949645" elapsed="0.052084"/>
</kw>
<arg>${INPUT_FACULTY}</arg>
<arg>${faculty}</arg>
<status status="PASS" start="2026-05-09T09:40:16.825005" elapsed="0.176862"/>
</kw>
<kw name="Input Text" owner="SeleniumLibrary">
<msg time="2026-05-09T09:40:17.002343" level="INFO">Typing text 'Huynh Ngoc Khoa' into text field 'xpath://label[contains(text(),'Mã GV')]/following-sibling::div//input'.</msg>
<arg>${INPUT_LECTURER_ID}</arg>
<arg>${lecturer_id}</arg>
<doc>Types the given ``text`` into the text field identified by ``locator``.</doc>
<status status="PASS" start="2026-05-09T09:40:17.002041" elapsed="0.144648"/>
</kw>
<kw name="Click Element" owner="SeleniumLibrary">
<msg time="2026-05-09T09:40:17.147111" level="INFO">Clicking element 'xpath://button[contains(@class, 'MuiButton-containedPrimary') and contains(., 'Lọc')]'.</msg>
<arg>${BTN_FILTER}</arg>
<doc>Click the element identified by ``locator``.</doc>
<status status="PASS" start="2026-05-09T09:40:17.146888" elapsed="0.055952"/>
</kw>
<kw name="Wait Until Element Is Visible" owner="SeleniumLibrary">
<arg>${TABLE_SCHEDULE}</arg>
<arg>15s</arg>
<doc>Waits until the element ``locator`` is visible.</doc>
<status status="PASS" start="2026-05-09T09:40:17.203110" elapsed="0.877332"/>
</kw>
<arg>2025-2026</arg>
<arg>Học kỳ 1</arg>
<arg>Khoa Công nghệ thông tin</arg>
<arg>Huynh Ngoc Khoa</arg>
<status status="PASS" start="2026-05-09T09:40:16.440625" elapsed="1.639976"/>
</kw>
<kw name="Verify No Schedule Found" owner="FacultySchedulePage">
<kw name="Wait Until Element Is Visible" owner="SeleniumLibrary">
<arg>${CELL_NO_SCHEDULE}</arg>
<arg>15s</arg>
<doc>Waits until the element ``locator`` is visible.</doc>
<status status="PASS" start="2026-05-09T09:40:18.081405" elapsed="0.045883"/>
</kw>
<kw name="Element Text Should Be" owner="SeleniumLibrary">
<msg time="2026-05-09T09:40:18.128006" level="INFO">Verifying element 'xpath://td[contains(text(), 'Chưa có lịch học')]' contains exact text 'Chưa có lịch học'.</msg>
<arg>${CELL_NO_SCHEDULE}</arg>
<arg>Chưa có lịch học</arg>
<doc>Verifies that element ``locator`` contains exact the text ``expected``.</doc>
<status status="PASS" start="2026-05-09T09:40:18.127589" elapsed="0.030982"/>
</kw>
<doc>Xác nhận hiển thị thông báo "Chưa có lịch học"</doc>
<status status="PASS" start="2026-05-09T09:40:18.081031" elapsed="0.077702"/>
</kw>
<kw name="Dong Trinh Duyet QNU" owner="Common" type="TEARDOWN">
<kw name="Run Keyword If Test Failed" owner="BuiltIn">
<arg>Thuc Hien Chup Anh Loi</arg>
<doc>Runs the given keyword with the given arguments, if the test failed.</doc>
<status status="PASS" start="2026-05-09T09:40:18.159642" elapsed="0.000199"/>
</kw>
<kw name="Close Browser" owner="SeleniumLibrary">
<doc>Closes the current browser.</doc>
<status status="PASS" start="2026-05-09T09:40:18.160016" elapsed="2.142567"/>
</kw>
<status status="PASS" start="2026-05-09T09:40:18.159231" elapsed="2.143529"/>
</kw>
<doc>Kiểm tra tra cứu bằng tên giảng viên không dấu</doc>
<status status="PASS" start="2026-05-09T09:40:14.121230" elapsed="6.181826"/>
</test>
<test id="s1-s1-t5" name="TC-019: Verify Faculty Schedule Search By Partial Lecturer Name" line="29">
<kw name="Run Keywords" owner="BuiltIn" type="SETUP">
<kw name="Mo Trinh Duyet QNU" owner="Common">
<kw name="Open Browser" owner="SeleniumLibrary">
<msg time="2026-05-09T09:40:20.305450" level="INFO">Opening browser 'chrome' to base url 'https://daotao.qnu.edu.vn'.</msg>
<arg>${URL_QNU}</arg>
<arg>${BROWSER}</arg>
<doc>Opens a new browser instance to the optional ``url``.</doc>
<status status="PASS" start="2026-05-09T09:40:20.305168" elapsed="1.881778"/>
</kw>
<kw name="Maximize Browser Window" owner="SeleniumLibrary">
<doc>Maximizes current browser window.</doc>
<status status="PASS" start="2026-05-09T09:40:22.187143" elapsed="0.090447"/>
</kw>
<kw name="Set Screenshot Directory" owner="SeleniumLibrary">
<arg>Results/screenshots</arg>
<doc>Sets the directory for captured screenshots.</doc>
<status status="PASS" start="2026-05-09T09:40:22.277935" elapsed="0.000484"/>
</kw>
<status status="PASS" start="2026-05-09T09:40:20.304812" elapsed="1.973732"/>
</kw>
<kw name="Navigate To Faculty Schedule Page" owner="Navigate">
<kw name="Wait Until Element Is Visible" owner="SeleniumLibrary">
<arg>${BTN_SCHEDULE}</arg>
<arg>15s</arg>
<doc>Waits until the element ``locator`` is visible.</doc>
<status status="PASS" start="2026-05-09T09:40:22.279295" elapsed="0.047450"/>
</kw>
<kw name="Click Element" owner="SeleniumLibrary">
<msg time="2026-05-09T09:40:22.327179" level="INFO">Clicking element 'xpath://a[contains(text(),'THỜI KHÓA BIỂU GIẢNG VIÊN')]'.</msg>
<arg>${BTN_SCHEDULE}</arg>
<doc>Click the element identified by ``locator``.</doc>
<status status="PASS" start="2026-05-09T09:40:22.326939" elapsed="0.077859"/>
</kw>
<kw name="Wait Until Element Is Visible" owner="SeleniumLibrary">
<arg>${HEADER_SCHEDULE}</arg>
<arg>15s</arg>
<doc>Waits until the element ``locator`` is visible.</doc>
<status status="PASS" start="2026-05-09T09:40:22.405050" elapsed="0.252923"/>
</kw>
<kw name="Get Location" owner="SeleniumLibrary">
<msg time="2026-05-09T09:40:22.662528" level="INFO">${current_url} = https://daotao.qnu.edu.vn/ThoiKhoaBieuGiangVien</msg>
<var>${current_url}</var>
<doc>Returns the current browser window URL.</doc>
<status status="PASS" start="2026-05-09T09:40:22.658220" elapsed="0.004399"/>
</kw>
<kw name="Should Contain" owner="BuiltIn">
<arg>${current_url}</arg>
<arg>${URL_SCHEDULE}</arg>
<doc>Fails if ``container`` does not contain ``item`` one or more times.</doc>
<status status="PASS" start="2026-05-09T09:40:22.662900" elapsed="0.000396"/>
</kw>
<doc>Điều hướng và xác nhận đã vào đúng trang Thời khóa biểu giảng viên</doc>
<status status="PASS" start="2026-05-09T09:40:22.278805" elapsed="0.384661"/>
</kw>
<arg>Mo Trinh Duyet QNU</arg>
<arg>AND</arg>
<arg>Navigate To Faculty Schedule Page</arg>
<doc>Executes all the given keywords in a sequence.</doc>
<status status="PASS" start="2026-05-09T09:40:20.304361" elapsed="2.359237"/>
</kw>
<kw name="Search Faculty Schedule" owner="FacultySchedulePage">
<kw name="Select Mui Dropdown Item" owner="FacultySchedulePage">
<kw name="Wait Until Element Is Visible" owner="SeleniumLibrary">
<arg>${input_locator}</arg>
<arg>15s</arg>
<doc>Waits until the element ``locator`` is visible.</doc>
<status status="PASS" start="2026-05-09T09:40:22.665953" elapsed="0.234950"/>
</kw>
<kw name="Click Element" owner="SeleniumLibrary">
<msg time="2026-05-09T09:40:22.901495" level="INFO">Clicking element 'xpath://label[text()='Năm học']/following-sibling::div//input'.</msg>
<arg>${input_locator}</arg>
<doc>Click the element identified by ``locator``.</doc>
<status status="PASS" start="2026-05-09T09:40:22.901164" elapsed="0.106600"/>
</kw>
<kw name="Wait Until Element Is Visible" owner="SeleniumLibrary">
<arg>xpath://li[contains(text(),'${value}')]</arg>
<arg>10s</arg>
<doc>Waits until the element ``locator`` is visible.</doc>
<status status="PASS" start="2026-05-09T09:40:23.008099" elapsed="0.025289"/>
</kw>
<kw name="Click Element" owner="SeleniumLibrary">
<msg time="2026-05-09T09:40:23.034205" level="INFO">Clicking element 'xpath://li[contains(text(),'2025-2026')]'.</msg>
<arg>xpath://li[contains(text(),'${value}')]</arg>
<doc>Click the element identified by ``locator``.</doc>
<status status="PASS" start="2026-05-09T09:40:23.033748" elapsed="0.063352"/>
</kw>
<arg>${INPUT_YEAR}</arg>
<arg>${year}</arg>
<status status="PASS" start="2026-05-09T09:40:22.665260" elapsed="0.432033"/>
</kw>
<kw name="Select Mui Dropdown Item" owner="FacultySchedulePage">
<kw name="Wait Until Element Is Visible" owner="SeleniumLibrary">
<arg>${input_locator}</arg>
<arg>15s</arg>
<doc>Waits until the element ``locator`` is visible.</doc>
<status status="PASS" start="2026-05-09T09:40:23.098188" elapsed="0.017615"/>
</kw>
<kw name="Click Element" owner="SeleniumLibrary">
<msg time="2026-05-09T09:40:23.116679" level="INFO">Clicking element 'xpath://label[text()='Học kỳ']/following-sibling::div//input'.</msg>
<arg>${input_locator}</arg>
<doc>Click the element identified by ``locator``.</doc>
<status status="PASS" start="2026-05-09T09:40:23.116190" elapsed="0.060754"/>
</kw>
<kw name="Wait Until Element Is Visible" owner="SeleniumLibrary">
<arg>xpath://li[contains(text(),'${value}')]</arg>
<arg>10s</arg>
<doc>Waits until the element ``locator`` is visible.</doc>
<status status="PASS" start="2026-05-09T09:40:23.177362" elapsed="0.018846"/>
</kw>
<kw name="Click Element" owner="SeleniumLibrary">
<msg time="2026-05-09T09:40:23.197122" level="INFO">Clicking element 'xpath://li[contains(text(),'Học kỳ 1')]'.</msg>
<arg>xpath://li[contains(text(),'${value}')]</arg>
<doc>Click the element identified by ``locator``.</doc>
<status status="PASS" start="2026-05-09T09:40:23.196612" elapsed="0.059035"/>
</kw>
<arg>${INPUT_SEMESTER}</arg>
<arg>${semester}</arg>
<status status="PASS" start="2026-05-09T09:40:23.097612" elapsed="0.158476"/>
</kw>
<kw name="Select Mui Dropdown Item" owner="FacultySchedulePage">
<kw name="Wait Until Element Is Visible" owner="SeleniumLibrary">
<arg>${input_locator}</arg>
<arg>15s</arg>
<doc>Waits until the element ``locator`` is visible.</doc>
<status status="PASS" start="2026-05-09T09:40:23.257509" elapsed="0.017371"/>
</kw>
<kw name="Click Element" owner="SeleniumLibrary">
<msg time="2026-05-09T09:40:23.275390" level="INFO">Clicking element 'xpath://label[text()='Khoa']/following-sibling::div//input'.</msg>
<arg>${input_locator}</arg>
<doc>Click the element identified by ``locator``.</doc>
<status status="PASS" start="2026-05-09T09:40:23.275113" elapsed="0.067195"/>
</kw>
<kw name="Wait Until Element Is Visible" owner="SeleniumLibrary">
<arg>xpath://li[contains(text(),'${value}')]</arg>
<arg>10s</arg>
<doc>Waits until the element ``locator`` is visible.</doc>
<status status="PASS" start="2026-05-09T09:40:23.342554" elapsed="0.015310"/>
</kw>
<kw name="Click Element" owner="SeleniumLibrary">
<msg time="2026-05-09T09:40:23.358275" level="INFO">Clicking element 'xpath://li[contains(text(),'Khoa Công nghệ thông tin')]'.</msg>
<arg>xpath://li[contains(text(),'${value}')]</arg>
<doc>Click the element identified by ``locator``.</doc>
<status status="PASS" start="2026-05-09T09:40:23.358038" elapsed="0.050900"/>
</kw>
<arg>${INPUT_FACULTY}</arg>
<arg>${faculty}</arg>
<status status="PASS" start="2026-05-09T09:40:23.256597" elapsed="0.152485"/>
</kw>
<kw name="Input Text" owner="SeleniumLibrary">
<msg time="2026-05-09T09:40:23.409596" level="INFO">Typing text 'Trần' into text field 'xpath://label[contains(text(),'Mã GV')]/following-sibling::div//input'.</msg>
<arg>${INPUT_LECTURER_ID}</arg>
<arg>${lecturer_id}</arg>
<doc>Types the given ``text`` into the text field identified by ``locator``.</doc>
<status status="PASS" start="2026-05-09T09:40:23.409262" elapsed="0.186033"/>
</kw>
<kw name="Click Element" owner="SeleniumLibrary">
<msg time="2026-05-09T09:40:23.599224" level="INFO">Clicking element 'xpath://button[contains(@class, 'MuiButton-containedPrimary') and contains(., 'Lọc')]'.</msg>
<arg>${BTN_FILTER}</arg>
<doc>Click the element identified by ``locator``.</doc>
<status status="PASS" start="2026-05-09T09:40:23.598061" elapsed="0.160529"/>
</kw>
<kw name="Wait Until Element Is Visible" owner="SeleniumLibrary">
<arg>${TABLE_SCHEDULE}</arg>
<arg>15s</arg>
<doc>Waits until the element ``locator`` is visible.</doc>
<status status="PASS" start="2026-05-09T09:40:23.758904" elapsed="1.084598"/>
</kw>
<arg>2025-2026</arg>
<arg>Học kỳ 1</arg>
<arg>Khoa Công nghệ thông tin</arg>
<arg>Trần</arg>
<status status="PASS" start="2026-05-09T09:40:22.664432" elapsed="2.179305"/>
</kw>
<kw name="Verify All Results Contain Lecturer Name" owner="FacultySchedulePage">
<kw name="Get Element Count" owner="SeleniumLibrary">
<msg time="2026-05-09T09:40:24.867974" level="INFO">${row_count} = 149</msg>
<var>${row_count}</var>
<arg>xpath://table[contains(@class, 'schedule-table')]/tbody/tr</arg>
<doc>Returns the number of elements matching ``locator``.</doc>
<status status="PASS" start="2026-05-09T09:40:24.845088" elapsed="0.022983"/>
</kw>
<for flavor="IN RANGE">
<iter>
<kw name="Get Text" owner="SeleniumLibrary">
<msg time="2026-05-09T09:40:24.906057" level="INFO">${cell_text} = ****001 - Phạm Trần Thiện - Khoa Công nghệ thông tin</msg>
<var>${cell_text}</var>
<arg>xpath://table[contains(@class, 'schedule-table')]/tbody/tr[${index}]/td[8]</arg>
<doc>Returns the text value of the element identified by ``locator``.</doc>
<status status="PASS" start="2026-05-09T09:40:24.869187" elapsed="0.036925"/>
</kw>
<kw name="Should Contain" owner="BuiltIn">
<arg>${cell_text}</arg>
<arg>${search_keyword}</arg>
<arg>msg=Dòng ${index} không khớp từ khóa</arg>
<doc>Fails if ``container`` does not contain ``item`` one or more times.</doc>
<status status="PASS" start="2026-05-09T09:40:24.906293" elapsed="0.000330"/>
</kw>
<var name="${index}">1</var>
<status status="PASS" start="2026-05-09T09:40:24.868919" elapsed="0.037767"/>
</iter>
<iter>
<kw name="Get Text" owner="SeleniumLibrary">
<msg time="2026-05-09T09:40:24.931417" level="INFO">${cell_text} = ****001 - Phạm Trần Thiện - Khoa Công nghệ thông tin</msg>
<var>${cell_text}</var>
<arg>xpath://table[contains(@class, 'schedule-table')]/tbody/tr[${index}]/td[8]</arg>
<doc>Returns the text value of the element identified by ``locator``.</doc>
<status status="PASS" start="2026-05-09T09:40:24.906953" elapsed="0.024536"/>
</kw>
<kw name="Should Contain" owner="BuiltIn">
<arg>${cell_text}</arg>
<arg>${search_keyword}</arg>
<arg>msg=Dòng ${index} không khớp từ khóa</arg>
<doc>Fails if ``container`` does not contain ``item`` one or more times.</doc>
<status status="PASS" start="2026-05-09T09:40:24.931722" elapsed="0.000410"/>
</kw>
<var name="${index}">2</var>
<status status="PASS" start="2026-05-09T09:40:24.906838" elapsed="0.025376"/>
</iter>
<iter>
<kw name="Get Text" owner="SeleniumLibrary">
<msg time="2026-05-09T09:40:24.976495" level="INFO">${cell_text} = ****001 - Phạm Trần Thiện - Khoa Công nghệ thông tin</msg>
<var>${cell_text}</var>
<arg>xpath://table[contains(@class, 'schedule-table')]/tbody/tr[${index}]/td[8]</arg>
<doc>Returns the text value of the element identified by ``locator``.</doc>
<status status="PASS" start="2026-05-09T09:40:24.932527" elapsed="0.044040"/>
</kw>
<kw name="Should Contain" owner="BuiltIn">
<arg>${cell_text}</arg>
<arg>${search_keyword}</arg>
<arg>msg=Dòng ${index} không khớp từ khóa</arg>
<doc>Fails if ``container`` does not contain ``item`` one or more times.</doc>
<status status="PASS" start="2026-05-09T09:40:24.976800" elapsed="0.000415"/>
</kw>
<var name="${index}">3</var>
<status status="PASS" start="2026-05-09T09:40:24.932391" elapsed="0.044913"/>
</iter>
<iter>
<kw name="Get Text" owner="SeleniumLibrary">
<msg time="2026-05-09T09:40:25.027385" level="INFO">${cell_text} = ****001 - Phạm Trần Thiện - Khoa Công nghệ thông tin</msg>
<var>${cell_text}</var>
<arg>xpath://table[contains(@class, 'schedule-table')]/tbody/tr[${index}]/td[8]</arg>
<doc>Returns the text value of the element identified by ``locator``.</doc>
<status status="PASS" start="2026-05-09T09:40:24.977624" elapsed="0.049842"/>
</kw>
<kw name="Should Contain" owner="BuiltIn">
<arg>${cell_text}</arg>
<arg>${search_keyword}</arg>
<arg>msg=Dòng ${index} không khớp từ khóa</arg>
<doc>Fails if ``container`` does not contain ``item`` one or more times.</doc>
<status status="PASS" start="2026-05-09T09:40:25.027749" elapsed="0.000556"/>
</kw>
<var name="${index}">4</var>
<status status="PASS" start="2026-05-09T09:40:24.977481" elapsed="0.050923"/>
</iter>
<iter>
<kw name="Get Text" owner="SeleniumLibrary">
<msg time="2026-05-09T09:40:25.061139" level="INFO">${cell_text} = ****001 - Phạm Trần Thiện - Khoa Công nghệ thông tin</msg>
<var>${cell_text}</var>
<arg>xpath://table[contains(@class, 'schedule-table')]/tbody/tr[${index}]/td[8]</arg>
<doc>Returns the text value of the element identified by ``locator``.</doc>
<status status="PASS" start="2026-05-09T09:40:25.028742" elapsed="0.032472"/>
</kw>
<kw name="Should Contain" owner="BuiltIn">
<arg>${cell_text}</arg>
<arg>${search_keyword}</arg>
<arg>msg=Dòng ${index} không khớp từ khóa</arg>
<doc>Fails if ``container`` does not contain ``item`` one or more times.</doc>
<status status="PASS" start="2026-05-09T09:40:25.061453" elapsed="0.000416"/>
</kw>
<var name="${index}">5</var>
<status status="PASS" start="2026-05-09T09:40:25.028588" elapsed="0.033366"/>
</iter>
<iter>
<kw name="Get Text" owner="SeleniumLibrary">
<msg time="2026-05-09T09:40:25.089876" level="INFO">${cell_text} = ****001 - Phạm Trần Thiện - Khoa Công nghệ thông tin</msg>
<var>${cell_text}</var>
<arg>xpath://table[contains(@class, 'schedule-table')]/tbody/tr[${index}]/td[8]</arg>
<doc>Returns the text value of the element identified by ``locator``.</doc>
<status status="PASS" start="2026-05-09T09:40:25.062361" elapsed="0.027580"/>
</kw>
<kw name="Should Contain" owner="BuiltIn">
<arg>${cell_text}</arg>
<arg>${search_keyword}</arg>
<arg>msg=Dòng ${index} không khớp từ khóa</arg>
<doc>Fails if ``container`` does not contain ``item`` one or more times.</doc>
<status status="PASS" start="2026-05-09T09:40:25.090183" elapsed="0.000367"/>
</kw>
<var name="${index}">6</var>
<status status="PASS" start="2026-05-09T09:40:25.062144" elapsed="0.028486"/>
</iter>
<iter>
<kw name="Get Text" owner="SeleniumLibrary">
<msg time="2026-05-09T09:40:25.115676" level="INFO">${cell_text} = ****001 - Phạm Trần Thiện - Khoa Công nghệ thông tin</msg>
<var>${cell_text}</var>
<arg>xpath://table[contains(@class, 'schedule-table')]/tbody/tr[${index}]/td[8]</arg>
<doc>Returns the text value of the element identified by ``locator``.</doc>
<status status="PASS" start="2026-05-09T09:40:25.090924" elapsed="0.024829"/>
</kw>
<kw name="Should Contain" owner="BuiltIn">
<arg>${cell_text}</arg>
<arg>${search_keyword}</arg>
<arg>msg=Dòng ${index} không khớp từ khóa</arg>
<doc>Fails if ``container`` does not contain ``item`` one or more times.</doc>
<status status="PASS" start="2026-05-09T09:40:25.115998" elapsed="0.000439"/>
</kw>
<var name="${index}">7</var>
<status status="PASS" start="2026-05-09T09:40:25.090798" elapsed="0.025738"/>
</iter>
<iter>
<kw name="Get Text" owner="SeleniumLibrary">
<msg time="2026-05-09T09:40:25.153562" level="INFO">${cell_text} = ****001 - Phạm Trần Thiện - Khoa Công nghệ thông tin</msg>
<var>${cell_text}</var>
<arg>xpath://table[contains(@class, 'schedule-table')]/tbody/tr[${index}]/td[8]</arg>
<doc>Returns the text value of the element identified by ``locator``.</doc>
<status status="PASS" start="2026-05-09T09:40:25.116906" elapsed="0.036775"/>
</kw>
<kw name="Should Contain" owner="BuiltIn">
<arg>${cell_text}</arg>
<arg>${search_keyword}</arg>
<arg>msg=Dòng ${index} không khớp từ khóa</arg>
<doc>Fails if ``container`` does not contain ``item`` one or more times.</doc>
<status status="PASS" start="2026-05-09T09:40:25.154231" elapsed="0.000982"/>
</kw>
<var name="${index}">8</var>
<status status="PASS" start="2026-05-09T09:40:25.116752" elapsed="0.038654"/>
</iter>
<iter>
<kw name="Get Text" owner="SeleniumLibrary">
<msg time="2026-05-09T09:40:25.186980" level="INFO">${cell_text} = ****001 - Phạm Trần Thiện - Khoa Công nghệ thông tin</msg>
<var>${cell_text}</var>
<arg>xpath://table[contains(@class, 'schedule-table')]/tbody/tr[${index}]/td[8]</arg>
<doc>Returns the text value of the element identified by ``locator``.</doc>
<status status="PASS" start="2026-05-09T09:40:25.156070" elapsed="0.031190"/>
</kw>
<kw name="Should Contain" owner="BuiltIn">
<arg>${cell_text}</arg>
<arg>${search_keyword}</arg>
<arg>msg=Dòng ${index} không khớp từ khóa</arg>
<doc>Fails if ``container`` does not contain ``item`` one or more times.</doc>
<status status="PASS" start="2026-05-09T09:40:25.188113" elapsed="0.000864"/>
</kw>
<var name="${index}">9</var>
<status status="PASS" start="2026-05-09T09:40:25.155718" elapsed="0.033436"/>
</iter>
<iter>
<kw name="Get Text" owner="SeleniumLibrary">
<msg time="2026-05-09T09:40:25.215773" level="INFO">${cell_text} = ****001 - Phạm Trần Thiện - Khoa Công nghệ thông tin</msg>
<var>${cell_text}</var>
<arg>xpath://table[contains(@class, 'schedule-table')]/tbody/tr[${index}]/td[8]</arg>
<doc>Returns the text value of the element identified by ``locator``.</doc>
<status status="PASS" start="2026-05-09T09:40:25.189744" elapsed="0.026151"/>
</kw>
<kw name="Should Contain" owner="BuiltIn">
<arg>${cell_text}</arg>
<arg>${search_keyword}</arg>
<arg>msg=Dòng ${index} không khớp từ khóa</arg>
<doc>Fails if ``container`` does not contain ``item`` one or more times.</doc>
<status status="PASS" start="2026-05-09T09:40:25.216290" elapsed="0.000777"/>
</kw>
<var name="${index}">10</var>
<status status="PASS" start="2026-05-09T09:40:25.189485" elapsed="0.027732"/>
</iter>
<iter>
<kw name="Get Text" owner="SeleniumLibrary">
<msg time="2026-05-09T09:40:25.244359" level="INFO">${cell_text} = **183 - Trần Hoàng Việt - Khoa Công nghệ thông tin</msg>
<var>${cell_text}</var>
<arg>xpath://table[contains(@class, 'schedule-table')]/tbody/tr[${index}]/td[8]</arg>
<doc>Returns the text value of the element identified by ``locator``.</doc>
<status status="PASS" start="2026-05-09T09:40:25.217772" elapsed="0.026681"/>
</kw>
<kw name="Should Contain" owner="BuiltIn">
<arg>${cell_text}</arg>
<arg>${search_keyword}</arg>
<arg>msg=Dòng ${index} không khớp từ khóa</arg>
<doc>Fails if ``container`` does not contain ``item`` one or more times.</doc>
<status status="PASS" start="2026-05-09T09:40:25.244748" elapsed="0.000571"/>
</kw>
<var name="${index}">11</var>
<status status="PASS" start="2026-05-09T09:40:25.217505" elapsed="0.027936"/>
</iter>
<iter>
<kw name="Get Text" owner="SeleniumLibrary">
<msg time="2026-05-09T09:40:25.284395" level="INFO">${cell_text} = **183 - Trần Hoàng Việt - Khoa Công nghệ thông tin</msg>
<var>${cell_text}</var>
<arg>xpath://table[contains(@class, 'schedule-table')]/tbody/tr[${index}]/td[8]</arg>
<doc>Returns the text value of the element identified by ``locator``.</doc>
<status status="PASS" start="2026-05-09T09:40:25.245843" elapsed="0.038654"/>
</kw>
<kw name="Should Contain" owner="BuiltIn">
<arg>${cell_text}</arg>
<arg>${search_keyword}</arg>
<arg>msg=Dòng ${index} không khớp từ khóa</arg>
<doc>Fails if ``container`` does not contain ``item`` one or more times.</doc>
<status status="PASS" start="2026-05-09T09:40:25.284824" elapsed="0.000601"/>
</kw>
<var name="${index}">12</var>
<status status="PASS" start="2026-05-09T09:40:25.245666" elapsed="0.039889"/>
</iter>
<iter>
<kw name="Get Text" owner="SeleniumLibrary">
<msg time="2026-05-09T09:40:25.320538" level="INFO">${cell_text} = **183 - Trần Hoàng Việt - Khoa Công nghệ thông tin</msg>
<var>${cell_text}</var>
<arg>xpath://table[contains(@class, 'schedule-table')]/tbody/tr[${index}]/td[8]</arg>
<doc>Returns the text value of the element identified by ``locator``.</doc>
<status status="PASS" start="2026-05-09T09:40:25.285960" elapsed="0.034664"/>
</kw>
<kw name="Should Contain" owner="BuiltIn">
<arg>${cell_text}</arg>
<arg>${search_keyword}</arg>
<arg>msg=Dòng ${index} không khớp từ khóa</arg>
<doc>Fails if ``container`` does not contain ``item`` one or more times.</doc>
<status status="PASS" start="2026-05-09T09:40:25.321008" elapsed="0.000611"/>
</kw>
<var name="${index}">13</var>
<status status="PASS" start="2026-05-09T09:40:25.285776" elapsed="0.036011"/>
</iter>
<iter>
<kw name="Get Text" owner="SeleniumLibrary">
<msg time="2026-05-09T09:40:25.353162" level="INFO">${cell_text} = **183 - Trần Hoàng Việt - Khoa Công nghệ thông tin</msg>
<var>${cell_text}</var>
<arg>xpath://table[contains(@class, 'schedule-table')]/tbody/tr[${index}]/td[8]</arg>
<doc>Returns the text value of the element identified by ``locator``.</doc>
<status status="PASS" start="2026-05-09T09:40:25.322402" elapsed="0.030844"/>
</kw>
<kw name="Should Contain" owner="BuiltIn">
<arg>${cell_text}</arg>
<arg>${search_keyword}</arg>
<arg>msg=Dòng ${index} không khớp từ khóa</arg>
<doc>Fails if ``container`` does not contain ``item`` one or more times.</doc>
<status status="PASS" start="2026-05-09T09:40:25.353500" elapsed="0.000453"/>
</kw>
<var name="${index}">14</var>
<status status="PASS" start="2026-05-09T09:40:25.322137" elapsed="0.031923"/>
</iter>
<iter>
<kw name="Get Text" owner="SeleniumLibrary">
<msg time="2026-05-09T09:40:25.385537" level="INFO">${cell_text} = **183 - Trần Hoàng Việt - Khoa Công nghệ thông tin</msg>
<var>${cell_text}</var>
<arg>xpath://table[contains(@class, 'schedule-table')]/tbody/tr[${index}]/td[8]</arg>
<doc>Returns the text value of the element identified by ``locator``.</doc>
<status status="PASS" start="2026-05-09T09:40:25.354447" elapsed="0.031176"/>
</kw>
<kw name="Should Contain" owner="BuiltIn">
<arg>${cell_text}</arg>
<arg>${search_keyword}</arg>
<arg>msg=Dòng ${index} không khớp từ khóa</arg>
<doc>Fails if ``container`` does not contain ``item`` one or more times.</doc>
<status status="PASS" start="2026-05-09T09:40:25.385935" elapsed="0.000407"/>
</kw>
<var name="${index}">15</var>
<status status="PASS" start="2026-05-09T09:40:25.354253" elapsed="0.032152"/>
</iter>
<iter>
<kw name="Get Text" owner="SeleniumLibrary">
<msg time="2026-05-09T09:40:25.434817" level="INFO">${cell_text} = **183 - Trần Hoàng Việt - Khoa Công nghệ thông tin</msg>
<var>${cell_text}</var>
<arg>xpath://table[contains(@class, 'schedule-table')]/tbody/tr[${index}]/td[8]</arg>
<doc>Returns the text value of the element identified by ``locator``.</doc>
<status status="PASS" start="2026-05-09T09:40:25.386676" elapsed="0.048250"/>
</kw>
<kw name="Should Contain" owner="BuiltIn">
<arg>${cell_text}</arg>
<arg>${search_keyword}</arg>
<arg>msg=Dòng ${index} không khớp từ khóa</arg>
<doc>Fails if ``container`` does not contain ``item`` one or more times.</doc>
<status status="PASS" start="2026-05-09T09:40:25.435265" elapsed="0.000658"/>
</kw>
<var name="${index}">16</var>
<status status="PASS" start="2026-05-09T09:40:25.386532" elapsed="0.049533"/>
</iter>
<iter>
<kw name="Get Text" owner="SeleniumLibrary">
<msg time="2026-05-09T09:40:25.493255" level="INFO">${cell_text} = **183 - Trần Hoàng Việt - Khoa Công nghệ thông tin</msg>
<var>${cell_text}</var>
<arg>xpath://table[contains(@class, 'schedule-table')]/tbody/tr[${index}]/td[8]</arg>
<doc>Returns the text value of the element identified by ``locator``.</doc>
<status status="PASS" start="2026-05-09T09:40:25.436548" elapsed="0.056784"/>
</kw>
<kw name="Should Contain" owner="BuiltIn">
<arg>${cell_text}</arg>
<arg>${search_keyword}</arg>
<arg>msg=Dòng ${index} không khớp từ khóa</arg>
<doc>Fails if ``container`` does not contain ``item`` one or more times.</doc>
<status status="PASS" start="2026-05-09T09:40:25.493579" elapsed="0.000431"/>
</kw>
<var name="${index}">17</var>
<status status="PASS" start="2026-05-09T09:40:25.436330" elapsed="0.057774"/>
</iter>
<iter>
<kw name="Get Text" owner="SeleniumLibrary">
<msg time="2026-05-09T09:40:25.567230" level="INFO">${cell_text} = ****021 - Trần Đình Luyện - Khoa Công nghệ thông tin</msg>
<var>${cell_text}</var>
<arg>xpath://table[contains(@class, 'schedule-table')]/tbody/tr[${index}]/td[8]</arg>
<doc>Returns the text value of the element identified by ``locator``.</doc>
<status status="PASS" start="2026-05-09T09:40:25.494450" elapsed="0.072887"/>
</kw>
<kw name="Should Contain" owner="BuiltIn">
<arg>${cell_text}</arg>
<arg>${search_keyword}</arg>
<arg>msg=Dòng ${index} không khớp từ khóa</arg>
<doc>Fails if ``container`` does not contain ``item`` one or more times.</doc>
<status status="PASS" start="2026-05-09T09:40:25.567790" elapsed="0.000638"/>
</kw>
<var name="${index}">18</var>
<status status="PASS" start="2026-05-09T09:40:25.494286" elapsed="0.074272"/>
</iter>
<iter>
<kw name="Get Text" owner="SeleniumLibrary">
<msg time="2026-05-09T09:40:25.609267" level="INFO">${cell_text} = ****021 - Trần Đình Luyện - Khoa Công nghệ thông tin</msg>
<var>${cell_text}</var>
<arg>xpath://table[contains(@class, 'schedule-table')]/tbody/tr[${index}]/td[8]</arg>
<doc>Returns the text value of the element identified by ``locator``.</doc>
<status status="PASS" start="2026-05-09T09:40:25.568995" elapsed="0.040354"/>
</kw>
<kw name="Should Contain" owner="BuiltIn">
<arg>${cell_text}</arg>
<arg>${search_keyword}</arg>
<arg>msg=Dòng ${index} không khớp từ khóa</arg>
<doc>Fails if ``container`` does not contain ``item`` one or more times.</doc>
<status status="PASS" start="2026-05-09T09:40:25.609608" elapsed="0.000487"/>
</kw>
<var name="${index}">19</var>
<status status="PASS" start="2026-05-09T09:40:25.568802" elapsed="0.041407"/>
</iter>
<iter>
<kw name="Get Text" owner="SeleniumLibrary">
<msg time="2026-05-09T09:40:25.642380" level="INFO">${cell_text} = ****021 - Trần Đình Luyện - Khoa Công nghệ thông tin</msg>
<var>${cell_text}</var>
<arg>xpath://table[contains(@class, 'schedule-table')]/tbody/tr[${index}]/td[8]</arg>
<doc>Returns the text value of the element identified by ``locator``.</doc>
<status status="PASS" start="2026-05-09T09:40:25.610602" elapsed="0.031871"/>
</kw>
<kw name="Should Contain" owner="BuiltIn">
<arg>${cell_text}</arg>
<arg>${search_keyword}</arg>
<arg>msg=Dòng ${index} không khớp từ khóa</arg>
<doc>Fails if ``container`` does not contain ``item`` one or more times.</doc>
<status status="PASS" start="2026-05-09T09:40:25.642753" elapsed="0.000487"/>
</kw>
<var name="${index}">20</var>
<status status="PASS" start="2026-05-09T09:40:25.610424" elapsed="0.032928"/>
</iter>
<iter>
<kw name="Get Text" owner="SeleniumLibrary">
<msg time="2026-05-09T09:40:25.670924" level="INFO">${cell_text} = ****021 - Trần Đình Luyện - Khoa Công nghệ thông tin</msg>
<var>${cell_text}</var>
<arg>xpath://table[contains(@class, 'schedule-table')]/tbody/tr[${index}]/td[8]</arg>
<doc>Returns the text value of the element identified by ``locator``.</doc>
<status status="PASS" start="2026-05-09T09:40:25.643733" elapsed="0.027290"/>
</kw>
<kw name="Should Contain" owner="BuiltIn">
<arg>${cell_text}</arg>
<arg>${search_keyword}</arg>
<arg>msg=Dòng ${index} không khớp từ khóa</arg>
<doc>Fails if ``container`` does not contain ``item`` one or more times.</doc>
<status status="PASS" start="2026-05-09T09:40:25.671325" elapsed="0.002838"/>
</kw>
<var name="${index}">21</var>
<status status="PASS" start="2026-05-09T09:40:25.643565" elapsed="0.031359"/>
</iter>
<iter>
<kw name="Get Text" owner="SeleniumLibrary">
<msg time="2026-05-09T09:40:25.712265" level="INFO">${cell_text} = ****021 - Trần Đình Luyện - Khoa Công nghệ thông tin</msg>
<var>${cell_text}</var>
<arg>xpath://table[contains(@class, 'schedule-table')]/tbody/tr[${index}]/td[8]</arg>
<doc>Returns the text value of the element identified by ``locator``.</doc>
<status status="PASS" start="2026-05-09T09:40:25.677218" elapsed="0.035132"/>
</kw>
<kw name="Should Contain" owner="BuiltIn">
<arg>${cell_text}</arg>
<arg>${search_keyword}</arg>
<arg>msg=Dòng ${index} không khớp từ khóa</arg>
<doc>Fails if ``container`` does not contain ``item`` one or more times.</doc>
<status status="PASS" start="2026-05-09T09:40:25.712649" elapsed="0.000533"/>
</kw>
<var name="${index}">22</var>
<status status="PASS" start="2026-05-09T09:40:25.676110" elapsed="0.037185"/>
</iter>
<iter>
<kw name="Get Text" owner="SeleniumLibrary">
<msg time="2026-05-09T09:40:25.762909" level="INFO">${cell_text} = ****021 - Trần Đình Luyện - Khoa Công nghệ thông tin</msg>
<var>${cell_text}</var>
<arg>xpath://table[contains(@class, 'schedule-table')]/tbody/tr[${index}]/td[8]</arg>
<doc>Returns the text value of the element identified by ``locator``.</doc>
<status status="PASS" start="2026-05-09T09:40:25.713669" elapsed="0.049336"/>
</kw>
<kw name="Should Contain" owner="BuiltIn">
<arg>${cell_text}</arg>
<arg>${search_keyword}</arg>
<arg>msg=Dòng ${index} không khớp từ khóa</arg>
<doc>Fails if ``container`` does not contain ``item`` one or more times.</doc>
<status status="PASS" start="2026-05-09T09:40:25.763278" elapsed="0.000489"/>
</kw>
<var name="${index}">23</var>
<status status="PASS" start="2026-05-09T09:40:25.713502" elapsed="0.050379"/>
</iter>
<iter>
<kw name="Get Text" owner="SeleniumLibrary">
<msg time="2026-05-09T09:40:25.813533" level="INFO">${cell_text} = ****021 - Trần Đình Luyện - Khoa Công nghệ thông tin</msg>
<var>${cell_text}</var>
<arg>xpath://table[contains(@class, 'schedule-table')]/tbody/tr[${index}]/td[8]</arg>
<doc>Returns the text value of the element identified by ``locator``.</doc>
<status status="PASS" start="2026-05-09T09:40:25.764260" elapsed="0.049383"/>
</kw>
<kw name="Should Contain" owner="BuiltIn">
<arg>${cell_text}</arg>
<arg>${search_keyword}</arg>
<arg>msg=Dòng ${index} không khớp từ khóa</arg>
<doc>Fails if ``container`` does not contain ``item`` one or more times.</doc>
<status status="PASS" start="2026-05-09T09:40:25.813973" elapsed="0.000537"/>
</kw>
<var name="${index}">24</var>
<status status="PASS" start="2026-05-09T09:40:25.764089" elapsed="0.050538"/>
</iter>
<iter>
<kw name="Get Text" owner="SeleniumLibrary">
<msg time="2026-05-09T09:40:25.866386" level="INFO">${cell_text} = ****021 - Trần Đình Luyện - Khoa Công nghệ thông tin</msg>
<var>${cell_text}</var>
<arg>xpath://table[contains(@class, 'schedule-table')]/tbody/tr[${index}]/td[8]</arg>
<doc>Returns the text value of the element identified by ``locator``.</doc>
<status status="PASS" start="2026-05-09T09:40:25.815041" elapsed="0.051438"/>
</kw>
<kw name="Should Contain" owner="BuiltIn">
<arg>${cell_text}</arg>
<arg>${search_keyword}</arg>
<arg>msg=Dòng ${index} không khớp từ khóa</arg>
<doc>Fails if ``container`` does not contain ``item`` one or more times.</doc>
<status status="PASS" start="2026-05-09T09:40:25.866768" elapsed="0.000513"/>
</kw>
<var name="${index}">25</var>
<status status="PASS" start="2026-05-09T09:40:25.814858" elapsed="0.052547"/>
</iter>
<iter>
<kw name="Get Text" owner="SeleniumLibrary">
<msg time="2026-05-09T09:40:25.930937" level="INFO">${cell_text} = ****021 - Trần Đình Luyện - Khoa Công nghệ thông tin</msg>
<var>${cell_text}</var>
<arg>xpath://table[contains(@class, 'schedule-table')]/tbody/tr[${index}]/td[8]</arg>
<doc>Returns the text value of the element identified by ``locator``.</doc>
<status status="PASS" start="2026-05-09T09:40:25.867812" elapsed="0.063603"/>
</kw>
<kw name="Should Contain" owner="BuiltIn">
<arg>${cell_text}</arg>
<arg>${search_keyword}</arg>
<arg>msg=Dòng ${index} không khớp từ khóa</arg>
<doc>Fails if ``container`` does not contain ``item`` one or more times.</doc>
<status status="PASS" start="2026-05-09T09:40:25.931687" elapsed="0.000540"/>
</kw>
<var name="${index}">26</var>
<status status="PASS" start="2026-05-09T09:40:25.867623" elapsed="0.064727"/>
</iter>
<iter>
<kw name="Get Text" owner="SeleniumLibrary">
<msg time="2026-05-09T09:40:25.966842" level="INFO">${cell_text} = ****021 - Trần Đình Luyện - Khoa Công nghệ thông tin</msg>
<var>${cell_text}</var>
<arg>xpath://table[contains(@class, 'schedule-table')]/tbody/tr[${index}]/td[8]</arg>
<doc>Returns the text value of the element identified by ``locator``.</doc>
<status status="PASS" start="2026-05-09T09:40:25.932952" elapsed="0.034016"/>
</kw>
<kw name="Should Contain" owner="BuiltIn">
<arg>${cell_text}</arg>
<arg>${search_keyword}</arg>
<arg>msg=Dòng ${index} không khớp từ khóa</arg>
<doc>Fails if ``container`` does not contain ``item`` one or more times.</doc>
<status status="PASS" start="2026-05-09T09:40:25.967268" elapsed="0.000500"/>
</kw>
<var name="${index}">27</var>
<status status="PASS" start="2026-05-09T09:40:25.932734" elapsed="0.035135"/>
</iter>
<iter>
<kw name="Get Text" owner="SeleniumLibrary">
<msg time="2026-05-09T09:40:25.989613" level="INFO">${cell_text} = ****021 - Trần Đình Luyện - Khoa Công nghệ thông tin</msg>
<var>${cell_text}</var>
<arg>xpath://table[contains(@class, 'schedule-table')]/tbody/tr[${index}]/td[8]</arg>
<doc>Returns the text value of the element identified by ``locator``.</doc>
<status status="PASS" start="2026-05-09T09:40:25.968227" elapsed="0.021461"/>
</kw>
<kw name="Should Contain" owner="BuiltIn">
<arg>${cell_text}</arg>
<arg>${search_keyword}</arg>
<arg>msg=Dòng ${index} không khớp từ khóa</arg>
<doc>Fails if ``container`` does not contain ``item`` one or more times.</doc>
<status status="PASS" start="2026-05-09T09:40:25.989927" elapsed="0.000435"/>
</kw>
<var name="${index}">28</var>
<status status="PASS" start="2026-05-09T09:40:25.968056" elapsed="0.022418"/>
</iter>
<iter>
<kw name="Get Text" owner="SeleniumLibrary">
<msg time="2026-05-09T09:40:26.014854" level="INFO">${cell_text} = ****021 - Trần Đình Luyện - Khoa Công nghệ thông tin</msg>
<var>${cell_text}</var>
<arg>xpath://table[contains(@class, 'schedule-table')]/tbody/tr[${index}]/td[8]</arg>
<doc>Returns the text value of the element identified by ``locator``.</doc>
<status status="PASS" start="2026-05-09T09:40:25.990872" elapsed="0.024071"/>
</kw>
<kw name="Should Contain" owner="BuiltIn">
<arg>${cell_text}</arg>
<arg>${search_keyword}</arg>
<arg>msg=Dòng ${index} không khớp từ khóa</arg>
<doc>Fails if ``container`` does not contain ``item`` one or more times.</doc>
<status status="PASS" start="2026-05-09T09:40:26.015223" elapsed="0.000499"/>
</kw>
<var name="${index}">29</var>
<status status="PASS" start="2026-05-09T09:40:25.990678" elapsed="0.025160"/>
</iter>
<iter>
<kw name="Get Text" owner="SeleniumLibrary">
<msg time="2026-05-09T09:40:26.041384" level="INFO">${cell_text} = ****021 - Trần Đình Luyện - Khoa Công nghệ thông tin</msg>
<var>${cell_text}</var>
<arg>xpath://table[contains(@class, 'schedule-table')]/tbody/tr[${index}]/td[8]</arg>
<doc>Returns the text value of the element identified by ``locator``.</doc>
<status status="PASS" start="2026-05-09T09:40:26.016274" elapsed="0.025188"/>
</kw>
<kw name="Should Contain" owner="BuiltIn">
<arg>${cell_text}</arg>
<arg>${search_keyword}</arg>
<arg>msg=Dòng ${index} không khớp từ khóa</arg>
<doc>Fails if ``container`` does not contain ``item`` one or more times.</doc>
<status status="PASS" start="2026-05-09T09:40:26.041699" elapsed="0.000711"/>
</kw>
<var name="${index}">30</var>
<status status="PASS" start="2026-05-09T09:40:26.016090" elapsed="0.026435"/>
</iter>
<iter>
<kw name="Get Text" owner="SeleniumLibrary">
<msg time="2026-05-09T09:40:26.074574" level="INFO">${cell_text} = ****021 - Trần Đình Luyện - Khoa Công nghệ thông tin</msg>
<var>${cell_text}</var>
<arg>xpath://table[contains(@class, 'schedule-table')]/tbody/tr[${index}]/td[8]</arg>
<doc>Returns the text value of the element identified by ``locator``.</doc>
<status status="PASS" start="2026-05-09T09:40:26.042845" elapsed="0.031847"/>
</kw>
<kw name="Should Contain" owner="BuiltIn">
<arg>${cell_text}</arg>
<arg>${search_keyword}</arg>
<arg>msg=Dòng ${index} không khớp từ khóa</arg>
<doc>Fails if ``container`` does not contain ``item`` one or more times.</doc>
<status status="PASS" start="2026-05-09T09:40:26.075057" elapsed="0.000715"/>
</kw>
<var name="${index}">31</var>
<status status="PASS" start="2026-05-09T09:40:26.042706" elapsed="0.033276"/>
</iter>
<iter>
<kw name="Get Text" owner="SeleniumLibrary">
<msg time="2026-05-09T09:40:26.108090" level="INFO">${cell_text} = ****021 - Trần Đình Luyện - Khoa Công nghệ thông tin</msg>
<var>${cell_text}</var>
<arg>xpath://table[contains(@class, 'schedule-table')]/tbody/tr[${index}]/td[8]</arg>
<doc>Returns the text value of the element identified by ``locator``.</doc>
<status status="PASS" start="2026-05-09T09:40:26.076532" elapsed="0.031646"/>
</kw>
<kw name="Should Contain" owner="BuiltIn">
<arg>${cell_text}</arg>
<arg>${search_keyword}</arg>
<arg>msg=Dòng ${index} không khớp từ khóa</arg>
<doc>Fails if ``container`` does not contain ``item`` one or more times.</doc>
<status status="PASS" start="2026-05-09T09:40:26.108455" elapsed="0.000501"/>
</kw>
<var name="${index}">32</var>
<status status="PASS" start="2026-05-09T09:40:26.076295" elapsed="0.032776"/>
</iter>
<iter>
<kw name="Get Text" owner="SeleniumLibrary">
<msg time="2026-05-09T09:40:26.140664" level="INFO">${cell_text} = ****021 - Trần Đình Luyện - Khoa Công nghệ thông tin</msg>
<var>${cell_text}</var>
<arg>xpath://table[contains(@class, 'schedule-table')]/tbody/tr[${index}]/td[8]</arg>
<doc>Returns the text value of the element identified by ``locator``.</doc>
<status status="PASS" start="2026-05-09T09:40:26.109439" elapsed="0.031296"/>
</kw>
<kw name="Should Contain" owner="BuiltIn">
<arg>${cell_text}</arg>
<arg>${search_keyword}</arg>
<arg>msg=Dòng ${index} không khớp từ khóa</arg>
<doc>Fails if ``container`` does not contain ``item`` one or more times.</doc>
<status status="PASS" start="2026-05-09T09:40:26.140960" elapsed="0.000484"/>
</kw>
<var name="${index}">33</var>
<status status="PASS" start="2026-05-09T09:40:26.109274" elapsed="0.032277"/>
</iter>
<iter>
[...]
</kw>
<kw name="Get Location" owner="SeleniumLibrary">
<msg time="2026-05-09T09:45:11.035705" level="INFO">${current_url} = https://daotao.qnu.edu.vn/login</msg>
<var>${current_url}</var>
<doc>Returns the current browser window URL.</doc>
<status status="PASS" start="2026-05-09T09:45:11.030016" elapsed="0.005754"/>
</kw>
<kw name="Should Contain" owner="BuiltIn">
<arg>${current_url}</arg>
<arg>${URL_LOGIN}</arg>
<doc>Fails if ``container`` does not contain ``item`` one or more times.</doc>
<status status="PASS" start="2026-05-09T09:45:11.035994" elapsed="0.000280"/>
</kw>
<doc>Điều hướng và xác nhận đã vào đúng trang Đăng nhập</doc>
<status status="PASS" start="2026-05-09T09:45:10.514385" elapsed="0.522005"/>
</kw>
<arg>Mo Trinh Duyet QNU</arg>
<arg>AND</arg>
<arg>Navigate To Login Page</arg>
<doc>Executes all the given keywords in a sequence.</doc>
<status status="PASS" start="2026-05-09T09:45:08.352775" elapsed="2.683704"/>
</kw>
<kw name="Login To System" owner="LoginPage">
<kw name="Wait Until Element Is Visible" owner="SeleniumLibrary">
<arg>${TXT_USERNAME}</arg>
<arg>15s</arg>
<doc>Waits until the element ``locator`` is visible.</doc>
<status status="PASS" start="2026-05-09T09:45:11.037804" elapsed="0.012673"/>
</kw>
<kw name="Input Text" owner="SeleniumLibrary">
<msg time="2026-05-09T09:45:11.051248" level="INFO">Typing text '4551050152' into text field 'name:email'.</msg>
<arg>${TXT_USERNAME}</arg>
<arg>${user}</arg>
<doc>Types the given ``text`` into the text field identified by ``locator``.</doc>
<status status="PASS" start="2026-05-09T09:45:11.050766" elapsed="0.241017"/>
</kw>
<kw name="Input Password" owner="SeleniumLibrary">
<msg time="2026-05-09T09:45:11.292350" level="INFO">Typing password into text field 'name:password'.</msg>
<msg time="2026-05-09T09:45:11.319430" level="INFO">Temporally setting log level to: NONE</msg>
<arg>${TXT_PASSWORD}</arg>
<arg>${pass}</arg>
<doc>Types the given password into the text field identified by ``locator``.</doc>
<status status="PASS" start="2026-05-09T09:45:11.292025" elapsed="0.088201"/>
</kw>
<kw name="Click Button" owner="SeleniumLibrary">
<msg time="2026-05-09T09:45:11.380617" level="INFO">Clicking button 'xpath://button[@type='submit']'.</msg>
<arg>${BTN_SUBMIT}</arg>
<doc>Clicks the button identified by ``locator``.</doc>
<status status="PASS" start="2026-05-09T09:45:11.380407" elapsed="0.081180"/>
</kw>
<arg>4551050152</arg>
<arg>1521050455</arg>
<doc>Keyword tổng hợp thực hiện các bước đăng nhập</doc>
<status status="PASS" start="2026-05-09T09:45:11.037344" elapsed="0.424422"/>
</kw>
<kw name="Navigate To Student Marks Page" owner="StudentMarksPage">
<kw name="Wait Until Element Is Visible" owner="SeleniumLibrary">
<arg>${MENU_XEM_DIEM}</arg>
<arg>20s</arg>
<doc>Waits until the element ``locator`` is visible.</doc>
<status status="PASS" start="2026-05-09T09:45:11.463313" elapsed="0.607206"/>
</kw>
<kw name="Click Element" owner="SeleniumLibrary">
<msg time="2026-05-09T09:45:12.071125" level="INFO">Clicking element 'xpath=//a[@href="/student/marks"]'.</msg>
<arg>${MENU_XEM_DIEM}</arg>
<doc>Click the element identified by ``locator``.</doc>
<status status="PASS" start="2026-05-09T09:45:12.070805" elapsed="0.084047"/>
</kw>
<kw name="Wait Until Location Contains" owner="SeleniumLibrary">
<arg>/student/marks</arg>
<arg>10s</arg>
<doc>Waits until the current URL contains ``expected``.</doc>
<status status="PASS" start="2026-05-09T09:45:12.155140" elapsed="0.012766"/>
</kw>
<kw name="Sleep" owner="BuiltIn">
<msg time="2026-05-09T09:45:17.169374" level="INFO">Slept 5 seconds.</msg>
<arg>5s</arg>
<doc>Pauses the test executed for the given time.</doc>
<status status="PASS" start="2026-05-09T09:45:12.168402" elapsed="5.001163"/>
</kw>
<status status="PASS" start="2026-05-09T09:45:11.462710" elapsed="5.707029"/>
</kw>
<kw name="Switch To View Program Marks" owner="StudentMarksPage">
<kw name="Wait Until Element Is Visible" owner="SeleniumLibrary">
<arg>${TBL_DIEM_CTDT}</arg>
<arg>timeout=15</arg>
<doc>Waits until the element ``locator`` is visible.</doc>
<status status="PASS" start="2026-05-09T09:45:17.170774" elapsed="0.038538"/>
</kw>
<kw name="Click Element" owner="SeleniumLibrary">
<msg time="2026-05-09T09:45:17.210024" level="INFO">Clicking element 'xpath=//input[@value='CTDT']'.</msg>
<arg>${RAD_XEM_DIEM_CTDT}</arg>
<doc>Click the element identified by ``locator``.</doc>
<status status="PASS" start="2026-05-09T09:45:17.209632" elapsed="0.092281"/>
</kw>
<kw name="Wait Until Element Is Visible" owner="SeleniumLibrary">
<arg>${TBL_DIEM_CTDT}</arg>
<arg>timeout=15</arg>
<doc>Waits until the element ``locator`` is visible.</doc>
<status status="PASS" start="2026-05-09T09:45:17.303199" elapsed="3.090210"/>
</kw>
<status status="PASS" start="2026-05-09T09:45:17.170292" elapsed="3.223221"/>
</kw>
<kw name="Open Details By Course ID" owner="StudentMarksPage">
<kw name="Set Variable" owner="BuiltIn">
<msg time="2026-05-09T09:45:20.395421" level="INFO">${locator_btn} = xpath=//td[text()='1010245']/parent::tr//button[@aria-label='expand row']</msg>
<var>${locator_btn}</var>
<arg>xpath=//td[text()='${course_id}']/parent::tr//button[@aria-label='expand row']</arg>
<doc>Returns the given values which can then be assigned to a variables.</doc>
<status status="PASS" start="2026-05-09T09:45:20.395027" elapsed="0.000463"/>
</kw>
<kw name="Wait Until Element Is Visible" owner="SeleniumLibrary">
<arg>${locator_btn}</arg>
<arg>timeout=10s</arg>
<doc>Waits until the element ``locator`` is visible.</doc>
<status status="PASS" start="2026-05-09T09:45:20.395728" elapsed="0.016737"/>
</kw>
<kw name="Scroll Element Into View" owner="SeleniumLibrary">
<arg>${locator_btn}</arg>
<doc>Scrolls the element identified by ``locator`` into view.</doc>
<status status="PASS" start="2026-05-09T09:45:20.412639" elapsed="0.312134"/>
</kw>
<kw name="Click Element" owner="SeleniumLibrary">
<msg time="2026-05-09T09:45:20.725500" level="INFO">Clicking element 'xpath=//td[text()='1010245']/parent::tr//button[@aria-label='expand row']'.</msg>
<arg>${locator_btn}</arg>
<doc>Click the element identified by ``locator``.</doc>
<status status="PASS" start="2026-05-09T09:45:20.725100" elapsed="0.170669"/>
</kw>
<kw name="Wait Until Page Contains" owner="SeleniumLibrary">
<msg time="2026-05-09T09:45:25.953032" level="FAIL">Text 'Chi tiết học phần: 1010245' did not appear in 5 seconds.</msg>
<arg>Chi tiết học phần: ${course_id}</arg>
<arg>timeout=5s</arg>
<doc>Waits until ``text`` appears on the current page.</doc>
<status status="FAIL" start="2026-05-09T09:45:20.896016" elapsed="5.059987">Text 'Chi tiết học phần: 1010245' did not appear in 5 seconds.</status>
</kw>
<arg>1010245</arg>
<status status="FAIL" start="2026-05-09T09:45:20.394316" elapsed="5.562066">Text 'Chi tiết học phần: 1010245' did not appear in 5 seconds.</status>
</kw>
<kw name="Dong Trinh Duyet QNU" owner="Common" type="TEARDOWN">
<kw name="Run Keyword If Test Failed" owner="BuiltIn">
<kw name="Thuc Hien Chup Anh Loi" owner="Common">
<kw name="Sleep" owner="BuiltIn">
<msg time="2026-05-09T09:45:27.959102" level="INFO">Slept 2 seconds.</msg>
<arg>2s</arg>
<doc>Pauses the test executed for the given time.</doc>
<status status="PASS" start="2026-05-09T09:45:25.958180" elapsed="2.001116"/>
</kw>
<kw name="Evaluate" owner="BuiltIn">
<msg time="2026-05-09T09:45:27.960127" level="INFO">${clean_name} = TC-039 Verify opening details of a course by course ID in Program Curriculum view</msg>
<var>${clean_name}</var>
<arg>'${TEST_NAME}'.replace(':', '')</arg>
<doc>Evaluates the given expression in Python and returns the result.</doc>
<status status="PASS" start="2026-05-09T09:45:27.959602" elapsed="0.000581"/>
</kw>
<kw name="Capture Page Screenshot" owner="SeleniumLibrary">
<msg time="2026-05-09T09:45:28.142343" level="INFO" html="true">&lt;/td&gt;&lt;/tr&gt;&lt;tr&gt;&lt;td colspan="3"&gt;&lt;a href="screenshots/TC-039%20Verify%20opening%20details%20of%20a%20course%20by%20course%20ID%20in%20Program%20Curriculum%20view_failure.png"&gt;&lt;img src="screenshots/TC-039%20Verify%20opening%20details%20of%20a%20course%20by%20course%20ID%20in%20Program%20Curriculum%20view_failure.png" width="800px"&gt;&lt;/a&gt;</msg>
<arg>${clean_name}_failure.png</arg>
<doc>Takes a screenshot of the current page and embeds it into a log file.</doc>
<status status="PASS" start="2026-05-09T09:45:27.960405" elapsed="0.182143"/>
</kw>
<status status="PASS" start="2026-05-09T09:45:25.957816" elapsed="2.184947"/>
</kw>
<arg>Thuc Hien Chup Anh Loi</arg>
<doc>Runs the given keyword with the given arguments, if the test failed.</doc>
<status status="PASS" start="2026-05-09T09:45:25.957528" elapsed="2.185372"/>
</kw>
<kw name="Close Browser" owner="SeleniumLibrary">
<doc>Closes the current browser.</doc>
<status status="PASS" start="2026-05-09T09:45:28.143189" elapsed="2.291651"/>
</kw>
<status status="PASS" start="2026-05-09T09:45:25.957074" elapsed="4.478013"/>
</kw>
<doc>Ở bảng Xem điểm CTĐT, mở chi tiết một môn học bằng mã học phần</doc>
<status status="FAIL" start="2026-05-09T09:45:08.352035" elapsed="22.083357">Text 'Chi tiết học phần: 1010245' did not appear in 5 seconds.</status>
</test>
<test id="s1-s6-t11" name="TC-040: Verify opening details of a course by course name in Program Curriculum view" line="91">
<kw name="Run Keywords" owner="BuiltIn" type="SETUP">
<kw name="Mo Trinh Duyet QNU" owner="Common">
<kw name="Open Browser" owner="SeleniumLibrary">
<msg time="2026-05-09T09:45:30.439154" level="INFO">Opening browser 'chrome' to base url 'https://daotao.qnu.edu.vn'.</msg>
<arg>${URL_QNU}</arg>
<arg>${BROWSER}</arg>
<doc>Opens a new browser instance to the optional ``url``.</doc>
<status status="PASS" start="2026-05-09T09:45:30.438812" elapsed="1.839070"/>
</kw>
<kw name="Maximize Browser Window" owner="SeleniumLibrary">
<doc>Maximizes current browser window.</doc>
<status status="PASS" start="2026-05-09T09:45:32.278143" elapsed="0.179018"/>
</kw>
<kw name="Set Screenshot Directory" owner="SeleniumLibrary">
<arg>Results/screenshots</arg>
<doc>Sets the directory for captured screenshots.</doc>
<status status="PASS" start="2026-05-09T09:45:32.457488" elapsed="0.000448"/>
</kw>
<status status="PASS" start="2026-05-09T09:45:30.438397" elapsed="2.019678"/>
</kw>
<kw name="Navigate To Login Page" owner="Navigate">
<kw name="Wait Until Element Is Visible" owner="SeleniumLibrary">
<arg>${BTN_LOGIN}</arg>
<arg>15s</arg>
<doc>Waits until the element ``locator`` is visible.</doc>
<status status="PASS" start="2026-05-09T09:45:32.458712" elapsed="0.033986"/>
</kw>
<kw name="Click Element" owner="SeleniumLibrary">
<msg time="2026-05-09T09:45:32.493408" level="INFO">Clicking element 'xpath:(//a[contains(text(),'Đăng nhập')])[2]'.</msg>
<arg>${BTN_LOGIN}</arg>
<doc>Click the element identified by ``locator``.</doc>
<status status="PASS" start="2026-05-09T09:45:32.493017" elapsed="0.198923"/>
</kw>
<kw name="Wait Until Element Is Visible" owner="SeleniumLibrary">
<arg>${TXT_USERNAME}</arg>
<arg>15s</arg>
<doc>Waits until the element ``locator`` is visible.</doc>
<status status="PASS" start="2026-05-09T09:45:32.692331" elapsed="0.066165"/>
</kw>
<kw name="Get Location" owner="SeleniumLibrary">
<msg time="2026-05-09T09:45:32.763301" level="INFO">${current_url} = https://daotao.qnu.edu.vn/login</msg>
<var>${current_url}</var>
<doc>Returns the current browser window URL.</doc>
<status status="PASS" start="2026-05-09T09:45:32.758769" elapsed="0.004609"/>
</kw>
<kw name="Should Contain" owner="BuiltIn">
<arg>${current_url}</arg>
<arg>${URL_LOGIN}</arg>
<doc>Fails if ``container`` does not contain ``item`` one or more times.</doc>
<status status="PASS" start="2026-05-09T09:45:32.763636" elapsed="0.000391"/>
</kw>
<doc>Điều hướng và xác nhận đã vào đúng trang Đăng nhập</doc>
<status status="PASS" start="2026-05-09T09:45:32.458351" elapsed="0.305852"/>
</kw>
<arg>Mo Trinh Duyet QNU</arg>
<arg>AND</arg>
<arg>Navigate To Login Page</arg>
<doc>Executes all the given keywords in a sequence.</doc>
<status status="PASS" start="2026-05-09T09:45:30.438027" elapsed="2.326319"/>
</kw>
<kw name="Login To System" owner="LoginPage">
<kw name="Wait Until Element Is Visible" owner="SeleniumLibrary">
<arg>${TXT_USERNAME}</arg>
<arg>15s</arg>
<doc>Waits until the element ``locator`` is visible.</doc>
<status status="PASS" start="2026-05-09T09:45:32.765532" elapsed="0.017160"/>
</kw>
<kw name="Input Text" owner="SeleniumLibrary">
<msg time="2026-05-09T09:45:32.783550" level="INFO">Typing text '4551050152' into text field 'name:email'.</msg>
<arg>${TXT_USERNAME}</arg>
<arg>${user}</arg>
<doc>Types the given ``text`` into the text field identified by ``locator``.</doc>
<status status="PASS" start="2026-05-09T09:45:32.783106" elapsed="0.123256"/>
</kw>
<kw name="Input Password" owner="SeleniumLibrary">
<msg time="2026-05-09T09:45:32.906983" level="INFO">Typing password into text field 'name:password'.</msg>
<msg time="2026-05-09T09:45:32.934795" level="INFO">Temporally setting log level to: NONE</msg>
<arg>${TXT_PASSWORD}</arg>
<arg>${pass}</arg>
<doc>Types the given password into the text field identified by ``locator``.</doc>
<status status="PASS" start="2026-05-09T09:45:32.906622" elapsed="0.099089"/>
</kw>
<kw name="Click Button" owner="SeleniumLibrary">
<msg time="2026-05-09T09:45:33.006242" level="INFO">Clicking button 'xpath://button[@type='submit']'.</msg>
<arg>${BTN_SUBMIT}</arg>
<doc>Clicks the button identified by ``locator``.</doc>
<status status="PASS" start="2026-05-09T09:45:33.005971" elapsed="0.109637"/>
</kw>
<arg>4551050152</arg>
<arg>1521050455</arg>
<doc>Keyword tổng hợp thực hiện các bước đăng nhập</doc>
<status status="PASS" start="2026-05-09T09:45:32.764988" elapsed="0.350915"/>
</kw>
<kw name="Navigate To Student Marks Page" owner="StudentMarksPage">
<kw name="Wait Until Element Is Visible" owner="SeleniumLibrary">
<arg>${MENU_XEM_DIEM}</arg>
<arg>20s</arg>
<doc>Waits until the element ``locator`` is visible.</doc>
<status status="PASS" start="2026-05-09T09:45:33.117572" elapsed="0.477715"/>
</kw>
<kw name="Click Element" owner="SeleniumLibrary">
<msg time="2026-05-09T09:45:33.595883" level="INFO">Clicking element 'xpath=//a[@href="/student/marks"]'.</msg>
<arg>${MENU_XEM_DIEM}</arg>
<doc>Click the element identified by ``locator``.</doc>
<status status="PASS" start="2026-05-09T09:45:33.595541" elapsed="0.085696"/>
</kw>
<kw name="Wait Until Location Contains" owner="SeleniumLibrary">
<arg>/student/marks</arg>
<arg>10s</arg>
<doc>Waits until the current URL contains ``expected``.</doc>
<status status="PASS" start="2026-05-09T09:45:33.681499" elapsed="0.030386"/>
</kw>
<kw name="Sleep" owner="BuiltIn">
<msg time="2026-05-09T09:45:38.712810" level="INFO">Slept 5 seconds.</msg>
<arg>5s</arg>
<doc>Pauses the test executed for the given time.</doc>
<status status="PASS" start="2026-05-09T09:45:33.712140" elapsed="5.000907"/>
</kw>
<status status="PASS" start="2026-05-09T09:45:33.116714" elapsed="5.596520"/>
</kw>
<kw name="Switch To View Program Marks" owner="StudentMarksPage">
<kw name="Wait Until Element Is Visible" owner="SeleniumLibrary">
<arg>${TBL_DIEM_CTDT}</arg>
<arg>timeout=15</arg>
<doc>Waits until the element ``locator`` is visible.</doc>
<status status="PASS" start="2026-05-09T09:45:38.714492" elapsed="0.036742"/>
</kw>
<kw name="Click Element" owner="SeleniumLibrary">
<msg time="2026-05-09T09:45:38.751895" level="INFO">Clicking element 'xpath=//input[@value='CTDT']'.</msg>
<arg>${RAD_XEM_DIEM_CTDT}</arg>
<doc>Click the element identified by ``locator``.</doc>
<status status="PASS" start="2026-05-09T09:45:38.751526" elapsed="0.134178"/>
</kw>
<kw name="Wait Until Element Is Visible" owner="SeleniumLibrary">
<arg>${TBL_DIEM_CTDT}</arg>
<arg>timeout=15</arg>
<doc>Waits until the element ``locator`` is visible.</doc>
<status status="PASS" start="2026-05-09T09:45:38.885962" elapsed="3.365967"/>
</kw>
<status status="PASS" start="2026-05-09T09:45:38.713996" elapsed="3.538111"/>
</kw>
<kw name="Open Details By Course Name" owner="StudentMarksPage">
<kw name="Set Variable" owner="BuiltIn">
<msg time="2026-05-09T09:45:42.253969" level="INFO">${xpath_name} = xpath=//td[contains(., 'Kỹ thuật lập trình')]</msg>
<var>${xpath_name}</var>
<arg>xpath=//td[contains(., '${course_name}')]</arg>
<doc>Returns the given values which can then be assigned to a variables.</doc>
<status status="PASS" start="2026-05-09T09:45:42.253493" elapsed="0.000599"/>
</kw>
<kw name="Set Variable" owner="BuiltIn">
<msg time="2026-05-09T09:45:42.254941" level="INFO">${xpath_button} = xpath=//td[contains(., 'Kỹ thuật lập trình')]/parent::tr//button[@aria-label='expand row']</msg>
<var>${xpath_button}</var>
<arg>${xpath_name}/parent::tr//button[@aria-label='expand row']</arg>
<doc>Returns the given values which can then be assigned to a variables.</doc>
<status status="PASS" start="2026-05-09T09:45:42.254393" elapsed="0.000631"/>
</kw>
<kw name="Wait Until Element Is Visible" owner="SeleniumLibrary">
<arg>${xpath_name}</arg>
<arg>timeout=10s</arg>
<doc>Waits until the element ``locator`` is visible.</doc>
<status status="PASS" start="2026-05-09T09:45:42.255233" elapsed="0.038921"/>
</kw>
<kw name="Scroll Element Into View" owner="SeleniumLibrary">
<arg>${xpath_button}</arg>
<doc>Scrolls the element identified by ``locator`` into view.</doc>
<status status="PASS" start="2026-05-09T09:45:42.294588" elapsed="0.311287"/>
</kw>
<kw name="Click Element" owner="SeleniumLibrary">
<msg time="2026-05-09T09:45:42.606581" level="INFO">Clicking element 'xpath=//td[contains(., 'Kỹ thuật lập trình')]/parent::tr//button[@aria-label='expand row']'.</msg>
<arg>${xpath_button}</arg>
<doc>Click the element identified by ``locator``.</doc>
<status status="PASS" start="2026-05-09T09:45:42.606185" elapsed="0.098581"/>
</kw>
<kw name="Wait Until Page Contains" owner="SeleniumLibrary">
<arg>Chi tiết học phần</arg>
<arg>timeout=7s</arg>
<doc>Waits until ``text`` appears on the current page.</doc>
<status status="PASS" start="2026-05-09T09:45:42.704938" elapsed="0.013001"/>
</kw>
<arg>Kỹ thuật lập trình</arg>
<status status="PASS" start="2026-05-09T09:45:42.252671" elapsed="0.465424"/>
</kw>
<kw name="Dong Trinh Duyet QNU" owner="Common" type="TEARDOWN">
<kw name="Run Keyword If Test Failed" owner="BuiltIn">
<arg>Thuc Hien Chup Anh Loi</arg>
<doc>Runs the given keyword with the given arguments, if the test failed.</doc>
<status status="PASS" start="2026-05-09T09:45:42.718895" elapsed="0.000346"/>
</kw>
<kw name="Close Browser" owner="SeleniumLibrary">
<doc>Closes the current browser.</doc>
<status status="PASS" start="2026-05-09T09:45:42.719473" elapsed="2.215653"/>
</kw>
<status status="PASS" start="2026-05-09T09:45:42.718564" elapsed="2.216786"/>
</kw>
<doc>Ở bảng Xem điểm CTĐT, mở chi tiết một môn học bằng tên học phần</doc>
<status status="PASS" start="2026-05-09T09:45:30.437200" elapsed="14.498459"/>
</test>
<status status="FAIL" start="2026-05-09T09:43:02.626138" elapsed="162.310567"/>
</suite>
<status status="FAIL" start="2026-05-09T09:39:50.771510" elapsed="354.166318"/>
</suite>
<statistics>
<total>
<stat pass="38" fail="2" skip="0">All Tests</stat>
</total>
<tag>
</tag>
<suite>
<stat name="Tests" id="s1" pass="38" fail="2" skip="0">Tests</stat>
<stat name="Faculty Schedule Tests" id="s1-s1" pass="9" fail="0" skip="0">Tests.Faculty Schedule Tests</stat>
<stat name="Login Tests" id="s1-s2" pass="6" fail="0" skip="0">Tests.Login Tests</stat>
<stat name="Navigation Tests" id="s1-s3" pass="3" fail="0" skip="0">Tests.Navigation Tests</stat>
<stat name="News Category Navigation Tests" id="s1-s4" pass="4" fail="0" skip="0">Tests.News Category Navigation Tests</stat>
<stat name="News Search Tests" id="s1-s5" pass="6" fail="1" skip="0">Tests.News Search Tests</stat>
<stat name="Student Marks Tests" id="s1-s6" pass="10" fail="1" skip="0">Tests.Student Marks Tests</stat>
</suite>
</statistics>
<errors>
</errors>
</robot>
