<?xml version="1.0" encoding="UTF-8"?>
<robot generator="Robot 7.3.2 (Python 3.14.0 on win32)" generated="2026-05-08T15:01:03.035198" rpa="false" schemaversion="5">
<suite id="s1" name="Tests" source="E:\n8nRobot\QNU_Automation_Project\Tests">
<suite id="s1-s1" name="Faculty Schedule Tests" source="E:\n8nRobot\QNU_Automation_Project\Tests\Faculty_Schedule_Tests.robot">
<test id="s1-s1-t1" name="TC-012: Verify Faculty Schedule Search By Accurate Lecturer ID" line="9">
<kw name="Run Keywords" owner="BuiltIn" type="SETUP">
<kw name="Mo Trinh Duyet QNU" owner="Common">
<kw name="Open Browser" owner="SeleniumLibrary">
<msg time="2026-05-08T15:01:03.481278" level="INFO">Opening browser 'chrome' to base url 'https://daotao.qnu.edu.vn'.</msg>
<arg>${URL_QNU}</arg>
<arg>${BROWSER}</arg>
<doc>Opens a new browser instance to the optional ``url``.</doc>
<status status="PASS" start="2026-05-08T15:01:03.480985" elapsed="4.053295"/>
</kw>
<kw name="Maximize Browser Window" owner="SeleniumLibrary">
<doc>Maximizes current browser window.</doc>
<status status="PASS" start="2026-05-08T15:01:07.535622" elapsed="0.145024"/>
</kw>
<kw name="Set Screenshot Directory" owner="SeleniumLibrary">
<arg>Results/screenshots</arg>
<doc>Sets the directory for captured screenshots.</doc>
<status status="PASS" start="2026-05-08T15:01:07.681118" elapsed="0.000780"/>
</kw>
<status status="PASS" start="2026-05-08T15:01:03.480652" elapsed="4.201478"/>
</kw>
<kw name="Navigate To Faculty Schedule Page" owner="Navigate">
<kw name="Wait Until Element Is Visible" owner="SeleniumLibrary">
<arg>${BTN_SCHEDULE}</arg>
<arg>15s</arg>
<doc>Waits until the element ``locator`` is visible.</doc>
<status status="PASS" start="2026-05-08T15:01:07.683680" elapsed="0.044845"/>
</kw>
<kw name="Click Element" owner="SeleniumLibrary">
<msg time="2026-05-08T15:01:07.729481" level="INFO">Clicking element 'xpath://a[contains(text(),'THỜI KHÓA BIỂU GIẢNG VIÊN')]'.</msg>
<arg>${BTN_SCHEDULE}</arg>
<doc>Click the element identified by ``locator``.</doc>
<status status="PASS" start="2026-05-08T15:01:07.728949" elapsed="0.112654"/>
</kw>
<kw name="Wait Until Element Is Visible" owner="SeleniumLibrary">
<arg>${HEADER_SCHEDULE}</arg>
<arg>15s</arg>
<doc>Waits until the element ``locator`` is visible.</doc>
<status status="PASS" start="2026-05-08T15:01:07.842084" elapsed="0.264060"/>
</kw>
<kw name="Get Location" owner="SeleniumLibrary">
<msg time="2026-05-08T15:01:08.117342" level="INFO">${current_url} = https://daotao.qnu.edu.vn/ThoiKhoaBieuGiangVien</msg>
<var>${current_url}</var>
<doc>Returns the current browser window URL.</doc>
<status status="PASS" start="2026-05-08T15:01:08.106642" elapsed="0.010824"/>
</kw>
<kw name="Should Contain" owner="BuiltIn">
<arg>${current_url}</arg>
<arg>${URL_SCHEDULE}</arg>
<doc>Fails if ``container`` does not contain ``item`` one or more times.</doc>
<status status="PASS" start="2026-05-08T15:01:08.117881" elapsed="0.000575"/>
</kw>
<doc>Điều hướng và xác nhận đã vào đúng trang Thời khóa biểu giảng viên</doc>
<status status="PASS" start="2026-05-08T15:01:07.682805" elapsed="0.435897"/>
</kw>
<arg>Mo Trinh Duyet QNU</arg>
<arg>AND</arg>
<arg>Navigate To Faculty Schedule Page</arg>
<doc>Executes all the given keywords in a sequence.</doc>
<status status="PASS" start="2026-05-08T15:01:03.480291" elapsed="4.638581"/>
</kw>
<kw name="Search Faculty Schedule" owner="FacultySchedulePage">
<kw name="Select Mui Dropdown Item" owner="FacultySchedulePage">
<kw name="Wait Until Element Is Visible" owner="SeleniumLibrary">
<arg>${input_locator}</arg>
<arg>15s</arg>
<doc>Waits until the element ``locator`` is visible.</doc>
<status status="PASS" start="2026-05-08T15:01:08.123255" elapsed="0.106573"/>
</kw>
<kw name="Click Element" owner="SeleniumLibrary">
<msg time="2026-05-08T15:01:08.231087" level="INFO">Clicking element 'xpath://label[text()='Năm học']/following-sibling::div//input'.</msg>
<arg>${input_locator}</arg>
<doc>Click the element identified by ``locator``.</doc>
<status status="PASS" start="2026-05-08T15:01:08.230400" elapsed="0.216927"/>
</kw>
<kw name="Wait Until Element Is Visible" owner="SeleniumLibrary">
<arg>xpath://li[contains(text(),'${value}')]</arg>
<arg>10s</arg>
<doc>Waits until the element ``locator`` is visible.</doc>
<status status="PASS" start="2026-05-08T15:01:08.447811" elapsed="0.038852"/>
</kw>
<kw name="Click Element" owner="SeleniumLibrary">
<msg time="2026-05-08T15:01:08.487776" level="INFO">Clicking element 'xpath://li[contains(text(),'2025-2026')]'.</msg>
<arg>xpath://li[contains(text(),'${value}')]</arg>
<doc>Click the element identified by ``locator``.</doc>
<status status="PASS" start="2026-05-08T15:01:08.487069" elapsed="0.121575"/>
</kw>
<arg>${INPUT_YEAR}</arg>
<arg>${year}</arg>
<status status="PASS" start="2026-05-08T15:01:08.121947" elapsed="0.487037"/>
</kw>
<kw name="Select Mui Dropdown Item" owner="FacultySchedulePage">
<kw name="Wait Until Element Is Visible" owner="SeleniumLibrary">
<arg>${input_locator}</arg>
<arg>15s</arg>
<doc>Waits until the element ``locator`` is visible.</doc>
<status status="PASS" start="2026-05-08T15:01:08.610584" elapsed="0.038866"/>
</kw>
<kw name="Click Element" owner="SeleniumLibrary">
<msg time="2026-05-08T15:01:08.650429" level="INFO">Clicking element 'xpath://label[text()='Học kỳ']/following-sibling::div//input'.</msg>
<arg>${input_locator}</arg>
<doc>Click the element identified by ``locator``.</doc>
<status status="PASS" start="2026-05-08T15:01:08.649876" elapsed="0.146602"/>
</kw>
<kw name="Wait Until Element Is Visible" owner="SeleniumLibrary">
<arg>xpath://li[contains(text(),'${value}')]</arg>
<arg>10s</arg>
<doc>Waits until the element ``locator`` is visible.</doc>
<status status="PASS" start="2026-05-08T15:01:08.796990" elapsed="0.042333"/>
</kw>
<kw name="Click Element" owner="SeleniumLibrary">
<msg time="2026-05-08T15:01:08.840336" level="INFO">Clicking element 'xpath://li[contains(text(),'Học kỳ 1')]'.</msg>
<arg>xpath://li[contains(text(),'${value}')]</arg>
<doc>Click the element identified by ``locator``.</doc>
<status status="PASS" start="2026-05-08T15:01:08.839743" elapsed="0.119622"/>
</kw>
<arg>${INPUT_SEMESTER}</arg>
<arg>${semester}</arg>
<status status="PASS" start="2026-05-08T15:01:08.609576" elapsed="0.350121"/>
</kw>
<kw name="Select Mui Dropdown Item" owner="FacultySchedulePage">
<kw name="Wait Until Element Is Visible" owner="SeleniumLibrary">
<arg>${input_locator}</arg>
<arg>15s</arg>
<doc>Waits until the element ``locator`` is visible.</doc>
<status status="PASS" start="2026-05-08T15:01:08.961588" elapsed="0.054430"/>
</kw>
<kw name="Click Element" owner="SeleniumLibrary">
<msg time="2026-05-08T15:01:09.016960" level="INFO">Clicking element 'xpath://label[text()='Khoa']/following-sibling::div//input'.</msg>
<arg>${input_locator}</arg>
<doc>Click the element identified by ``locator``.</doc>
<status status="PASS" start="2026-05-08T15:01:09.016435" elapsed="0.186659"/>
</kw>
<kw name="Wait Until Element Is Visible" owner="SeleniumLibrary">
<arg>xpath://li[contains(text(),'${value}')]</arg>
<arg>10s</arg>
<doc>Waits until the element ``locator`` is visible.</doc>
<status status="PASS" start="2026-05-08T15:01:09.203643" elapsed="0.044060"/>
</kw>
<kw name="Click Element" owner="SeleniumLibrary">
<msg time="2026-05-08T15:01:09.248654" level="INFO">Clicking element 'xpath://li[contains(text(),'Khoa Công nghệ thông tin')]'.</msg>
<arg>xpath://li[contains(text(),'${value}')]</arg>
<doc>Click the element identified by ``locator``.</doc>
<status status="PASS" start="2026-05-08T15:01:09.248131" elapsed="0.149576"/>
</kw>
<arg>${INPUT_FACULTY}</arg>
<arg>${faculty}</arg>
<status status="PASS" start="2026-05-08T15:01:08.960344" elapsed="0.437618"/>
</kw>
<kw name="Input Text" owner="SeleniumLibrary">
<msg time="2026-05-08T15:01:09.398925" level="INFO">Typing text '002' into text field 'xpath://label[contains(text(),'Mã GV')]/following-sibling::div//input'.</msg>
<arg>${INPUT_LECTURER_ID}</arg>
<arg>${lecturer_id}</arg>
<doc>Types the given ``text`` into the text field identified by ``locator``.</doc>
<status status="PASS" start="2026-05-08T15:01:09.398278" elapsed="0.212061"/>
</kw>
<kw name="Click Element" owner="SeleniumLibrary">
<msg time="2026-05-08T15:01:09.611855" level="INFO">Clicking element 'xpath://button[contains(@class, 'MuiButton-containedPrimary') and contains(., 'Lọc')]'.</msg>
<arg>${BTN_FILTER}</arg>
<doc>Click the element identified by ``locator``.</doc>
<status status="PASS" start="2026-05-08T15:01:09.611041" elapsed="0.141432"/>
</kw>
<kw name="Wait Until Element Is Visible" owner="SeleniumLibrary">
<arg>${TABLE_SCHEDULE}</arg>
<arg>15s</arg>
<doc>Waits until the element ``locator`` is visible.</doc>
<status status="PASS" start="2026-05-08T15:01:09.753043" elapsed="1.361242"/>
</kw>
<arg>2025-2026</arg>
<arg>Học kỳ 1</arg>
<arg>Khoa Công nghệ thông tin</arg>
<arg>002</arg>
<status status="PASS" start="2026-05-08T15:01:08.120879" elapsed="2.993658"/>
</kw>
<kw name="Verify Schedule Found" owner="FacultySchedulePage">
<kw name="Wait Until Element Is Visible" owner="SeleniumLibrary">
<arg>${TABLE_SCHEDULE}</arg>
<arg>15s</arg>
<doc>Waits until the element ``locator`` is visible.</doc>
<status status="PASS" start="2026-05-08T15:01:11.116356" elapsed="0.035794"/>
</kw>
<kw name="Page Should Not Contain Element" owner="SeleniumLibrary">
<msg time="2026-05-08T15:01:11.182097" level="INFO">Current page does not contain element 'xpath://td[contains(text(), 'Chưa có lịch học')]'.</msg>
<arg>${CELL_NO_SCHEDULE}</arg>
<doc>Verifies that element ``locator`` is not found on the current page.</doc>
<status status="PASS" start="2026-05-08T15:01:11.152755" elapsed="0.029601"/>
</kw>
<kw name="Element Should Be Visible" owner="SeleniumLibrary">
<msg time="2026-05-08T15:01:11.216191" level="INFO">Element 'xpath://tbody/tr[1]' is displayed.</msg>
<arg>xpath://tbody/tr[1]</arg>
<doc>Verifies that the element identified by ``locator`` is visible.</doc>
<status status="PASS" start="2026-05-08T15:01:11.182753" elapsed="0.033690"/>
</kw>
<doc>Xác nhận bảng hiển thị dữ liệu lịch dạy</doc>
<status status="PASS" start="2026-05-08T15:01:11.115767" elapsed="0.100896"/>
</kw>
<kw name="Dong Trinh Duyet QNU" owner="Common" type="TEARDOWN">
<kw name="Run Keyword If Test Failed" owner="BuiltIn">
<arg>Thuc Hien Chup Anh Loi</arg>
<doc>Runs the given keyword with the given arguments, if the test failed.</doc>
<status status="PASS" start="2026-05-08T15:01:11.218392" elapsed="0.000259"/>
</kw>
<kw name="Close Browser" owner="SeleniumLibrary">
<doc>Closes the current browser.</doc>
<status status="PASS" start="2026-05-08T15:01:11.218934" elapsed="2.232704"/>
</kw>
<status status="PASS" start="2026-05-08T15:01:11.217671" elapsed="2.234161"/>
</kw>
<doc>Kiểm tra tra cứu bằng mã giảng viên chính xác</doc>
<status status="PASS" start="2026-05-08T15:01:03.478461" elapsed="9.973663"/>
</test>
<test id="s1-s1-t2" name="TC-013: Verify Faculty Schedule Search With Non-Existent Info" line="14">
<kw name="Run Keywords" owner="BuiltIn" type="SETUP">
<kw name="Mo Trinh Duyet QNU" owner="Common">
<kw name="Open Browser" owner="SeleniumLibrary">
<msg time="2026-05-08T15:01:13.455909" level="INFO">Opening browser 'chrome' to base url 'https://daotao.qnu.edu.vn'.</msg>
<arg>${URL_QNU}</arg>
<arg>${BROWSER}</arg>
<doc>Opens a new browser instance to the optional ``url``.</doc>
<status status="PASS" start="2026-05-08T15:01:13.455589" elapsed="2.380547"/>
</kw>
<kw name="Maximize Browser Window" owner="SeleniumLibrary">
<doc>Maximizes current browser window.</doc>
<status status="PASS" start="2026-05-08T15:01:15.837256" elapsed="0.133928"/>
</kw>
<kw name="Set Screenshot Directory" owner="SeleniumLibrary">
<arg>Results/screenshots</arg>
<doc>Sets the directory for captured screenshots.</doc>
<status status="PASS" start="2026-05-08T15:01:15.971631" elapsed="0.000667"/>
</kw>
<status status="PASS" start="2026-05-08T15:01:13.455219" elapsed="2.517283"/>
</kw>
<kw name="Navigate To Faculty Schedule Page" owner="Navigate">
<kw name="Wait Until Element Is Visible" owner="SeleniumLibrary">
<arg>${BTN_SCHEDULE}</arg>
<arg>15s</arg>
<doc>Waits until the element ``locator`` is visible.</doc>
<status status="PASS" start="2026-05-08T15:01:15.973517" elapsed="0.032669"/>
</kw>
<kw name="Click Element" owner="SeleniumLibrary">
<msg time="2026-05-08T15:01:16.007132" level="INFO">Clicking element 'xpath://a[contains(text(),'THỜI KHÓA BIỂU GIẢNG VIÊN')]'.</msg>
<arg>${BTN_SCHEDULE}</arg>
<doc>Click the element identified by ``locator``.</doc>
<status status="PASS" start="2026-05-08T15:01:16.006612" elapsed="0.122581"/>
</kw>
<kw name="Wait Until Element Is Visible" owner="SeleniumLibrary">
<arg>${HEADER_SCHEDULE}</arg>
<arg>15s</arg>
<doc>Waits until the element ``locator`` is visible.</doc>
<status status="PASS" start="2026-05-08T15:01:16.129594" elapsed="0.240820"/>
</kw>
<kw name="Get Location" owner="SeleniumLibrary">
<msg time="2026-05-08T15:01:16.377955" level="INFO">${current_url} = https://daotao.qnu.edu.vn/ThoiKhoaBieuGiangVien</msg>
<var>${current_url}</var>
<doc>Returns the current browser window URL.</doc>
<status status="PASS" start="2026-05-08T15:01:16.370878" elapsed="0.007245"/>
</kw>
<kw name="Should Contain" owner="BuiltIn">
<arg>${current_url}</arg>
<arg>${URL_SCHEDULE}</arg>
<doc>Fails if ``container`` does not contain ``item`` one or more times.</doc>
<status status="PASS" start="2026-05-08T15:01:16.378642" elapsed="0.000512"/>
</kw>
<doc>Điều hướng và xác nhận đã vào đúng trang Thời khóa biểu giảng viên</doc>
<status status="PASS" start="2026-05-08T15:01:15.972963" elapsed="0.406413"/>
</kw>
<arg>Mo Trinh Duyet QNU</arg>
<arg>AND</arg>
<arg>Navigate To Faculty Schedule Page</arg>
<doc>Executes all the given keywords in a sequence.</doc>
<status status="PASS" start="2026-05-08T15:01:13.454875" elapsed="2.924686"/>
</kw>
<kw name="Search Faculty Schedule" owner="FacultySchedulePage">
<kw name="Select Mui Dropdown Item" owner="FacultySchedulePage">
<kw name="Wait Until Element Is Visible" owner="SeleniumLibrary">
<arg>${input_locator}</arg>
<arg>15s</arg>
<doc>Waits until the element ``locator`` is visible.</doc>
<status status="PASS" start="2026-05-08T15:01:16.382456" elapsed="0.273725"/>
</kw>
<kw name="Click Element" owner="SeleniumLibrary">
<msg time="2026-05-08T15:01:16.657381" level="INFO">Clicking element 'xpath://label[text()='Năm học']/following-sibling::div//input'.</msg>
<arg>${input_locator}</arg>
<doc>Click the element identified by ``locator``.</doc>
<status status="PASS" start="2026-05-08T15:01:16.656725" elapsed="0.176368"/>
</kw>
<kw name="Wait Until Element Is Visible" owner="SeleniumLibrary">
<arg>xpath://li[contains(text(),'${value}')]</arg>
<arg>10s</arg>
<doc>Waits until the element ``locator`` is visible.</doc>
<status status="PASS" start="2026-05-08T15:01:16.833634" elapsed="0.045883"/>
</kw>
<kw name="Click Element" owner="SeleniumLibrary">
<msg time="2026-05-08T15:01:16.880653" level="INFO">Clicking element 'xpath://li[contains(text(),'2025-2026')]'.</msg>
<arg>xpath://li[contains(text(),'${value}')]</arg>
<doc>Click the element identified by ``locator``.</doc>
<status status="PASS" start="2026-05-08T15:01:16.879952" elapsed="0.151393"/>
</kw>
<arg>${INPUT_YEAR}</arg>
<arg>${year}</arg>
<status status="PASS" start="2026-05-08T15:01:16.381561" elapsed="0.650196"/>
</kw>
<kw name="Select Mui Dropdown Item" owner="FacultySchedulePage">
<kw name="Wait Until Element Is Visible" owner="SeleniumLibrary">
<arg>${input_locator}</arg>
<arg>15s</arg>
<doc>Waits until the element ``locator`` is visible.</doc>
<status status="PASS" start="2026-05-08T15:01:17.033568" elapsed="0.041551"/>
</kw>
<kw name="Click Element" owner="SeleniumLibrary">
<msg time="2026-05-08T15:01:17.076057" level="INFO">Clicking element 'xpath://label[text()='Học kỳ']/following-sibling::div//input'.</msg>
<arg>${input_locator}</arg>
<doc>Click the element identified by ``locator``.</doc>
<status status="PASS" start="2026-05-08T15:01:17.075532" elapsed="0.144956"/>
</kw>
<kw name="Wait Until Element Is Visible" owner="SeleniumLibrary">
<arg>xpath://li[contains(text(),'${value}')]</arg>
<arg>10s</arg>
<doc>Waits until the element ``locator`` is visible.</doc>
<status status="PASS" start="2026-05-08T15:01:17.221269" elapsed="0.037152"/>
</kw>
<kw name="Click Element" owner="SeleniumLibrary">
<msg time="2026-05-08T15:01:17.259410" level="INFO">Clicking element 'xpath://li[contains(text(),'Học kỳ 1')]'.</msg>
<arg>xpath://li[contains(text(),'${value}')]</arg>
<doc>Click the element identified by ``locator``.</doc>
<status status="PASS" start="2026-05-08T15:01:17.258871" elapsed="0.108287"/>
</kw>
<arg>${INPUT_SEMESTER}</arg>
<arg>${semester}</arg>
<status status="PASS" start="2026-05-08T15:01:17.032413" elapsed="0.335038"/>
</kw>
<kw name="Select Mui Dropdown Item" owner="FacultySchedulePage">
<kw name="Wait Until Element Is Visible" owner="SeleniumLibrary">
<arg>${input_locator}</arg>
<arg>15s</arg>
<doc>Waits until the element ``locator`` is visible.</doc>
<status status="PASS" start="2026-05-08T15:01:17.368863" elapsed="0.034357"/>
</kw>
<kw name="Click Element" owner="SeleniumLibrary">
<msg time="2026-05-08T15:01:17.404155" level="INFO">Clicking element 'xpath://label[text()='Khoa']/following-sibling::div//input'.</msg>
<arg>${input_locator}</arg>
<doc>Click the element identified by ``locator``.</doc>
<status status="PASS" start="2026-05-08T15:01:17.403630" elapsed="0.167762"/>
</kw>
<kw name="Wait Until Element Is Visible" owner="SeleniumLibrary">
<arg>xpath://li[contains(text(),'${value}')]</arg>
<arg>10s</arg>
<doc>Waits until the element ``locator`` is visible.</doc>
<status status="PASS" start="2026-05-08T15:01:17.571876" elapsed="0.041884"/>
</kw>
<kw name="Click Element" owner="SeleniumLibrary">
<msg time="2026-05-08T15:01:17.614822" level="INFO">Clicking element 'xpath://li[contains(text(),'Khoa Công nghệ thông tin')]'.</msg>
<arg>xpath://li[contains(text(),'${value}')]</arg>
<doc>Click the element identified by ``locator``.</doc>
<status status="PASS" start="2026-05-08T15:01:17.614228" elapsed="0.137808"/>
</kw>
<arg>${INPUT_FACULTY}</arg>
<arg>${faculty}</arg>
<status status="PASS" start="2026-05-08T15:01:17.367952" elapsed="0.384388"/>
</kw>
<kw name="Input Text" owner="SeleniumLibrary">
<msg time="2026-05-08T15:01:17.753314" level="INFO">Typing text '999999' into text field 'xpath://label[contains(text(),'Mã GV')]/following-sibling::div//input'.</msg>
<arg>${INPUT_LECTURER_ID}</arg>
<arg>${lecturer_id}</arg>
<doc>Types the given ``text`` into the text field identified by ``locator``.</doc>
<status status="PASS" start="2026-05-08T15:01:17.752733" elapsed="0.299386"/>
</kw>
<kw name="Click Element" owner="SeleniumLibrary">
<msg time="2026-05-08T15:01:18.053017" level="INFO">Clicking element 'xpath://button[contains(@class, 'MuiButton-containedPrimary') and contains(., 'Lọc')]'.</msg>
<arg>${BTN_FILTER}</arg>
<doc>Click the element identified by ``locator``.</doc>
<status status="PASS" start="2026-05-08T15:01:18.052530" elapsed="0.143384"/>
</kw>
<kw name="Wait Until Element Is Visible" owner="SeleniumLibrary">
<arg>${TABLE_SCHEDULE}</arg>
<arg>15s</arg>
<doc>Waits until the element ``locator`` is visible.</doc>
<status status="PASS" start="2026-05-08T15:01:18.196542" elapsed="0.920317"/>
</kw>
<arg>2025-2026</arg>
<arg>Học kỳ 1</arg>
<arg>Khoa Công nghệ thông tin</arg>
<arg>999999</arg>
<status status="PASS" start="2026-05-08T15:01:16.380556" elapsed="2.736565"/>
</kw>
<kw name="Verify No Schedule Found" owner="FacultySchedulePage">
<kw name="Wait Until Element Is Visible" owner="SeleniumLibrary">
<arg>${CELL_NO_SCHEDULE}</arg>
<arg>15s</arg>
<doc>Waits until the element ``locator`` is visible.</doc>
<status status="PASS" start="2026-05-08T15:01:19.119161" elapsed="0.042885"/>
</kw>
<kw name="Element Text Should Be" owner="SeleniumLibrary">
<msg time="2026-05-08T15:01:19.163151" level="INFO">Verifying element 'xpath://td[contains(text(), 'Chưa có lịch học')]' contains exact text 'Chưa có lịch học'.</msg>
<arg>${CELL_NO_SCHEDULE}</arg>
<arg>Chưa có lịch học</arg>
<doc>Verifies that element ``locator`` contains exact the text ``expected``.</doc>
<status status="PASS" start="2026-05-08T15:01:19.162476" elapsed="0.073576"/>
</kw>
<doc>Xác nhận hiển thị thông báo "Chưa có lịch học"</doc>
<status status="PASS" start="2026-05-08T15:01:19.118555" elapsed="0.117747"/>
</kw>
<kw name="Dong Trinh Duyet QNU" owner="Common" type="TEARDOWN">
<kw name="Run Keyword If Test Failed" owner="BuiltIn">
<arg>Thuc Hien Chup Anh Loi</arg>
<doc>Runs the given keyword with the given arguments, if the test failed.</doc>
<status status="PASS" start="2026-05-08T15:01:19.237737" elapsed="0.000177"/>
</kw>
<kw name="Close Browser" owner="SeleniumLibrary">
<doc>Closes the current browser.</doc>
<status status="PASS" start="2026-05-08T15:01:19.238122" elapsed="2.248570"/>
</kw>
<status status="PASS" start="2026-05-08T15:01:19.237108" elapsed="2.249744"/>
</kw>
<doc>Kiểm tra tra cứu bằng mã giảng viên không tồn tại</doc>
<status status="PASS" start="2026-05-08T15:01:13.454071" elapsed="8.033027"/>
</test>
<test id="s1-s1-t3" name="TC-014: Verify Faculty Schedule Search By Accurate Lecturer Name" line="19">
<kw name="Run Keywords" owner="BuiltIn" type="SETUP">
<kw name="Mo Trinh Duyet QNU" owner="Common">
<kw name="Open Browser" owner="SeleniumLibrary">
<msg time="2026-05-08T15:01:21.489860" level="INFO">Opening browser 'chrome' to base url 'https://daotao.qnu.edu.vn'.</msg>
<arg>${URL_QNU}</arg>
<arg>${BROWSER}</arg>
<doc>Opens a new browser instance to the optional ``url``.</doc>
<status status="PASS" start="2026-05-08T15:01:21.489624" elapsed="2.399545"/>
</kw>
<kw name="Maximize Browser Window" owner="SeleniumLibrary">
<doc>Maximizes current browser window.</doc>
<status status="PASS" start="2026-05-08T15:01:23.889585" elapsed="0.110185"/>
</kw>
<kw name="Set Screenshot Directory" owner="SeleniumLibrary">
<arg>Results/screenshots</arg>
<doc>Sets the directory for captured screenshots.</doc>
<status status="PASS" start="2026-05-08T15:01:24.000141" elapsed="0.000630"/>
</kw>
<status status="PASS" start="2026-05-08T15:01:21.488845" elapsed="2.512122"/>
</kw>
<kw name="Navigate To Faculty Schedule Page" owner="Navigate">
<kw name="Wait Until Element Is Visible" owner="SeleniumLibrary">
<arg>${BTN_SCHEDULE}</arg>
<arg>15s</arg>
<doc>Waits until the element ``locator`` is visible.</doc>
<status status="PASS" start="2026-05-08T15:01:24.001913" elapsed="0.051017"/>
</kw>
<kw name="Click Element" owner="SeleniumLibrary">
<msg time="2026-05-08T15:01:24.053883" level="INFO">Clicking element 'xpath://a[contains(text(),'THỜI KHÓA BIỂU GIẢNG VIÊN')]'.</msg>
<arg>${BTN_SCHEDULE}</arg>
<doc>Click the element identified by ``locator``.</doc>
<status status="PASS" start="2026-05-08T15:01:24.053324" elapsed="0.110292"/>
</kw>
<kw name="Wait Until Element Is Visible" owner="SeleniumLibrary">
<arg>${HEADER_SCHEDULE}</arg>
<arg>15s</arg>
<doc>Waits until the element ``locator`` is visible.</doc>
<status status="PASS" start="2026-05-08T15:01:24.164020" elapsed="0.239897"/>
</kw>
<kw name="Get Location" owner="SeleniumLibrary">
<msg time="2026-05-08T15:01:24.422791" level="INFO">${current_url} = https://daotao.qnu.edu.vn/ThoiKhoaBieuGiangVien</msg>
<var>${current_url}</var>
<doc>Returns the current browser window URL.</doc>
<status status="PASS" start="2026-05-08T15:01:24.404328" elapsed="0.018572"/>
</kw>
<kw name="Should Contain" owner="BuiltIn">
<arg>${current_url}</arg>
<arg>${URL_SCHEDULE}</arg>
<doc>Fails if ``container`` does not contain ``item`` one or more times.</doc>
<status status="PASS" start="2026-05-08T15:01:24.423266" elapsed="0.000431"/>
</kw>
<doc>Điều hướng và xác nhận đã vào đúng trang Thời khóa biểu giảng viên</doc>
<status status="PASS" start="2026-05-08T15:01:24.001386" elapsed="0.422521"/>
</kw>
<arg>Mo Trinh Duyet QNU</arg>
<arg>AND</arg>
<arg>Navigate To Faculty Schedule Page</arg>
<doc>Executes all the given keywords in a sequence.</doc>
<status status="PASS" start="2026-05-08T15:01:21.488555" elapsed="2.935564"/>
</kw>
<kw name="Search Faculty Schedule" owner="FacultySchedulePage">
<kw name="Select Mui Dropdown Item" owner="FacultySchedulePage">
<kw name="Wait Until Element Is Visible" owner="SeleniumLibrary">
<arg>${input_locator}</arg>
<arg>15s</arg>
<doc>Waits until the element ``locator`` is visible.</doc>
<status status="PASS" start="2026-05-08T15:01:24.427431" elapsed="0.254700"/>
</kw>
<kw name="Click Element" owner="SeleniumLibrary">
<msg time="2026-05-08T15:01:24.682991" level="INFO">Clicking element 'xpath://label[text()='Năm học']/following-sibling::div//input'.</msg>
<arg>${input_locator}</arg>
<doc>Click the element identified by ``locator``.</doc>
<status status="PASS" start="2026-05-08T15:01:24.682520" elapsed="0.177619"/>
</kw>
<kw name="Wait Until Element Is Visible" owner="SeleniumLibrary">
<arg>xpath://li[contains(text(),'${value}')]</arg>
<arg>10s</arg>
<doc>Waits until the element ``locator`` is visible.</doc>
<status status="PASS" start="2026-05-08T15:01:24.860657" elapsed="0.049389"/>
</kw>
<kw name="Click Element" owner="SeleniumLibrary">
<msg time="2026-05-08T15:01:24.911146" level="INFO">Clicking element 'xpath://li[contains(text(),'2025-2026')]'.</msg>
<arg>xpath://li[contains(text(),'${value}')]</arg>
<doc>Click the element identified by ``locator``.</doc>
<status status="PASS" start="2026-05-08T15:01:24.910469" elapsed="0.119677"/>
</kw>
<arg>${INPUT_YEAR}</arg>
<arg>${year}</arg>
<status status="PASS" start="2026-05-08T15:01:24.426263" elapsed="0.604193"/>
</kw>
<kw name="Select Mui Dropdown Item" owner="FacultySchedulePage">
<kw name="Wait Until Element Is Visible" owner="SeleniumLibrary">
<arg>${input_locator}</arg>
<arg>15s</arg>
<doc>Waits until the element ``locator`` is visible.</doc>
<status status="PASS" start="2026-05-08T15:01:25.032041" elapsed="0.037215"/>
</kw>
<kw name="Click Element" owner="SeleniumLibrary">
<msg time="2026-05-08T15:01:25.070261" level="INFO">Clicking element 'xpath://label[text()='Học kỳ']/following-sibling::div//input'.</msg>
<arg>${input_locator}</arg>
<doc>Click the element identified by ``locator``.</doc>
<status status="PASS" start="2026-05-08T15:01:25.069726" elapsed="0.144042"/>
</kw>
<kw name="Wait Until Element Is Visible" owner="SeleniumLibrary">
<arg>xpath://li[contains(text(),'${value}')]</arg>
<arg>10s</arg>
<doc>Waits until the element ``locator`` is visible.</doc>
<status status="PASS" start="2026-05-08T15:01:25.214351" elapsed="0.037563"/>
</kw>
<kw name="Click Element" owner="SeleniumLibrary">
<msg time="2026-05-08T15:01:25.253023" level="INFO">Clicking element 'xpath://li[contains(text(),'Học kỳ 1')]'.</msg>
<arg>xpath://li[contains(text(),'${value}')]</arg>
<doc>Click the element identified by ``locator``.</doc>
<status status="PASS" start="2026-05-08T15:01:25.252379" elapsed="0.111893"/>
</kw>
<arg>${INPUT_SEMESTER}</arg>
<arg>${semester}</arg>
<status status="PASS" start="2026-05-08T15:01:25.030945" elapsed="0.333573"/>
</kw>
<kw name="Select Mui Dropdown Item" owner="FacultySchedulePage">
<kw name="Wait Until Element Is Visible" owner="SeleniumLibrary">
<arg>${input_locator}</arg>
<arg>15s</arg>
<doc>Waits until the element ``locator`` is visible.</doc>
<status status="PASS" start="2026-05-08T15:01:25.365749" elapsed="0.029585"/>
</kw>
<kw name="Click Element" owner="SeleniumLibrary">
<msg time="2026-05-08T15:01:25.396189" level="INFO">Clicking element 'xpath://label[text()='Khoa']/following-sibling::div//input'.</msg>
<arg>${input_locator}</arg>
<doc>Click the element identified by ``locator``.</doc>
<status status="PASS" start="2026-05-08T15:01:25.395717" elapsed="0.141100"/>
</kw>
<kw name="Wait Until Element Is Visible" owner="SeleniumLibrary">
<arg>xpath://li[contains(text(),'${value}')]</arg>
<arg>10s</arg>
<doc>Waits until the element ``locator`` is visible.</doc>
<status status="PASS" start="2026-05-08T15:01:25.537377" elapsed="0.040193"/>
</kw>
<kw name="Click Element" owner="SeleniumLibrary">
<msg time="2026-05-08T15:01:25.578526" level="INFO">Clicking element 'xpath://li[contains(text(),'Khoa Công nghệ thông tin')]'.</msg>
<arg>xpath://li[contains(text(),'${value}')]</arg>
<doc>Click the element identified by ``locator``.</doc>
<status status="PASS" start="2026-05-08T15:01:25.577957" elapsed="0.126766"/>
</kw>
<arg>${INPUT_FACULTY}</arg>
<arg>${faculty}</arg>
<status status="PASS" start="2026-05-08T15:01:25.364938" elapsed="0.340084"/>
</kw>
<kw name="Input Text" owner="SeleniumLibrary">
<msg time="2026-05-08T15:01:25.705972" level="INFO">Typing text 'Huỳnh Ngọc Khoa' into text field 'xpath://label[contains(text(),'Mã GV')]/following-sibling::div//input'.</msg>
<arg>${INPUT_LECTURER_ID}</arg>
<arg>${lecturer_id}</arg>
<doc>Types the given ``text`` into the text field identified by ``locator``.</doc>
<status status="PASS" start="2026-05-08T15:01:25.705340" elapsed="0.314797"/>
</kw>
<kw name="Click Element" owner="SeleniumLibrary">
<msg time="2026-05-08T15:01:26.021190" level="INFO">Clicking element 'xpath://button[contains(@class, 'MuiButton-containedPrimary') and contains(., 'Lọc')]'.</msg>
<arg>${BTN_FILTER}</arg>
<doc>Click the element identified by ``locator``.</doc>
<status status="PASS" start="2026-05-08T15:01:26.020595" elapsed="0.147860"/>
</kw>
<kw name="Wait Until Element Is Visible" owner="SeleniumLibrary">
<arg>${TABLE_SCHEDULE}</arg>
<arg>15s</arg>
<doc>Waits until the element ``locator`` is visible.</doc>
<status status="PASS" start="2026-05-08T15:01:26.168943" elapsed="0.894179"/>
</kw>
<arg>2025-2026</arg>
<arg>Học kỳ 1</arg>
<arg>Khoa Công nghệ thông tin</arg>
<arg>Huỳnh Ngọc Khoa</arg>
<status status="PASS" start="2026-05-08T15:01:24.425386" elapsed="2.638012"/>
</kw>
<kw name="Verify Schedule Found For Lecturer" owner="FacultySchedulePage">
<kw name="Wait Until Element Is Visible" owner="SeleniumLibrary">
<arg>${TABLE_SCHEDULE}</arg>
<arg>15s</arg>
<doc>Waits until the element ``locator`` is visible.</doc>
<status status="PASS" start="2026-05-08T15:01:27.065729" elapsed="0.051037"/>
</kw>
<kw name="Element Should Contain" owner="SeleniumLibrary">
<msg time="2026-05-08T15:01:27.174717" level="INFO">Element 'xpath://tbody/tr[1]/td[8]' contains text 'Huỳnh Ngọc Khoa'.</msg>
<arg>xpath://tbody/tr[1]/td[8]</arg>
<arg>${expected_name}</arg>
<doc>Verifies that element ``locator`` contains text ``expected``.</doc>
<status status="PASS" start="2026-05-08T15:01:27.117158" elapsed="0.057806"/>
</kw>
<kw name="Page Should Not Contain Element" owner="SeleniumLibrary">
<msg time="2026-05-08T15:01:27.196503" level="INFO">Current page does not contain element 'xpath://td[contains(text(), 'Chưa có lịch học')]'.</msg>
<arg>${CELL_NO_SCHEDULE}</arg>
<doc>Verifies that element ``locator`` is not found on the current page.</doc>
<status status="PASS" start="2026-05-08T15:01:27.175405" elapsed="0.021324"/>
</kw>
<arg>Huỳnh Ngọc Khoa</arg>
<doc>Xác nhận bảng hiển thị lịch dạy của đúng giảng viên</doc>
<status status="PASS" start="2026-05-08T15:01:27.064976" elapsed="0.131962"/>
</kw>
<kw name="Dong Trinh Duyet QNU" owner="Common" type="TEARDOWN">
<kw name="Run Keyword If Test Failed" owner="BuiltIn">
<arg>Thuc Hien Chup Anh Loi</arg>
<doc>Runs the given keyword with the given arguments, if the test failed.</doc>
<status status="PASS" start="2026-05-08T15:01:27.198964" elapsed="0.000251"/>
</kw>
<kw name="Close Browser" owner="SeleniumLibrary">
<doc>Closes the current browser.</doc>
<status status="PASS" start="2026-05-08T15:01:27.199506" elapsed="2.233561"/>
</kw>
<status status="PASS" start="2026-05-08T15:01:27.198190" elapsed="2.235083"/>
</kw>
<doc>Kiểm tra tra cứu bằng tên giảng viên đầy đủ</doc>
<status status="PASS" start="2026-05-08T15:01:21.487861" elapsed="7.945933"/>
</test>
<test id="s1-s1-t4" name="TC-015: Verify Faculty Schedule Search By Lecturer Name Without Tones" line="24">
<kw name="Run Keywords" owner="BuiltIn" type="SETUP">
<kw name="Mo Trinh Duyet QNU" owner="Common">
<kw name="Open Browser" owner="SeleniumLibrary">
<msg time="2026-05-08T15:01:29.436156" level="INFO">Opening browser 'chrome' to base url 'https://daotao.qnu.edu.vn'.</msg>
<arg>${URL_QNU}</arg>
<arg>${BROWSER}</arg>
<doc>Opens a new browser instance to the optional ``url``.</doc>
<status status="PASS" start="2026-05-08T15:01:29.435920" elapsed="2.473339"/>
</kw>
<kw name="Maximize Browser Window" owner="SeleniumLibrary">
<doc>Maximizes current browser window.</doc>
<status status="PASS" start="2026-05-08T15:01:31.909751" elapsed="0.139889"/>
</kw>
<kw name="Set Screenshot Directory" owner="SeleniumLibrary">
<arg>Results/screenshots</arg>
<doc>Sets the directory for captured screenshots.</doc>
<status status="PASS" start="2026-05-08T15:01:32.049921" elapsed="0.000598"/>
</kw>
<status status="PASS" start="2026-05-08T15:01:29.435642" elapsed="2.615117"/>
</kw>
<kw name="Navigate To Faculty Schedule Page" owner="Navigate">
<kw name="Wait Until Element Is Visible" owner="SeleniumLibrary">
<arg>${BTN_SCHEDULE}</arg>
<arg>15s</arg>
<doc>Waits until the element ``locator`` is visible.</doc>
<status status="PASS" start="2026-05-08T15:01:32.051744" elapsed="0.045584"/>
</kw>
<kw name="Click Element" owner="SeleniumLibrary">
<msg time="2026-05-08T15:01:32.098228" level="INFO">Clicking element 'xpath://a[contains(text(),'THỜI KHÓA BIỂU GIẢNG VIÊN')]'.</msg>
<arg>${BTN_SCHEDULE}</arg>
<doc>Click the element identified by ``locator``.</doc>
<status status="PASS" start="2026-05-08T15:01:32.097724" elapsed="0.125413"/>
</kw>
<kw name="Wait Until Element Is Visible" owner="SeleniumLibrary">
<arg>${HEADER_SCHEDULE}</arg>
<arg>15s</arg>
<doc>Waits until the element ``locator`` is visible.</doc>
<status status="PASS" start="2026-05-08T15:01:32.223480" elapsed="0.255390"/>
</kw>
<kw name="Get Location" owner="SeleniumLibrary">
<msg time="2026-05-08T15:01:32.490604" level="INFO">${current_url} = https://daotao.qnu.edu.vn/ThoiKhoaBieuGiangVien</msg>
<var>${current_url}</var>
<doc>Returns the current browser window URL.</doc>
<status status="PASS" start="2026-05-08T15:01:32.479272" elapsed="0.011465"/>
</kw>
<kw name="Should Contain" owner="BuiltIn">
<arg>${current_url}</arg>
<arg>${URL_SCHEDULE}</arg>
<doc>Fails if ``container`` does not contain ``item`` one or more times.</doc>
<status status="PASS" start="2026-05-08T15:01:32.491501" elapsed="0.000815"/>
</kw>
<doc>Điều hướng và xác nhận đã vào đúng trang Thời khóa biểu giảng viên</doc>
<status status="PASS" start="2026-05-08T15:01:32.051193" elapsed="0.441475"/>
</kw>
<arg>Mo Trinh Duyet QNU</arg>
<arg>AND</arg>
<arg>Navigate To Faculty Schedule Page</arg>
<doc>Executes all the given keywords in a sequence.</doc>
<status status="PASS" start="2026-05-08T15:01:29.435361" elapsed="3.057560"/>
</kw>
<kw name="Search Faculty Schedule" owner="FacultySchedulePage">
<kw name="Select Mui Dropdown Item" owner="FacultySchedulePage">
<kw name="Wait Until Element Is Visible" owner="SeleniumLibrary">
<arg>${input_locator}</arg>
<arg>15s</arg>
<doc>Waits until the element ``locator`` is visible.</doc>
<status status="PASS" start="2026-05-08T15:01:32.497052" elapsed="0.271129"/>
</kw>
<kw name="Click Element" owner="SeleniumLibrary">
<msg time="2026-05-08T15:01:32.769371" level="INFO">Clicking element 'xpath://label[text()='Năm học']/following-sibling::div//input'.</msg>
<arg>${input_locator}</arg>
<doc>Click the element identified by ``locator``.</doc>
<status status="PASS" start="2026-05-08T15:01:32.768747" elapsed="0.177623"/>
</kw>
<kw name="Wait Until Element Is Visible" owner="SeleniumLibrary">
<arg>xpath://li[contains(text(),'${value}')]</arg>
<arg>10s</arg>
<doc>Waits until the element ``locator`` is visible.</doc>
<status status="PASS" start="2026-05-08T15:01:32.946847" elapsed="0.032247"/>
</kw>
<kw name="Click Element" owner="SeleniumLibrary">
<msg time="2026-05-08T15:01:32.980125" level="INFO">Clicking element 'xpath://li[contains(text(),'2025-2026')]'.</msg>
<arg>xpath://li[contains(text(),'${value}')]</arg>
<doc>Click the element identified by ``locator``.</doc>
<status status="PASS" start="2026-05-08T15:01:32.979574" elapsed="0.132295"/>
</kw>
<arg>${INPUT_YEAR}</arg>
<arg>${year}</arg>
<status status="PASS" start="2026-05-08T15:01:32.496206" elapsed="0.615917"/>
</kw>
<kw name="Select Mui Dropdown Item" owner="FacultySchedulePage">
<kw name="Wait Until Element Is Visible" owner="SeleniumLibrary">
<arg>${input_locator}</arg>
<arg>15s</arg>
<doc>Waits until the element ``locator`` is visible.</doc>
<status status="PASS" start="2026-05-08T15:01:33.113346" elapsed="0.037903"/>
</kw>
<kw name="Click Element" owner="SeleniumLibrary">
<msg time="2026-05-08T15:01:33.152436" level="INFO">Clicking element 'xpath://label[text()='Học kỳ']/following-sibling::div//input'.</msg>
<arg>${input_locator}</arg>
<doc>Click the element identified by ``locator``.</doc>
<status status="PASS" start="2026-05-08T15:01:33.151741" elapsed="0.145928"/>
</kw>
<kw name="Wait Until Element Is Visible" owner="SeleniumLibrary">
<arg>xpath://li[contains(text(),'${value}')]</arg>
<arg>10s</arg>
<doc>Waits until the element ``locator`` is visible.</doc>
<status status="PASS" start="2026-05-08T15:01:33.298174" elapsed="0.042538"/>
</kw>
<kw name="Click Element" owner="SeleniumLibrary">
<msg time="2026-05-08T15:01:33.341988" level="INFO">Clicking element 'xpath://li[contains(text(),'Học kỳ 1')]'.</msg>
<arg>xpath://li[contains(text(),'${value}')]</arg>
<doc>Click the element identified by ``locator``.</doc>
<status status="PASS" start="2026-05-08T15:01:33.341228" elapsed="0.115149"/>
</kw>
<arg>${INPUT_SEMESTER}</arg>
<arg>${semester}</arg>
<status status="PASS" start="2026-05-08T15:01:33.112552" elapsed="0.344139"/>
</kw>
<kw name="Select Mui Dropdown Item" owner="FacultySchedulePage">
<kw name="Wait Until Element Is Visible" owner="SeleniumLibrary">
<arg>${input_locator}</arg>
<arg>15s</arg>
<doc>Waits until the element ``locator`` is visible.</doc>
<status status="PASS" start="2026-05-08T15:01:33.458377" elapsed="0.034597"/>
</kw>
<kw name="Click Element" owner="SeleniumLibrary">
<msg time="2026-05-08T15:01:33.494221" level="INFO">Clicking element 'xpath://label[text()='Khoa']/following-sibling::div//input'.</msg>
<arg>${input_locator}</arg>
<doc>Click the element identified by ``locator``.</doc>
<status status="PASS" start="2026-05-08T15:01:33.493379" elapsed="0.156758"/>
</kw>
<kw name="Wait Until Element Is Visible" owner="SeleniumLibrary">
<arg>xpath://li[contains(text(),'${value}')]</arg>
<arg>10s</arg>
<doc>Waits until the element ``locator`` is visible.</doc>
<status status="PASS" start="2026-05-08T15:01:33.650665" elapsed="0.034021"/>
</kw>
<kw name="Click Element" owner="SeleniumLibrary">
<msg time="2026-05-08T15:01:33.685657" level="INFO">Clicking element 'xpath://li[contains(text(),'Khoa Công nghệ thông tin')]'.</msg>
<arg>xpath://li[contains(text(),'${value}')]</arg>
<doc>Click the element identified by ``locator``.</doc>
<status status="PASS" start="2026-05-08T15:01:33.685105" elapsed="0.143466"/>
</kw>
<arg>${INPUT_FACULTY}</arg>
<arg>${faculty}</arg>
<status status="PASS" start="2026-05-08T15:01:33.457385" elapsed="0.371533"/>
</kw>
<kw name="Input Text" owner="SeleniumLibrary">
<msg time="2026-05-08T15:01:33.830006" level="INFO">Typing text 'Huynh Ngoc Khoa' into text field 'xpath://label[contains(text(),'Mã GV')]/following-sibling::div//input'.</msg>
<arg>${INPUT_LECTURER_ID}</arg>
<arg>${lecturer_id}</arg>
<doc>Types the given ``text`` into the text field identified by ``locator``.</doc>
<status status="PASS" start="2026-05-08T15:01:33.829278" elapsed="0.294345"/>
</kw>
<kw name="Click Element" owner="SeleniumLibrary">
<msg time="2026-05-08T15:01:34.124732" level="INFO">Clicking element 'xpath://button[contains(@class, 'MuiButton-containedPrimary') and contains(., 'Lọc')]'.</msg>
<arg>${BTN_FILTER}</arg>
<doc>Click the element identified by ``locator``.</doc>
<status status="PASS" start="2026-05-08T15:01:34.124051" elapsed="0.149040"/>
</kw>
<kw name="Wait Until Element Is Visible" owner="SeleniumLibrary">
<arg>${TABLE_SCHEDULE}</arg>
<arg>15s</arg>
<doc>Waits until the element ``locator`` is visible.</doc>
<status status="PASS" start="2026-05-08T15:01:34.273569" elapsed="0.681107"/>
</kw>
<arg>2025-2026</arg>
<arg>Học kỳ 1</arg>
<arg>Khoa Công nghệ thông tin</arg>
<arg>Huynh Ngoc Khoa</arg>
<status status="PASS" start="2026-05-08T15:01:32.495268" elapsed="2.459665"/>
</kw>
<kw name="Verify No Schedule Found" owner="FacultySchedulePage">
<kw name="Wait Until Element Is Visible" owner="SeleniumLibrary">
<arg>${CELL_NO_SCHEDULE}</arg>
<arg>15s</arg>
<doc>Waits until the element ``locator`` is visible.</doc>
<status status="PASS" start="2026-05-08T15:01:34.956448" elapsed="0.043320"/>
</kw>
<kw name="Element Text Should Be" owner="SeleniumLibrary">
<msg time="2026-05-08T15:01:35.000802" level="INFO">Verifying element 'xpath://td[contains(text(), 'Chưa có lịch học')]' contains exact text 'Chưa có lịch học'.</msg>
<arg>${CELL_NO_SCHEDULE}</arg>
<arg>Chưa có lịch học</arg>
<doc>Verifies that element ``locator`` contains exact the text ``expected``.</doc>
<status status="PASS" start="2026-05-08T15:01:35.000192" elapsed="0.044633"/>
</kw>
<doc>Xác nhận hiển thị thông báo "Chưa có lịch học"</doc>
<status status="PASS" start="2026-05-08T15:01:34.955653" elapsed="0.089466"/>
</kw>
<kw name="Dong Trinh Duyet QNU" owner="Common" type="TEARDOWN">
<kw name="Run Keyword If Test Failed" owner="BuiltIn">
<arg>Thuc Hien Chup Anh Loi</arg>
<doc>Runs the given keyword with the given arguments, if the test failed.</doc>
<status status="PASS" start="2026-05-08T15:01:35.046809" elapsed="0.000218"/>
</kw>
<kw name="Close Browser" owner="SeleniumLibrary">
<doc>Closes the current browser.</doc>
<status status="PASS" start="2026-05-08T15:01:35.047331" elapsed="2.215115"/>
</kw>
<status status="PASS" start="2026-05-08T15:01:35.046143" elapsed="2.216558"/>
</kw>
<doc>Kiểm tra tra cứu bằng tên giảng viên không dấu</doc>
<status status="PASS" start="2026-05-08T15:01:29.434564" elapsed="7.828470"/>
</test>
<test id="s1-s1-t5" name="TC-016: Verify Faculty Schedule Search By Partial Lecturer Name" line="29">
<kw name="Run Keywords" owner="BuiltIn" type="SETUP">
<kw name="Mo Trinh Duyet QNU" owner="Common">
<kw name="Open Browser" owner="SeleniumLibrary">
<msg time="2026-05-08T15:01:37.265947" level="INFO">Opening browser 'chrome' to base url 'https://daotao.qnu.edu.vn'.</msg>
<arg>${URL_QNU}</arg>
<arg>${BROWSER}</arg>
<doc>Opens a new browser instance to the optional ``url``.</doc>
<status status="PASS" start="2026-05-08T15:01:37.265670" elapsed="2.416330"/>
</kw>
<kw name="Maximize Browser Window" owner="SeleniumLibrary">
<doc>Maximizes current browser window.</doc>
<status status="PASS" start="2026-05-08T15:01:39.682548" elapsed="0.134156"/>
</kw>
<kw name="Set Screenshot Directory" owner="SeleniumLibrary">
<arg>Results/screenshots</arg>
<doc>Sets the directory for captured screenshots.</doc>
<status status="PASS" start="2026-05-08T15:01:39.817072" elapsed="0.000583"/>
</kw>
<status status="PASS" start="2026-05-08T15:01:37.265292" elapsed="2.552561"/>
</kw>
<kw name="Navigate To Faculty Schedule Page" owner="Navigate">
<kw name="Wait Until Element Is Visible" owner="SeleniumLibrary">
<arg>${BTN_SCHEDULE}</arg>
<arg>15s</arg>
<doc>Waits until the element ``locator`` is visible.</doc>
<status status="PASS" start="2026-05-08T15:01:39.818655" elapsed="0.030700"/>
</kw>
<kw name="Click Element" owner="SeleniumLibrary">
<msg time="2026-05-08T15:01:39.850317" level="INFO">Clicking element 'xpath://a[contains(text(),'THỜI KHÓA BIỂU GIẢNG VIÊN')]'.</msg>
<arg>${BTN_SCHEDULE}</arg>
<doc>Click the element identified by ``locator``.</doc>
<status status="PASS" start="2026-05-08T15:01:39.849759" elapsed="0.103968"/>
</kw>
<kw name="Wait Until Element Is Visible" owner="SeleniumLibrary">
<arg>${HEADER_SCHEDULE}</arg>
<arg>15s</arg>
<doc>Waits until the element ``locator`` is visible.</doc>
<status status="PASS" start="2026-05-08T15:01:39.954190" elapsed="0.256563"/>
</kw>
<kw name="Get Location" owner="SeleniumLibrary">
<msg time="2026-05-08T15:01:40.217049" level="INFO">${current_url} = https://daotao.qnu.edu.vn/ThoiKhoaBieuGiangVien</msg>
<var>${current_url}</var>
<doc>Returns the current browser window URL.</doc>
<status status="PASS" start="2026-05-08T15:01:40.211268" elapsed="0.005871"/>
</kw>
<kw name="Should Contain" owner="BuiltIn">
<arg>${current_url}</arg>
<arg>${URL_SCHEDULE}</arg>
<doc>Fails if ``container`` does not contain ``item`` one or more times.</doc>
<status status="PASS" start="2026-05-08T15:01:40.217423" elapsed="0.000417"/>
</kw>
<doc>Điều hướng và xác nhận đã vào đúng trang Thời khóa biểu giảng viên</doc>
<status status="PASS" start="2026-05-08T15:01:39.818166" elapsed="0.399853"/>
</kw>
<arg>Mo Trinh Duyet QNU</arg>
<arg>AND</arg>
<arg>Navigate To Faculty Schedule Page</arg>
<doc>Executes all the given keywords in a sequence.</doc>
<status status="PASS" start="2026-05-08T15:01:37.264922" elapsed="2.953351"/>
</kw>
<kw name="Search Faculty Schedule" owner="FacultySchedulePage">
<kw name="Select Mui Dropdown Item" owner="FacultySchedulePage">
<kw name="Wait Until Element Is Visible" owner="SeleniumLibrary">
<arg>${input_locator}</arg>
<arg>15s</arg>
<doc>Waits until the element ``locator`` is visible.</doc>
<status status="PASS" start="2026-05-08T15:01:40.220642" elapsed="0.273964"/>
</kw>
<kw name="Click Element" owner="SeleniumLibrary">
<msg time="2026-05-08T15:01:40.495676" level="INFO">Clicking element 'xpath://label[text()='Năm học']/following-sibling::div//input'.</msg>
<arg>${input_locator}</arg>
<doc>Click the element identified by ``locator``.</doc>
<status status="PASS" start="2026-05-08T15:01:40.495042" elapsed="0.184719"/>
</kw>
<kw name="Wait Until Element Is Visible" owner="SeleniumLibrary">
<arg>xpath://li[contains(text(),'${value}')]</arg>
<arg>10s</arg>
<doc>Waits until the element ``locator`` is visible.</doc>
<status status="PASS" start="2026-05-08T15:01:40.680436" elapsed="0.035072"/>
</kw>
<kw name="Click Element" owner="SeleniumLibrary">
<msg time="2026-05-08T15:01:40.716748" level="INFO">Clicking element 'xpath://li[contains(text(),'2025-2026')]'.</msg>
<arg>xpath://li[contains(text(),'${value}')]</arg>
<doc>Click the element identified by ``locator``.</doc>
<status status="PASS" start="2026-05-08T15:01:40.716127" elapsed="0.135258"/>
</kw>
<arg>${INPUT_YEAR}</arg>
<arg>${year}</arg>
<status status="PASS" start="2026-05-08T15:01:40.219903" elapsed="0.631730"/>
</kw>
<kw name="Select Mui Dropdown Item" owner="FacultySchedulePage">
<kw name="Wait Until Element Is Visible" owner="SeleniumLibrary">
<arg>${input_locator}</arg>
<arg>15s</arg>
<doc>Waits until the element ``locator`` is visible.</doc>
<status status="PASS" start="2026-05-08T15:01:40.852848" elapsed="0.057978"/>
</kw>
<kw name="Click Element" owner="SeleniumLibrary">
<msg time="2026-05-08T15:01:40.911717" level="INFO">Clicking element 'xpath://label[text()='Học kỳ']/following-sibling::div//input'.</msg>
<arg>${input_locator}</arg>
<doc>Click the element identified by ``locator``.</doc>
<status status="PASS" start="2026-05-08T15:01:40.911218" elapsed="0.179415"/>
</kw>
<kw name="Wait Until Element Is Visible" owner="SeleniumLibrary">
<arg>xpath://li[contains(text(),'${value}')]</arg>
<arg>10s</arg>
<doc>Waits until the element ``locator`` is visible.</doc>
<status status="PASS" start="2026-05-08T15:01:41.091078" elapsed="0.034751"/>
</kw>
<kw name="Click Element" owner="SeleniumLibrary">
<msg time="2026-05-08T15:01:41.126758" level="INFO">Clicking element 'xpath://li[contains(text(),'Học kỳ 1')]'.</msg>
<arg>xpath://li[contains(text(),'${value}')]</arg>
<doc>Click the element identified by ``locator``.</doc>
<status status="PASS" start="2026-05-08T15:01:41.126243" elapsed="0.116998"/>
</kw>
<arg>${INPUT_SEMESTER}</arg>
<arg>${semester}</arg>
<status status="PASS" start="2026-05-08T15:01:40.852041" elapsed="0.391524"/>
</kw>
<kw name="Select Mui Dropdown Item" owner="FacultySchedulePage">
<kw name="Wait Until Element Is Visible" owner="SeleniumLibrary">
<arg>${input_locator}</arg>
<arg>15s</arg>
<doc>Waits until the element ``locator`` is visible.</doc>
<status status="PASS" start="2026-05-08T15:01:41.244973" elapsed="0.053654"/>
</kw>
<kw name="Click Element" owner="SeleniumLibrary">
<msg time="2026-05-08T15:01:41.299561" level="INFO">Clicking element 'xpath://label[text()='Khoa']/following-sibling::div//input'.</msg>
<arg>${input_locator}</arg>
<doc>Click the element identified by ``locator``.</doc>
<status status="PASS" start="2026-05-08T15:01:41.299031" elapsed="0.168652"/>
</kw>
<kw name="Wait Until Element Is Visible" owner="SeleniumLibrary">
<arg>xpath://li[contains(text(),'${value}')]</arg>
<arg>10s</arg>
<doc>Waits until the element ``locator`` is visible.</doc>
<status status="PASS" start="2026-05-08T15:01:41.468228" elapsed="0.036036"/>
</kw>
<kw name="Click Element" owner="SeleniumLibrary">
<msg time="2026-05-08T15:01:41.505253" level="INFO">Clicking element 'xpath://li[contains(text(),'Khoa Công nghệ thông tin')]'.</msg>
<arg>xpath://li[contains(text(),'${value}')]</arg>
<doc>Click the element identified by ``locator``.</doc>
<status status="PASS" start="2026-05-08T15:01:41.504664" elapsed="0.148434"/>
</kw>
<arg>${INPUT_FACULTY}</arg>
<arg>${faculty}</arg>
<status status="PASS" start="2026-05-08T15:01:41.243989" elapsed="0.409543"/>
</kw>
<kw name="Input Text" owner="SeleniumLibrary">
<msg time="2026-05-08T15:01:41.654504" level="INFO">Typing text 'Trần' into text field 'xpath://label[contains(text(),'Mã GV')]/following-sibling::div//input'.</msg>
<arg>${INPUT_LECTURER_ID}</arg>
<arg>${lecturer_id}</arg>
<doc>Types the given ``text`` into the text field identified by ``locator``.</doc>
<status status="PASS" start="2026-05-08T15:01:41.653877" elapsed="0.248254"/>
</kw>
<kw name="Click Element" owner="SeleniumLibrary">
<msg time="2026-05-08T15:01:41.903561" level="INFO">Clicking element 'xpath://button[contains(@class, 'MuiButton-containedPrimary') and contains(., 'Lọc')]'.</msg>
<arg>${BTN_FILTER}</arg>
<doc>Click the element identified by ``locator``.</doc>
<status status="PASS" start="2026-05-08T15:01:41.902711" elapsed="0.132161"/>
</kw>
<kw name="Wait Until Element Is Visible" owner="SeleniumLibrary">
<arg>${TABLE_SCHEDULE}</arg>
<arg>15s</arg>
<doc>Waits until the element ``locator`` is visible.</doc>
<status status="PASS" start="2026-05-08T15:01:42.035473" elapsed="1.179274"/>
</kw>
<arg>2025-2026</arg>
<arg>Học kỳ 1</arg>
<arg>Khoa Công nghệ thông tin</arg>
<arg>Trần</arg>
<status status="PASS" start="2026-05-08T15:01:40.219060" elapsed="2.995948"/>
</kw>
<kw name="Verify All Results Contain Lecturer Name" owner="FacultySchedulePage">
<kw name="Get Element Count" owner="SeleniumLibrary">
<msg time="2026-05-08T15:01:43.249778" level="INFO">${row_count} = 149</msg>
<var>${row_count}</var>
<arg>xpath://table[contains(@class, 'schedule-table')]/tbody/tr</arg>
<doc>Returns the number of elements matching ``locator``.</doc>
<status status="PASS" start="2026-05-08T15:01:43.216689" elapsed="0.033203"/>
</kw>
<for flavor="IN RANGE">
<iter>
<kw name="Get Text" owner="SeleniumLibrary">
<msg time="2026-05-08T15:01:43.300726" level="INFO">${cell_text} = ****001 - Phạm Trần Thiện - Khoa Công nghệ thông tin</msg>
<var>${cell_text}</var>
<arg>xpath://table[contains(@class, 'schedule-table')]/tbody/tr[${index}]/td[8]</arg>
<doc>Returns the text value of the element identified by ``locator``.</doc>
<status status="PASS" start="2026-05-08T15:01:43.251203" elapsed="0.049667"/>
</kw>
<kw name="Should Contain" owner="BuiltIn">
<arg>${cell_text}</arg>
<arg>${search_keyword}</arg>
<arg>msg=Dòng ${index} không khớp từ khóa</arg>
<doc>Fails if ``container`` does not contain ``item`` one or more times.</doc>
<status status="PASS" start="2026-05-08T15:01:43.301226" elapsed="0.000666"/>
</kw>
<var name="${index}">1</var>
<status status="PASS" start="2026-05-08T15:01:43.250885" elapsed="0.051151"/>
</iter>
<iter>
<kw name="Get Text" owner="SeleniumLibrary">
<msg time="2026-05-08T15:01:43.342952" level="INFO">${cell_text} = ****001 - Phạm Trần Thiện - Khoa Công nghệ thông tin</msg>
<var>${cell_text}</var>
<arg>xpath://table[contains(@class, 'schedule-table')]/tbody/tr[${index}]/td[8]</arg>
<doc>Returns the text value of the element identified by ``locator``.</doc>
<status status="PASS" start="2026-05-08T15:01:43.302600" elapsed="0.040460"/>
</kw>
<kw name="Should Contain" owner="BuiltIn">
<arg>${cell_text}</arg>
<arg>${search_keyword}</arg>
<arg>msg=Dòng ${index} không khớp từ khóa</arg>
<doc>Fails if ``container`` does not contain ``item`` one or more times.</doc>
<status status="PASS" start="2026-05-08T15:01:43.343404" elapsed="0.000657"/>
</kw>
<var name="${index}">2</var>
<status status="PASS" start="2026-05-08T15:01:43.302359" elapsed="0.041830"/>
</iter>
<iter>
<kw name="Get Text" owner="SeleniumLibrary">
<msg time="2026-05-08T15:01:43.384988" level="INFO">${cell_text} = ****001 - Phạm Trần Thiện - Khoa Công nghệ thông tin</msg>
<var>${cell_text}</var>
<arg>xpath://table[contains(@class, 'schedule-table')]/tbody/tr[${index}]/td[8]</arg>
<doc>Returns the text value of the element identified by ``locator``.</doc>
<status status="PASS" start="2026-05-08T15:01:43.344674" elapsed="0.040442"/>
</kw>
<kw name="Should Contain" owner="BuiltIn">
<arg>${cell_text}</arg>
<arg>${search_keyword}</arg>
<arg>msg=Dòng ${index} không khớp từ khóa</arg>
<doc>Fails if ``container`` does not contain ``item`` one or more times.</doc>
<status status="PASS" start="2026-05-08T15:01:43.385559" elapsed="0.000675"/>
</kw>
<var name="${index}">3</var>
<status status="PASS" start="2026-05-08T15:01:43.344468" elapsed="0.041908"/>
</iter>
<iter>
<kw name="Get Text" owner="SeleniumLibrary">
<msg time="2026-05-08T15:01:43.441577" level="INFO">${cell_text} = ****001 - Phạm Trần Thiện - Khoa Công nghệ thông tin</msg>
<var>${cell_text}</var>
<arg>xpath://table[contains(@class, 'schedule-table')]/tbody/tr[${index}]/td[8]</arg>
<doc>Returns the text value of the element identified by ``locator``.</doc>
<status status="PASS" start="2026-05-08T15:01:43.386857" elapsed="0.054829"/>
</kw>
<kw name="Should Contain" owner="BuiltIn">
<arg>${cell_text}</arg>
<arg>${search_keyword}</arg>
<arg>msg=Dòng ${index} không khớp từ khóa</arg>
<doc>Fails if ``container`` does not contain ``item`` one or more times.</doc>
<status status="PASS" start="2026-05-08T15:01:43.442029" elapsed="0.000640"/>
</kw>
<var name="${index}">4</var>
<status status="PASS" start="2026-05-08T15:01:43.386642" elapsed="0.056158"/>
</iter>
<iter>
<kw name="Get Text" owner="SeleniumLibrary">
<msg time="2026-05-08T15:01:43.487271" level="INFO">${cell_text} = ****001 - Phạm Trần Thiện - Khoa Công nghệ thông tin</msg>
<var>${cell_text}</var>
<arg>xpath://table[contains(@class, 'schedule-table')]/tbody/tr[${index}]/td[8]</arg>
<doc>Returns the text value of the element identified by ``locator``.</doc>
<status status="PASS" start="2026-05-08T15:01:43.443269" elapsed="0.044100"/>
</kw>
<kw name="Should Contain" owner="BuiltIn">
<arg>${cell_text}</arg>
<arg>${search_keyword}</arg>
<arg>msg=Dòng ${index} không khớp từ khóa</arg>
<doc>Fails if ``container`` does not contain ``item`` one or more times.</doc>
<status status="PASS" start="2026-05-08T15:01:43.487771" elapsed="0.000792"/>
</kw>
<var name="${index}">5</var>
<status status="PASS" start="2026-05-08T15:01:43.443064" elapsed="0.046124"/>
</iter>
<iter>
<kw name="Get Text" owner="SeleniumLibrary">
<msg time="2026-05-08T15:01:43.530079" level="INFO">${cell_text} = ****001 - Phạm Trần Thiện - Khoa Công nghệ thông tin</msg>
<var>${cell_text}</var>
<arg>xpath://table[contains(@class, 'schedule-table')]/tbody/tr[${index}]/td[8]</arg>
<doc>Returns the text value of the element identified by ``locator``.</doc>
<status status="PASS" start="2026-05-08T15:01:43.490323" elapsed="0.039870"/>
</kw>
<kw name="Should Contain" owner="BuiltIn">
<arg>${cell_text}</arg>
<arg>${search_keyword}</arg>
<arg>msg=Dòng ${index} không khớp từ khóa</arg>
<doc>Fails if ``container`` does not contain ``item`` one or more times.</doc>
<status status="PASS" start="2026-05-08T15:01:43.531300" elapsed="0.000757"/>
</kw>
<var name="${index}">6</var>
<status status="PASS" start="2026-05-08T15:01:43.489839" elapsed="0.042374"/>
</iter>
<iter>
<kw name="Get Text" owner="SeleniumLibrary">
<msg time="2026-05-08T15:01:43.576859" level="INFO">${cell_text} = ****001 - Phạm Trần Thiện - Khoa Công nghệ thông tin</msg>
<var>${cell_text}</var>
<arg>xpath://table[contains(@class, 'schedule-table')]/tbody/tr[${index}]/td[8]</arg>
<doc>Returns the text value of the element identified by ``locator``.</doc>
<status status="PASS" start="2026-05-08T15:01:43.532824" elapsed="0.044147"/>
</kw>
<kw name="Should Contain" owner="BuiltIn">
<arg>${cell_text}</arg>
<arg>${search_keyword}</arg>
<arg>msg=Dòng ${index} không khớp từ khóa</arg>
<doc>Fails if ``container`` does not contain ``item`` one or more times.</doc>
<status status="PASS" start="2026-05-08T15:01:43.577321" elapsed="0.000665"/>
</kw>
<var name="${index}">7</var>
<status status="PASS" start="2026-05-08T15:01:43.532515" elapsed="0.045607"/>
</iter>
<iter>
<kw name="Get Text" owner="SeleniumLibrary">
<msg time="2026-05-08T15:01:43.616628" level="INFO">${cell_text} = ****001 - Phạm Trần Thiện - Khoa Công nghệ thông tin</msg>
<var>${cell_text}</var>
<arg>xpath://table[contains(@class, 'schedule-table')]/tbody/tr[${index}]/td[8]</arg>
<doc>Returns the text value of the element identified by ``locator``.</doc>
<status status="PASS" start="2026-05-08T15:01:43.578603" elapsed="0.038148"/>
</kw>
<kw name="Should Contain" owner="BuiltIn">
<arg>${cell_text}</arg>
<arg>${search_keyword}</arg>
<arg>msg=Dòng ${index} không khớp từ khóa</arg>
<doc>Fails if ``container`` does not contain ``item`` one or more times.</doc>
<status status="PASS" start="2026-05-08T15:01:43.617058" elapsed="0.000596"/>
</kw>
<var name="${index}">8</var>
<status status="PASS" start="2026-05-08T15:01:43.578390" elapsed="0.039382"/>
</iter>
<iter>
<kw name="Get Text" owner="SeleniumLibrary">
<msg time="2026-05-08T15:01:43.662468" level="INFO">${cell_text} = ****001 - Phạm Trần Thiện - Khoa Công nghệ thông tin</msg>
<var>${cell_text}</var>
<arg>xpath://table[contains(@class, 'schedule-table')]/tbody/tr[${index}]/td[8]</arg>
<doc>Returns the text value of the element identified by ``locator``.</doc>
<status status="PASS" start="2026-05-08T15:01:43.618188" elapsed="0.044402"/>
</kw>
<kw name="Should Contain" owner="BuiltIn">
<arg>${cell_text}</arg>
<arg>${search_keyword}</arg>
<arg>msg=Dòng ${index} không khớp từ khóa</arg>
<doc>Fails if ``container`` does not contain ``item`` one or more times.</doc>
<status status="PASS" start="2026-05-08T15:01:43.663093" elapsed="0.000701"/>
</kw>
<var name="${index}">9</var>
<status status="PASS" start="2026-05-08T15:01:43.618000" elapsed="0.045951"/>
</iter>
<iter>
<kw name="Get Text" owner="SeleniumLibrary">
<msg time="2026-05-08T15:01:43.704669" level="INFO">${cell_text} = ****001 - Phạm Trần Thiện - Khoa Công nghệ thông tin</msg>
<var>${cell_text}</var>
<arg>xpath://table[contains(@class, 'schedule-table')]/tbody/tr[${index}]/td[8]</arg>
<doc>Returns the text value of the element identified by ``locator``.</doc>
<status status="PASS" start="2026-05-08T15:01:43.664476" elapsed="0.040304"/>
</kw>
<kw name="Should Contain" owner="BuiltIn">
<arg>${cell_text}</arg>
<arg>${search_keyword}</arg>
<arg>msg=Dòng ${index} không khớp từ khóa</arg>
<doc>Fails if ``container`` does not contain ``item`` one or more times.</doc>
<status status="PASS" start="2026-05-08T15:01:43.705137" elapsed="0.000708"/>
</kw>
<var name="${index}">10</var>
<status status="PASS" start="2026-05-08T15:01:43.664245" elapsed="0.041789"/>
</iter>
<iter>
<kw name="Get Text" owner="SeleniumLibrary">
<msg time="2026-05-08T15:01:43.773319" level="INFO">${cell_text} = **183 - Trần Hoàng Việt - Khoa Công nghệ thông tin</msg>
<var>${cell_text}</var>
<arg>xpath://table[contains(@class, 'schedule-table')]/tbody/tr[${index}]/td[8]</arg>
<doc>Returns the text value of the element identified by ``locator``.</doc>
<status status="PASS" start="2026-05-08T15:01:43.706567" elapsed="0.066935"/>
</kw>
<kw name="Should Contain" owner="BuiltIn">
<arg>${cell_text}</arg>
<arg>${search_keyword}</arg>
<arg>msg=Dòng ${index} không khớp từ khóa</arg>
<doc>Fails if ``container`` does not contain ``item`` one or more times.</doc>
<status status="PASS" start="2026-05-08T15:01:43.774160" elapsed="0.000768"/>
</kw>
<var name="${index}">11</var>
<status status="PASS" start="2026-05-08T15:01:43.706347" elapsed="0.068733"/>
</iter>
<iter>
<kw name="Get Text" owner="SeleniumLibrary">
<msg time="2026-05-08T15:01:43.819838" level="INFO">${cell_text} = **183 - Trần Hoàng Việt - Khoa Công nghệ thông tin</msg>
<var>${cell_text}</var>
<arg>xpath://table[contains(@class, 'schedule-table')]/tbody/tr[${index}]/td[8]</arg>
<doc>Returns the text value of the element identified by ``locator``.</doc>
<status status="PASS" start="2026-05-08T15:01:43.775592" elapsed="0.044358"/>
</kw>
<kw name="Should Contain" owner="BuiltIn">
<arg>${cell_text}</arg>
<arg>${search_keyword}</arg>
<arg>msg=Dòng ${index} không khớp từ khóa</arg>
<doc>Fails if ``container`` does not contain ``item`` one or more times.</doc>
<status status="PASS" start="2026-05-08T15:01:43.820304" elapsed="0.000635"/>
</kw>
<var name="${index}">12</var>
<status status="PASS" start="2026-05-08T15:01:43.775365" elapsed="0.045709"/>
</iter>
<iter>
<kw name="Get Text" owner="SeleniumLibrary">
<msg time="2026-05-08T15:01:43.898251" level="INFO">${cell_text} = **183 - Trần Hoàng Việt - Khoa Công nghệ thông tin</msg>
<var>${cell_text}</var>
<arg>xpath://table[contains(@class, 'schedule-table')]/tbody/tr[${index}]/td[8]</arg>
<doc>Returns the text value of the element identified by ``locator``.</doc>
<status status="PASS" start="2026-05-08T15:01:43.822191" elapsed="0.076180"/>
</kw>
<kw name="Should Contain" owner="BuiltIn">
<arg>${cell_text}</arg>
<arg>${search_keyword}</arg>
<arg>msg=Dòng ${index} không khớp từ khóa</arg>
<doc>Fails if ``container`` does not contain ``item`` one or more times.</doc>
<status status="PASS" start="2026-05-08T15:01:43.898775" elapsed="0.000653"/>
</kw>
<var name="${index}">13</var>
<status status="PASS" start="2026-05-08T15:01:43.821623" elapsed="0.077952"/>
</iter>
<iter>
<kw name="Get Text" owner="SeleniumLibrary">
<msg time="2026-05-08T15:01:43.943350" level="INFO">${cell_text} = **183 - Trần Hoàng Việt - Khoa Công nghệ thông tin</msg>
<var>${cell_text}</var>
<arg>xpath://table[contains(@class, 'schedule-table')]/tbody/tr[${index}]/td[8]</arg>
<doc>Returns the text value of the element identified by ``locator``.</doc>
<status status="PASS" start="2026-05-08T15:01:43.900523" elapsed="0.042957"/>
</kw>
<kw name="Should Contain" owner="BuiltIn">
<arg>${cell_text}</arg>
<arg>${search_keyword}</arg>
<arg>msg=Dòng ${index} không khớp từ khóa</arg>
<doc>Fails if ``container`` does not contain ``item`` one or more times.</doc>
<status status="PASS" start="2026-05-08T15:01:43.943872" elapsed="0.000775"/>
</kw>
<var name="${index}">14</var>
<status status="PASS" start="2026-05-08T15:01:43.900145" elapsed="0.044659"/>
</iter>
<iter>
<kw name="Get Text" owner="SeleniumLibrary">
<msg time="2026-05-08T15:01:43.984018" level="INFO">${cell_text} = **183 - Trần Hoàng Việt - Khoa Công nghệ thông tin</msg>
<var>${cell_text}</var>
<arg>xpath://table[contains(@class, 'schedule-table')]/tbody/tr[${index}]/td[8]</arg>
<doc>Returns the text value of the element identified by ``locator``.</doc>
<status status="PASS" start="2026-05-08T15:01:43.945398" elapsed="0.038741"/>
</kw>
<kw name="Should Contain" owner="BuiltIn">
<arg>${cell_text}</arg>
<arg>${search_keyword}</arg>
<arg>msg=Dòng ${index} không khớp từ khóa</arg>
<doc>Fails if ``container`` does not contain ``item`` one or more times.</doc>
<status status="PASS" start="2026-05-08T15:01:43.984599" elapsed="0.000771"/>
</kw>
<var name="${index}">15</var>
<status status="PASS" start="2026-05-08T15:01:43.945127" elapsed="0.040392"/>
</iter>
<iter>
<kw name="Get Text" owner="SeleniumLibrary">
<msg time="2026-05-08T15:01:44.048762" level="INFO">${cell_text} = **183 - Trần Hoàng Việt - Khoa Công nghệ thông tin</msg>
<var>${cell_text}</var>
<arg>xpath://table[contains(@class, 'schedule-table')]/tbody/tr[${index}]/td[8]</arg>
<doc>Returns the text value of the element identified by ``locator``.</doc>
<status status="PASS" start="2026-05-08T15:01:43.986064" elapsed="0.062822"/>
</kw>
<kw name="Should Contain" owner="BuiltIn">
<arg>${cell_text}</arg>
<arg>${search_keyword}</arg>
<arg>msg=Dòng ${index} không khớp từ khóa</arg>
<doc>Fails if ``container`` does not contain ``item`` one or more times.</doc>
<status status="PASS" start="2026-05-08T15:01:44.049268" elapsed="0.000700"/>
</kw>
<var name="${index}">16</var>
<status status="PASS" start="2026-05-08T15:01:43.985805" elapsed="0.064324"/>
</iter>
<iter>
<kw name="Get Text" owner="SeleniumLibrary">
<msg time="2026-05-08T15:01:44.095977" level="INFO">${cell_text} = **183 - Trần Hoàng Việt - Khoa Công nghệ thông tin</msg>
<var>${cell_text}</var>
<arg>xpath://table[contains(@class, 'schedule-table')]/tbody/tr[${index}]/td[8]</arg>
<doc>Returns the text value of the element identified by ``locator``.</doc>
<status status="PASS" start="2026-05-08T15:01:44.050706" elapsed="0.045422"/>
</kw>
<kw name="Should Contain" owner="BuiltIn">
<arg>${cell_text}</arg>
<arg>${search_keyword}</arg>
<arg>msg=Dòng ${index} không khớp từ khóa</arg>
<doc>Fails if ``container`` does not contain ``item`` one or more times.</doc>
<status status="PASS" start="2026-05-08T15:01:44.096563" elapsed="0.000984"/>
</kw>
<var name="${index}">17</var>
<status status="PASS" start="2026-05-08T15:01:44.050466" elapsed="0.047404"/>
</iter>
<iter>
<kw name="Get Text" owner="SeleniumLibrary">
<msg time="2026-05-08T15:01:44.141646" level="INFO">${cell_text} = ****021 - Trần Đình Luyện - Khoa Công nghệ thông tin</msg>
<var>${cell_text}</var>
<arg>xpath://table[contains(@class, 'schedule-table')]/tbody/tr[${index}]/td[8]</arg>
<doc>Returns the text value of the element identified by ``locator``.</doc>
<status status="PASS" start="2026-05-08T15:01:44.098564" elapsed="0.043199"/>
</kw>
<kw name="Should Contain" owner="BuiltIn">
<arg>${cell_text}</arg>
<arg>${search_keyword}</arg>
<arg>msg=Dòng ${index} không khớp từ khóa</arg>
<doc>Fails if ``container`` does not contain ``item`` one or more times.</doc>
<status status="PASS" start="2026-05-08T15:01:44.142123" elapsed="0.000665"/>
</kw>
<var name="${index}">18</var>
<status status="PASS" start="2026-05-08T15:01:44.098188" elapsed="0.044740"/>
</iter>
<iter>
<kw name="Get Text" owner="SeleniumLibrary">
<msg time="2026-05-08T15:01:44.177597" level="INFO">${cell_text} = ****021 - Trần Đình Luyện - Khoa Công nghệ thông tin</msg>
<var>${cell_text}</var>
<arg>xpath://table[contains(@class, 'schedule-table')]/tbody/tr[${index}]/td[8]</arg>
<doc>Returns the text value of the element identified by ``locator``.</doc>
<status status="PASS" start="2026-05-08T15:01:44.143402" elapsed="0.034409"/>
</kw>
<kw name="Should Contain" owner="BuiltIn">
<arg>${cell_text}</arg>
<arg>${search_keyword}</arg>
<arg>msg=Dòng ${index} không khớp từ khóa</arg>
<doc>Fails if ``container`` does not contain ``item`` one or more times.</doc>
<status status="PASS" start="2026-05-08T15:01:44.178263" elapsed="0.000916"/>
</kw>
<var name="${index}">19</var>
<status status="PASS" start="2026-05-08T15:01:44.143190" elapsed="0.036153"/>
</iter>
<iter>
<kw name="Get Text" owner="SeleniumLibrary">
<msg time="2026-05-08T15:01:44.213969" level="INFO">${cell_text} = ****021 - Trần Đình Luyện - Khoa Công nghệ thông tin</msg>
<var>${cell_text}</var>
<arg>xpath://table[contains(@class, 'schedule-table')]/tbody/tr[${index}]/td[8]</arg>
<doc>Returns the text value of the element identified by ``locator``.</doc>
<status status="PASS" start="2026-05-08T15:01:44.179902" elapsed="0.034191"/>
</kw>
<kw name="Should Contain" owner="BuiltIn">
<arg>${cell_text}</arg>
<arg>${search_keyword}</arg>
<arg>msg=Dòng ${index} không khớp từ khóa</arg>
<doc>Fails if ``container`` does not contain ``item`` one or more times.</doc>
<status status="PASS" start="2026-05-08T15:01:44.214490" elapsed="0.000755"/>
</kw>
<var name="${index}">20</var>
<status status="PASS" start="2026-05-08T15:01:44.179649" elapsed="0.035752"/>
</iter>
<iter>
<kw name="Get Text" owner="SeleniumLibrary">
<msg time="2026-05-08T15:01:44.250912" level="INFO">${cell_text} = ****021 - Trần Đình Luyện - Khoa Công nghệ thông tin</msg>
<var>${cell_text}</var>
<arg>xpath://table[contains(@class, 'schedule-table')]/tbody/tr[${index}]/td[8]</arg>
<doc>Returns the text value of the element identified by ``locator``.</doc>
<status status="PASS" start="2026-05-08T15:01:44.215933" elapsed="0.035090"/>
</kw>
<kw name="Should Contain" owner="BuiltIn">
<arg>${cell_text}</arg>
<arg>${search_keyword}</arg>
<arg>msg=Dòng ${index} không khớp từ khóa</arg>
<doc>Fails if ``container`` does not contain ``item`` one or more times.</doc>
<status status="PASS" start="2026-05-08T15:01:44.251373" elapsed="0.000720"/>
</kw>
<var name="${index}">21</var>
<status status="PASS" start="2026-05-08T15:01:44.215698" elapsed="0.036553"/>
</iter>
<iter>
<kw name="Get Text" owner="SeleniumLibrary">
<msg time="2026-05-08T15:01:44.289600" level="INFO">${cell_text} = ****021 - Trần Đình Luyện - Khoa Công nghệ thông tin</msg>
<var>${cell_text}</var>
<arg>xpath://table[contains(@class, 'schedule-table')]/tbody/tr[${index}]/td[8]</arg>
<doc>Returns the text value of the element identified by ``locator``.</doc>
<status status="PASS" start="2026-05-08T15:01:44.252766" elapsed="0.036989"/>
</kw>
<kw name="Should Contain" owner="BuiltIn">
<arg>${cell_text}</arg>
<arg>${search_keyword}</arg>
<arg>msg=Dòng ${index} không khớp từ khóa</arg>
<doc>Fails if ``container`` does not contain ``item`` one or more times.</doc>
<status status="PASS" start="2026-05-08T15:01:44.290321" elapsed="0.000802"/>
</kw>
<var name="${index}">22</var>
<status status="PASS" start="2026-05-08T15:01:44.252539" elapsed="0.038763"/>
</iter>
<iter>
<kw name="Get Text" owner="SeleniumLibrary">
<msg time="2026-05-08T15:01:44.347157" level="INFO">${cell_text} = ****021 - Trần Đình Luyện - Khoa Công nghệ thông tin</msg>
<var>${cell_text}</var>
<arg>xpath://table[contains(@class, 'schedule-table')]/tbody/tr[${index}]/td[8]</arg>
<doc>Returns the text value of the element identified by ``locator``.</doc>
<status status="PASS" start="2026-05-08T15:01:44.291866" elapsed="0.055406"/>
</kw>
<kw name="Should Contain" owner="BuiltIn">
<arg>${cell_text}</arg>
<arg>${search_keyword}</arg>
<arg>msg=Dòng ${index} không khớp từ khóa</arg>
<doc>Fails if ``container`` does not contain ``item`` one or more times.</doc>
<status status="PASS" start="2026-05-08T15:01:44.347608" elapsed="0.000655"/>
</kw>
<var name="${index}">23</var>
<status status="PASS" start="2026-05-08T15:01:44.291613" elapsed="0.056785"/>
</iter>
<iter>
<kw name="Get Text" owner="SeleniumLibrary">
<msg time="2026-05-08T15:01:44.386582" level="INFO">${cell_text} = ****021 - Trần Đình Luyện - Khoa Công nghệ thông tin</msg>
<var>${cell_text}</var>
<arg>xpath://table[contains(@class, 'schedule-table')]/tbody/tr[${index}]/td[8]</arg>
<doc>Returns the text value of the element identified by ``locator``.</doc>
<status status="PASS" start="2026-05-08T15:01:44.348872" elapsed="0.037896"/>
</kw>
<kw name="Should Contain" owner="BuiltIn">
<arg>${cell_text}</arg>
<arg>${search_keyword}</arg>
<arg>msg=Dòng ${index} không khớp từ khóa</arg>
<doc>Fails if ``container`` does not contain ``item`` one or more times.</doc>
<status status="PASS" start="2026-05-08T15:01:44.387256" elapsed="0.000875"/>
</kw>
<var name="${index}">24</var>
<status status="PASS" start="2026-05-08T15:01:44.348666" elapsed="0.039586"/>
</iter>
<iter>
<kw name="Get Text" owner="SeleniumLibrary">
<msg time="2026-05-08T15:01:44.426485" level="INFO">${cell_text} = ****021 - Trần Đình Luyện - Khoa Công nghệ thông tin</msg>
<var>${cell_text}</var>
<arg>xpath://table[contains(@class, 'schedule-table')]/tbody/tr[${index}]/td[8]</arg>
<doc>Returns the text value of the element identified by ``locator``.</doc>
<status status="PASS" start="2026-05-08T15:01:44.388885" elapsed="0.037700"/>
</kw>
<kw name="Should Contain" owner="BuiltIn">
<arg>${cell_text}</arg>
<arg>${search_keyword}</arg>
<arg>msg=Dòng ${index} không khớp từ khóa</arg>
<doc>Fails if ``container`` does not contain ``item`` one or more times.</doc>
<status status="PASS" start="2026-05-08T15:01:44.426899" elapsed="0.000521"/>
</kw>
<var name="${index}">25</var>
<status status="PASS" start="2026-05-08T15:01:44.388445" elapsed="0.039142"/>
</iter>
<iter>
<kw name="Get Text" owner="SeleniumLibrary">
<msg time="2026-05-08T15:01:44.476638" level="INFO">${cell_text} = ****021 - Trần Đình Luyện - Khoa Công nghệ thông tin</msg>
<var>${cell_text}</var>
<arg>xpath://table[contains(@class, 'schedule-table')]/tbody/tr[${index}]/td[8]</arg>
<doc>Returns the text value of the element identified by ``locator``.</doc>
<status status="PASS" start="2026-05-08T15:01:44.428018" elapsed="0.048747"/>
</kw>
<kw name="Should Contain" owner="BuiltIn">
<arg>${cell_text}</arg>
<arg>${search_keyword}</arg>
<arg>msg=Dòng ${index} không khớp từ khóa</arg>
<doc>Fails if ``container`` does not contain ``item`` one or more times.</doc>
<status status="PASS" start="2026-05-08T15:01:44.477189" elapsed="0.000679"/>
</kw>
<var name="${index}">26</var>
<status status="PASS" start="2026-05-08T15:01:44.427828" elapsed="0.050269"/>
</iter>
<iter>
<kw name="Get Text" owner="SeleniumLibrary">
<msg time="2026-05-08T15:01:44.516941" level="INFO">${cell_text} = ****021 - Trần Đình Luyện - Khoa Công nghệ thông tin</msg>
<var>${cell_text}</var>
<arg>xpath://table[contains(@class, 'schedule-table')]/tbody/tr[${index}]/td[8]</arg>
<doc>Returns the text value of the element identified by ``locator``.</doc>
<status status="PASS" start="2026-05-08T15:01:44.478666" elapsed="0.038392"/>
</kw>
<kw name="Should Contain" owner="BuiltIn">
<arg>${cell_text}</arg>
<arg>${search_keyword}</arg>
<arg>msg=Dòng ${index} không khớp từ khóa</arg>
<doc>Fails if ``container`` does not contain ``item`` one or more times.</doc>
<status status="PASS" start="2026-05-08T15:01:44.517421" elapsed="0.000682"/>
</kw>
<var name="${index}">27</var>
<status status="PASS" start="2026-05-08T15:01:44.478414" elapsed="0.039839"/>
</iter>
<iter>
<kw name="Get Text" owner="SeleniumLibrary">
<msg time="2026-05-08T15:01:44.557785" level="INFO">${cell_text} = ****021 - Trần Đình Luyện - Khoa Công nghệ thông tin</msg>
<var>${cell_text}</var>
<arg>xpath://table[contains(@class, 'schedule-table')]/tbody/tr[${index}]/td[8]</arg>
<doc>Returns the text value of the element identified by ``locator``.</doc>
<status status="PASS" start="2026-05-08T15:01:44.518755" elapsed="0.039146"/>
</kw>
<kw name="Should Contain" owner="BuiltIn">
<arg>${cell_text}</arg>
<arg>${search_keyword}</arg>
<arg>msg=Dòng ${index} không khớp từ khóa</arg>
<doc>Fails if ``container`` does not contain ``item`` one or more times.</doc>
<status status="PASS" start="2026-05-08T15:01:44.558268" elapsed="0.000718"/>
</kw>
<var name="${index}">28</var>
<status status="PASS" start="2026-05-08T15:01:44.518529" elapsed="0.040613"/>
</iter>
<iter>
<kw name="Get Text" owner="SeleniumLibrary">
<msg time="2026-05-08T15:01:44.597127" level="INFO">${cell_text} = ****021 - Trần Đình Luyện - Khoa Công nghệ thông tin</msg>
<var>${cell_text}</var>
<arg>xpath://table[contains(@class, 'schedule-table')]/tbody/tr[${index}]/td[8]</arg>
<doc>Returns the text value of the element identified by ``locator``.</doc>
<status status="PASS" start="2026-05-08T15:01:44.559666" elapsed="0.037583"/>
</kw>
<kw name="Should Contain" owner="BuiltIn">
<arg>${cell_text}</arg>
<arg>${search_keyword}</arg>
<arg>msg=Dòng ${index} không khớp từ khóa</arg>
<doc>Fails if ``container`` does not contain ``item`` one or more times.</doc>
<status status="PASS" start="2026-05-08T15:01:44.597576" elapsed="0.000530"/>
</kw>
<var name="${index}">29</var>
<status status="PASS" start="2026-05-08T15:01:44.559434" elapsed="0.038781"/>
</iter>
<iter>
<kw name="Get Text" owner="SeleniumLibrary">
<msg time="2026-05-08T15:01:44.636569" level="INFO">${cell_text} = ****021 - Trần Đình Luyện - Khoa Công nghệ thông tin</msg>
<var>${cell_text}</var>
<arg>xpath://table[contains(@class, 'schedule-table')]/tbody/tr[${index}]/td[8]</arg>
<doc>Returns the text value of the element identified by ``locator``.</doc>
<status status="PASS" start="2026-05-08T15:01:44.598680" elapsed="0.038007"/>
</kw>
<kw name="Should Contain" owner="BuiltIn">
<arg>${cell_text}</arg>
<arg>${search_keyword}</arg>
<arg>msg=Dòng ${index} không khớp từ khóa</arg>
<doc>Fails if ``container`` does not contain ``item`` one or more times.</doc>
<status status="PASS" start="2026-05-08T15:01:44.637044" elapsed="0.000709"/>
</kw>
<var name="${index}">30</var>
<status status="PASS" start="2026-05-08T15:01:44.598488" elapsed="0.039418"/>
</iter>
<iter>
<kw name="Get Text" owner="SeleniumLibrary">
<msg time="2026-05-08T15:01:44.677635" level="INFO">${cell_text} = ****021 - Trần Đình Luyện - Khoa Công nghệ thông tin</msg>
<var>${cell_text}</var>
<arg>xpath://table[contains(@class, 'schedule-table')]/tbody/tr[${index}]/td[8]</arg>
<doc>Returns the text value of the element identified by ``locator``.</doc>
<status status="PASS" start="2026-05-08T15:01:44.638505" elapsed="0.039243"/>
</kw>
<kw name="Should Contain" owner="BuiltIn">
<arg>${cell_text}</arg>
<arg>${search_keyword}</arg>
<arg>msg=Dòng ${index} không khớp từ khóa</arg>
<doc>Fails if ``container`` does not contain ``item`` one or more times.</doc>
<status status="PASS" start="2026-05-08T15:01:44.678107" elapsed="0.000724"/>
</kw>
<var name="${index}">31</var>
<status status="PASS" start="2026-05-08T15:01:44.638206" elapsed="0.040788"/>
</iter>
<iter>
<kw name="Get Text" owner="SeleniumLibrary">
<msg time="2026-05-08T15:01:44.719816" level="INFO">${cell_text} = ****021 - Trần Đình Luyện - Khoa Công nghệ thông tin</msg>
<var>${cell_text}</var>
<arg>xpath://table[contains(@class, 'schedule-table')]/tbody/tr[${index}]/td[8]</arg>
<doc>Returns the text value of the element identified by ``locator``.</doc>
<status status="PASS" start="2026-05-08T15:01:44.679531" elapsed="0.040400"/>
</kw>
<kw name="Should Contain" owner="BuiltIn">
<arg>${cell_text}</arg>
<arg>${search_keyword}</arg>
<arg>msg=Dòng ${index} không khớp từ khóa</arg>
<doc>Fails if ``container`` does not contain ``item`` one or more times.</doc>
<status status="PASS" start="2026-05-08T15:01:44.720293" elapsed="0.000671"/>
</kw>
<var name="${index}">32</var>
<status status="PASS" start="2026-05-08T15:01:44.679299" elapsed="0.041823"/>
</iter>
<iter>
<kw name="Get Text" owner="SeleniumLibrary">
<msg time="2026-05-08T15:01:44.766372" level="INFO">${cell_text} = ****021 - Trần Đình Luyện - Khoa Công nghệ thông tin</msg>
<var>${cell_text}</var>
<arg>xpath://table[contains(@class, 'schedule-table')]/tbody/tr[${index}]/td[8]</arg>
<doc>Returns the text value of the element identified by ``locator``.</doc>
<status status="PASS" start="2026-05-08T15:01:44.721625" elapsed="0.044845"/>
</kw>
<kw name="Should Contain" owner="BuiltIn">
<arg>${cell_text}</arg>
<arg>${search_keyword}</arg>
<arg>msg=Dòng ${index} không khớp từ khóa</arg>
<doc>Fails if ``container`` does not contain ``item`` one or more times.</doc>
<status status="PASS" start="2026-05-08T15:01:44.766782" elapsed="0.000784"/>
</kw>
<var name="${index}">33</var>
<status status="PASS" start="2026-05-08T15:01:44.721404" elapsed="0.046278"/>
</iter>
<iter>
[...]
<var>${current_url}</var>
<doc>Returns the current browser window URL.</doc>
<status status="PASS" start="2026-05-08T15:06:51.076924" elapsed="0.007570"/>
</kw>
<kw name="Should Contain" owner="BuiltIn">
<arg>${current_url}</arg>
<arg>${URL_LOGIN}</arg>
<doc>Fails if ``container`` does not contain ``item`` one or more times.</doc>
<status status="PASS" start="2026-05-08T15:06:51.084893" elapsed="0.000581"/>
</kw>
<doc>Điều hướng và xác nhận đã vào đúng trang Đăng nhập</doc>
<status status="PASS" start="2026-05-08T15:06:50.702724" elapsed="0.382959"/>
</kw>
<arg>Mo Trinh Duyet QNU</arg>
<arg>AND</arg>
<arg>Navigate To Login Page</arg>
<doc>Executes all the given keywords in a sequence.</doc>
<status status="PASS" start="2026-05-08T15:06:48.275001" elapsed="2.810840"/>
</kw>
<kw name="Login To System" owner="LoginPage">
<kw name="Wait Until Element Is Visible" owner="SeleniumLibrary">
<arg>${TXT_USERNAME}</arg>
<arg>15s</arg>
<doc>Waits until the element ``locator`` is visible.</doc>
<status status="PASS" start="2026-05-08T15:06:51.087245" elapsed="0.028659"/>
</kw>
<kw name="Input Text" owner="SeleniumLibrary">
<msg time="2026-05-08T15:06:51.117202" level="INFO">Typing text '4551050152' into text field 'name:email'.</msg>
<arg>${TXT_USERNAME}</arg>
<arg>${user}</arg>
<doc>Types the given ``text`` into the text field identified by ``locator``.</doc>
<status status="PASS" start="2026-05-08T15:06:51.116484" elapsed="0.171731"/>
</kw>
<kw name="Input Password" owner="SeleniumLibrary">
<msg time="2026-05-08T15:06:51.289024" level="INFO">Typing password into text field 'name:password'.</msg>
<msg time="2026-05-08T15:06:51.331255" level="INFO">Temporally setting log level to: NONE</msg>
<arg>${TXT_PASSWORD}</arg>
<arg>${pass}</arg>
<doc>Types the given password into the text field identified by ``locator``.</doc>
<status status="PASS" start="2026-05-08T15:06:51.288551" elapsed="0.150503"/>
</kw>
<kw name="Click Button" owner="SeleniumLibrary">
<msg time="2026-05-08T15:06:51.440549" level="INFO">Clicking button 'xpath://button[@type='submit']'.</msg>
<arg>${BTN_SUBMIT}</arg>
<doc>Clicks the button identified by ``locator``.</doc>
<status status="PASS" start="2026-05-08T15:06:51.439583" elapsed="0.214409"/>
</kw>
<arg>4551050152</arg>
<arg>1521050455</arg>
<doc>Keyword tổng hợp thực hiện các bước đăng nhập</doc>
<status status="PASS" start="2026-05-08T15:06:51.086522" elapsed="0.567713"/>
</kw>
<kw name="Navigate To Student Marks Page" owner="StudentMarksPage">
<kw name="Wait Until Element Is Visible" owner="SeleniumLibrary">
<arg>${MENU_XEM_DIEM}</arg>
<arg>20s</arg>
<doc>Waits until the element ``locator`` is visible.</doc>
<status status="PASS" start="2026-05-08T15:06:51.655860" elapsed="0.458844"/>
</kw>
<kw name="Click Element" owner="SeleniumLibrary">
<msg time="2026-05-08T15:06:52.115589" level="INFO">Clicking element 'xpath=//a[@href="/student/marks"]'.</msg>
<arg>${MENU_XEM_DIEM}</arg>
<doc>Click the element identified by ``locator``.</doc>
<status status="PASS" start="2026-05-08T15:06:52.115131" elapsed="0.171964"/>
</kw>
<kw name="Wait Until Location Contains" owner="SeleniumLibrary">
<arg>/student/marks</arg>
<arg>10s</arg>
<doc>Waits until the current URL contains ``expected``.</doc>
<status status="PASS" start="2026-05-08T15:06:52.287651" elapsed="0.053225"/>
</kw>
<kw name="Sleep" owner="BuiltIn">
<msg time="2026-05-08T15:06:57.342764" level="INFO">Slept 5 seconds.</msg>
<arg>5s</arg>
<doc>Pauses the test executed for the given time.</doc>
<status status="PASS" start="2026-05-08T15:06:52.341479" elapsed="5.001562"/>
</kw>
<status status="PASS" start="2026-05-08T15:06:51.654997" elapsed="5.688280"/>
</kw>
<kw name="Switch To View Program Marks" owner="StudentMarksPage">
<kw name="Wait Until Element Is Visible" owner="SeleniumLibrary">
<arg>${TBL_DIEM_CTDT}</arg>
<arg>timeout=15</arg>
<doc>Waits until the element ``locator`` is visible.</doc>
<status status="PASS" start="2026-05-08T15:06:57.345535" elapsed="0.056559"/>
</kw>
<kw name="Click Element" owner="SeleniumLibrary">
<msg time="2026-05-08T15:06:57.403182" level="INFO">Clicking element 'xpath=//input[@value='CTDT']'.</msg>
<arg>${RAD_XEM_DIEM_CTDT}</arg>
<doc>Click the element identified by ``locator``.</doc>
<status status="PASS" start="2026-05-08T15:06:57.402613" elapsed="0.160095"/>
</kw>
<kw name="Wait Until Element Is Visible" owner="SeleniumLibrary">
<arg>${TBL_DIEM_CTDT}</arg>
<arg>timeout=15</arg>
<doc>Waits until the element ``locator`` is visible.</doc>
<status status="PASS" start="2026-05-08T15:06:57.563066" elapsed="3.291773"/>
</kw>
<status status="PASS" start="2026-05-08T15:06:57.344037" elapsed="3.511041"/>
</kw>
<kw name="Open Details By Course ID" owner="StudentMarksPage">
<kw name="Set Variable" owner="BuiltIn">
<msg time="2026-05-08T15:07:00.857535" level="INFO">${locator_btn} = xpath=//td[text()='1010245']/parent::tr//button[@aria-label='expand row']</msg>
<var>${locator_btn}</var>
<arg>xpath=//td[text()='${course_id}']/parent::tr//button[@aria-label='expand row']</arg>
<doc>Returns the given values which can then be assigned to a variables.</doc>
<status status="PASS" start="2026-05-08T15:07:00.856980" elapsed="0.000635"/>
</kw>
<kw name="Wait Until Element Is Visible" owner="SeleniumLibrary">
<arg>${locator_btn}</arg>
<arg>timeout=10s</arg>
<doc>Waits until the element ``locator`` is visible.</doc>
<status status="PASS" start="2026-05-08T15:07:00.857984" elapsed="0.034867"/>
</kw>
<kw name="Scroll Element Into View" owner="SeleniumLibrary">
<arg>${locator_btn}</arg>
<doc>Scrolls the element identified by ``locator`` into view.</doc>
<status status="PASS" start="2026-05-08T15:07:00.893266" elapsed="0.304259"/>
</kw>
<kw name="Click Element" owner="SeleniumLibrary">
<msg time="2026-05-08T15:07:01.198407" level="INFO">Clicking element 'xpath=//td[text()='1010245']/parent::tr//button[@aria-label='expand row']'.</msg>
<arg>${locator_btn}</arg>
<doc>Click the element identified by ``locator``.</doc>
<status status="PASS" start="2026-05-08T15:07:01.197910" elapsed="0.134643"/>
</kw>
<kw name="Wait Until Page Contains" owner="SeleniumLibrary">
<msg time="2026-05-08T15:07:06.407011" level="FAIL">Text 'Chi tiết học phần: 1010245' did not appear in 5 seconds.</msg>
<arg>Chi tiết học phần: ${course_id}</arg>
<arg>timeout=5s</arg>
<doc>Waits until ``text`` appears on the current page.</doc>
<status status="FAIL" start="2026-05-08T15:07:01.332973" elapsed="5.076370">Text 'Chi tiết học phần: 1010245' did not appear in 5 seconds.</status>
</kw>
<arg>1010245</arg>
<status status="FAIL" start="2026-05-08T15:07:00.856243" elapsed="5.553434">Text 'Chi tiết học phần: 1010245' did not appear in 5 seconds.</status>
</kw>
<kw name="Dong Trinh Duyet QNU" owner="Common" type="TEARDOWN">
<kw name="Run Keyword If Test Failed" owner="BuiltIn">
<kw name="Thuc Hien Chup Anh Loi" owner="Common">
<kw name="Sleep" owner="BuiltIn">
<msg time="2026-05-08T15:07:08.414234" level="INFO">Slept 2 seconds.</msg>
<arg>2s</arg>
<doc>Pauses the test executed for the given time.</doc>
<status status="PASS" start="2026-05-08T15:07:06.411906" elapsed="2.002568"/>
</kw>
<kw name="Evaluate" owner="BuiltIn">
<msg time="2026-05-08T15:07:08.415526" level="INFO">${clean_name} = TC-035 Verify opening details of a course by course ID in Program Curriculum view</msg>
<var>${clean_name}</var>
<arg>'${TEST_NAME}'.replace(':', '')</arg>
<doc>Evaluates the given expression in Python and returns the result.</doc>
<status status="PASS" start="2026-05-08T15:07:08.414873" elapsed="0.000726"/>
</kw>
<kw name="Capture Page Screenshot" owner="SeleniumLibrary">
<msg time="2026-05-08T15:07:08.622110" level="INFO" html="true">&lt;/td&gt;&lt;/tr&gt;&lt;tr&gt;&lt;td colspan="3"&gt;&lt;a href="screenshots/TC-035%20Verify%20opening%20details%20of%20a%20course%20by%20course%20ID%20in%20Program%20Curriculum%20view_failure.png"&gt;&lt;img src="screenshots/TC-035%20Verify%20opening%20details%20of%20a%20course%20by%20course%20ID%20in%20Program%20Curriculum%20view_failure.png" width="800px"&gt;&lt;/a&gt;</msg>
<arg>${clean_name}_failure.png</arg>
<doc>Takes a screenshot of the current page and embeds it into a log file.</doc>
<status status="PASS" start="2026-05-08T15:07:08.415921" elapsed="0.206420"/>
</kw>
<status status="PASS" start="2026-05-08T15:07:06.411522" elapsed="2.211021"/>
</kw>
<arg>Thuc Hien Chup Anh Loi</arg>
<doc>Runs the given keyword with the given arguments, if the test failed.</doc>
<status status="PASS" start="2026-05-08T15:07:06.411193" elapsed="2.211444"/>
</kw>
<kw name="Close Browser" owner="SeleniumLibrary">
<doc>Closes the current browser.</doc>
<status status="PASS" start="2026-05-08T15:07:08.622907" elapsed="2.280305"/>
</kw>
<status status="PASS" start="2026-05-08T15:07:06.410584" elapsed="4.492976"/>
</kw>
<doc>Ở bảng Xem điểm CTĐT, mở chi tiết một môn học bằng mã học phần</doc>
<status status="FAIL" start="2026-05-08T15:06:48.274049" elapsed="22.630126">Text 'Chi tiết học phần: 1010245' did not appear in 5 seconds.</status>
</test>
<test id="s1-s6-t11" name="TC-036: Verify opening details of a course by course name in Program Curriculum view" line="91">
<kw name="Run Keywords" owner="BuiltIn" type="SETUP">
<kw name="Mo Trinh Duyet QNU" owner="Common">
<kw name="Open Browser" owner="SeleniumLibrary">
<msg time="2026-05-08T15:07:10.907865" level="INFO">Opening browser 'chrome' to base url 'https://daotao.qnu.edu.vn'.</msg>
<arg>${URL_QNU}</arg>
<arg>${BROWSER}</arg>
<doc>Opens a new browser instance to the optional ``url``.</doc>
<status status="PASS" start="2026-05-08T15:07:10.907488" elapsed="1.960227"/>
</kw>
<kw name="Maximize Browser Window" owner="SeleniumLibrary">
<doc>Maximizes current browser window.</doc>
<status status="PASS" start="2026-05-08T15:07:12.868173" elapsed="0.118817"/>
</kw>
<kw name="Set Screenshot Directory" owner="SeleniumLibrary">
<arg>Results/screenshots</arg>
<doc>Sets the directory for captured screenshots.</doc>
<status status="PASS" start="2026-05-08T15:07:12.987321" elapsed="0.000740"/>
</kw>
<status status="PASS" start="2026-05-08T15:07:10.907036" elapsed="2.081339"/>
</kw>
<kw name="Navigate To Login Page" owner="Navigate">
<kw name="Wait Until Element Is Visible" owner="SeleniumLibrary">
<arg>${BTN_LOGIN}</arg>
<arg>15s</arg>
<doc>Waits until the element ``locator`` is visible.</doc>
<status status="PASS" start="2026-05-08T15:07:12.989508" elapsed="0.027043"/>
</kw>
<kw name="Click Element" owner="SeleniumLibrary">
<msg time="2026-05-08T15:07:13.017539" level="INFO">Clicking element 'xpath:(//a[contains(text(),'Đăng nhập')])[2]'.</msg>
<arg>${BTN_LOGIN}</arg>
<doc>Click the element identified by ``locator``.</doc>
<status status="PASS" start="2026-05-08T15:07:13.016979" elapsed="0.218535"/>
</kw>
<kw name="Wait Until Element Is Visible" owner="SeleniumLibrary">
<arg>${TXT_USERNAME}</arg>
<arg>15s</arg>
<doc>Waits until the element ``locator`` is visible.</doc>
<status status="PASS" start="2026-05-08T15:07:13.235818" elapsed="0.109213"/>
</kw>
<kw name="Get Location" owner="SeleniumLibrary">
<msg time="2026-05-08T15:07:13.352250" level="INFO">${current_url} = https://daotao.qnu.edu.vn/login</msg>
<var>${current_url}</var>
<doc>Returns the current browser window URL.</doc>
<status status="PASS" start="2026-05-08T15:07:13.345437" elapsed="0.006937"/>
</kw>
<kw name="Should Contain" owner="BuiltIn">
<arg>${current_url}</arg>
<arg>${URL_LOGIN}</arg>
<doc>Fails if ``container`` does not contain ``item`` one or more times.</doc>
<status status="PASS" start="2026-05-08T15:07:13.352708" elapsed="0.000481"/>
</kw>
<doc>Điều hướng và xác nhận đã vào đúng trang Đăng nhập</doc>
<status status="PASS" start="2026-05-08T15:07:12.988901" elapsed="0.364527"/>
</kw>
<arg>Mo Trinh Duyet QNU</arg>
<arg>AND</arg>
<arg>Navigate To Login Page</arg>
<doc>Executes all the given keywords in a sequence.</doc>
<status status="PASS" start="2026-05-08T15:07:10.906528" elapsed="2.447056"/>
</kw>
<kw name="Login To System" owner="LoginPage">
<kw name="Wait Until Element Is Visible" owner="SeleniumLibrary">
<arg>${TXT_USERNAME}</arg>
<arg>15s</arg>
<doc>Waits until the element ``locator`` is visible.</doc>
<status status="PASS" start="2026-05-08T15:07:13.355101" elapsed="0.025296"/>
</kw>
<kw name="Input Text" owner="SeleniumLibrary">
<msg time="2026-05-08T15:07:13.381520" level="INFO">Typing text '4551050152' into text field 'name:email'.</msg>
<arg>${TXT_USERNAME}</arg>
<arg>${user}</arg>
<doc>Types the given ``text`` into the text field identified by ``locator``.</doc>
<status status="PASS" start="2026-05-08T15:07:13.380917" elapsed="0.184063"/>
</kw>
<kw name="Input Password" owner="SeleniumLibrary">
<msg time="2026-05-08T15:07:13.565898" level="INFO">Typing password into text field 'name:password'.</msg>
<msg time="2026-05-08T15:07:13.612279" level="INFO">Temporally setting log level to: NONE</msg>
<arg>${TXT_PASSWORD}</arg>
<arg>${pass}</arg>
<doc>Types the given password into the text field identified by ``locator``.</doc>
<status status="PASS" start="2026-05-08T15:07:13.565349" elapsed="0.145479"/>
</kw>
<kw name="Click Button" owner="SeleniumLibrary">
<msg time="2026-05-08T15:07:13.711726" level="INFO">Clicking button 'xpath://button[@type='submit']'.</msg>
<arg>${BTN_SUBMIT}</arg>
<doc>Clicks the button identified by ``locator``.</doc>
<status status="PASS" start="2026-05-08T15:07:13.711232" elapsed="0.124370"/>
</kw>
<arg>4551050152</arg>
<arg>1521050455</arg>
<doc>Keyword tổng hợp thực hiện các bước đăng nhập</doc>
<status status="PASS" start="2026-05-08T15:07:13.354445" elapsed="0.481435"/>
</kw>
<kw name="Navigate To Student Marks Page" owner="StudentMarksPage">
<kw name="Wait Until Element Is Visible" owner="SeleniumLibrary">
<arg>${MENU_XEM_DIEM}</arg>
<arg>20s</arg>
<doc>Waits until the element ``locator`` is visible.</doc>
<status status="PASS" start="2026-05-08T15:07:13.837920" elapsed="0.449332"/>
</kw>
<kw name="Click Element" owner="SeleniumLibrary">
<msg time="2026-05-08T15:07:14.288295" level="INFO">Clicking element 'xpath=//a[@href="/student/marks"]'.</msg>
<arg>${MENU_XEM_DIEM}</arg>
<doc>Click the element identified by ``locator``.</doc>
<status status="PASS" start="2026-05-08T15:07:14.287696" elapsed="0.117948"/>
</kw>
<kw name="Wait Until Location Contains" owner="SeleniumLibrary">
<arg>/student/marks</arg>
<arg>10s</arg>
<doc>Waits until the current URL contains ``expected``.</doc>
<status status="PASS" start="2026-05-08T15:07:14.406088" elapsed="0.035105"/>
</kw>
<kw name="Sleep" owner="BuiltIn">
<msg time="2026-05-08T15:07:19.442708" level="INFO">Slept 5 seconds.</msg>
<arg>5s</arg>
<doc>Pauses the test executed for the given time.</doc>
<status status="PASS" start="2026-05-08T15:07:14.441573" elapsed="5.001392"/>
</kw>
<status status="PASS" start="2026-05-08T15:07:13.837100" elapsed="5.606101"/>
</kw>
<kw name="Switch To View Program Marks" owner="StudentMarksPage">
<kw name="Wait Until Element Is Visible" owner="SeleniumLibrary">
<arg>${TBL_DIEM_CTDT}</arg>
<arg>timeout=15</arg>
<doc>Waits until the element ``locator`` is visible.</doc>
<status status="PASS" start="2026-05-08T15:07:19.445451" elapsed="0.045098"/>
</kw>
<kw name="Click Element" owner="SeleniumLibrary">
<msg time="2026-05-08T15:07:19.491957" level="INFO">Clicking element 'xpath=//input[@value='CTDT']'.</msg>
<arg>${RAD_XEM_DIEM_CTDT}</arg>
<doc>Click the element identified by ``locator``.</doc>
<status status="PASS" start="2026-05-08T15:07:19.491111" elapsed="0.203424"/>
</kw>
<kw name="Wait Until Element Is Visible" owner="SeleniumLibrary">
<arg>${TBL_DIEM_CTDT}</arg>
<arg>timeout=15</arg>
<doc>Waits until the element ``locator`` is visible.</doc>
<status status="PASS" start="2026-05-08T15:07:19.695009" elapsed="3.309653"/>
</kw>
<status status="PASS" start="2026-05-08T15:07:19.444834" elapsed="3.560090"/>
</kw>
<kw name="Open Details By Course Name" owner="StudentMarksPage">
<kw name="Set Variable" owner="BuiltIn">
<msg time="2026-05-08T15:07:23.007509" level="INFO">${xpath_name} = xpath=//td[contains(., 'Kỹ thuật lập trình')]</msg>
<var>${xpath_name}</var>
<arg>xpath=//td[contains(., '${course_name}')]</arg>
<doc>Returns the given values which can then be assigned to a variables.</doc>
<status status="PASS" start="2026-05-08T15:07:23.006883" elapsed="0.000727"/>
</kw>
<kw name="Set Variable" owner="BuiltIn">
<msg time="2026-05-08T15:07:23.008483" level="INFO">${xpath_button} = xpath=//td[contains(., 'Kỹ thuật lập trình')]/parent::tr//button[@aria-label='expand row']</msg>
<var>${xpath_button}</var>
<arg>${xpath_name}/parent::tr//button[@aria-label='expand row']</arg>
<doc>Returns the given values which can then be assigned to a variables.</doc>
<status status="PASS" start="2026-05-08T15:07:23.007928" elapsed="0.000638"/>
</kw>
<kw name="Wait Until Element Is Visible" owner="SeleniumLibrary">
<arg>${xpath_name}</arg>
<arg>timeout=10s</arg>
<doc>Waits until the element ``locator`` is visible.</doc>
<status status="PASS" start="2026-05-08T15:07:23.008862" elapsed="0.043378"/>
</kw>
<kw name="Scroll Element Into View" owner="SeleniumLibrary">
<arg>${xpath_button}</arg>
<doc>Scrolls the element identified by ``locator`` into view.</doc>
<status status="PASS" start="2026-05-08T15:07:23.052805" elapsed="0.318880"/>
</kw>
<kw name="Click Element" owner="SeleniumLibrary">
<msg time="2026-05-08T15:07:23.372638" level="INFO">Clicking element 'xpath=//td[contains(., 'Kỹ thuật lập trình')]/parent::tr//button[@aria-label='expand row']'.</msg>
<arg>${xpath_button}</arg>
<doc>Click the element identified by ``locator``.</doc>
<status status="PASS" start="2026-05-08T15:07:23.372119" elapsed="0.163076"/>
</kw>
<kw name="Wait Until Page Contains" owner="SeleniumLibrary">
<arg>Chi tiết học phần</arg>
<arg>timeout=7s</arg>
<doc>Waits until ``text`` appears on the current page.</doc>
<status status="PASS" start="2026-05-08T15:07:23.535701" elapsed="0.028659"/>
</kw>
<arg>Kỹ thuật lập trình</arg>
<status status="PASS" start="2026-05-08T15:07:23.006116" elapsed="0.558519"/>
</kw>
<kw name="Dong Trinh Duyet QNU" owner="Common" type="TEARDOWN">
<kw name="Run Keyword If Test Failed" owner="BuiltIn">
<arg>Thuc Hien Chup Anh Loi</arg>
<doc>Runs the given keyword with the given arguments, if the test failed.</doc>
<status status="PASS" start="2026-05-08T15:07:23.566330" elapsed="0.000240"/>
</kw>
<kw name="Close Browser" owner="SeleniumLibrary">
<doc>Closes the current browser.</doc>
<status status="PASS" start="2026-05-08T15:07:23.566916" elapsed="2.385383"/>
</kw>
<status status="PASS" start="2026-05-08T15:07:23.565627" elapsed="2.387017"/>
</kw>
<doc>Ở bảng Xem điểm CTĐT, mở chi tiết một môn học bằng tên học phần</doc>
<status status="PASS" start="2026-05-08T15:07:10.905352" elapsed="15.047796"/>
</test>
<status status="FAIL" start="2026-05-08T15:04:37.864936" elapsed="168.089601"/>
</suite>
<status status="FAIL" start="2026-05-08T15:01:03.038500" elapsed="382.917883"/>
</suite>
<statistics>
<total>
<stat pass="38" fail="2" skip="0">All Tests</stat>
</total>
<tag>
<stat pass="4" fail="0" skip="0">News_UI</stat>
<stat pass="1" fail="0" skip="0">Priority_High</stat>
<stat pass="1" fail="0" skip="0">Smoke_Test</stat>
</tag>
<suite>
<stat name="Tests" id="s1" pass="38" fail="2" skip="0">Tests</stat>
<stat name="Faculty Schedule Tests" id="s1-s1" pass="9" fail="0" skip="0">Tests.Faculty Schedule Tests</stat>
<stat name="Login Tests" id="s1-s2" pass="6" fail="0" skip="0">Tests.Login Tests</stat>
<stat name="Navigation Tests" id="s1-s3" pass="3" fail="0" skip="0">Tests.Navigation Tests</stat>
<stat name="News Category Navigation Tests" id="s1-s4" pass="4" fail="0" skip="0">Tests.News Category Navigation Tests</stat>
<stat name="News Search Tests" id="s1-s5" pass="6" fail="1" skip="0">Tests.News Search Tests</stat>
<stat name="Student Marks Tests" id="s1-s6" pass="10" fail="1" skip="0">Tests.Student Marks Tests</stat>
</suite>
</statistics>
<errors>
</errors>
</robot>
